[0.330s] Invoking command in '/media/dubhe/store/learning/ros2_learning_experience/chapter2/chapt2_ws/src/demo_python_pkg': AMENT_PREFIX_PATH=/media/dubhe/store/learning/ros2_learning_experience/chapter2/install/demo_cpp_pkg:${AMENT_PREFIX_PATH} CMAKE_PREFIX_PATH=/media/dubhe/store/learning/ros2_learning_experience/chapter2/install/demo_cpp_pkg PYTHONPATH=/media/dubhe/store/learning/ros2_learning_experience/chapter2/build/demo_python_pkg/prefix_override:/usr/lib/python3/dist-packages/colcon_core/task/python/colcon_distutils_commands:/media/dubhe/store/learning/ros2_learning_experience/chapter2/install/demo_python_pkg/lib/python3.10/site-packages:${PYTHONPATH} /usr/bin/python3 -W ignore:setup.py install is deprecated -W ignore:easy_install command is deprecated setup.py egg_info --egg-base ../../../build/demo_python_pkg build --build-base /media/dubhe/store/learning/ros2_learning_experience/chapter2/build/demo_python_pkg/build install --record /media/dubhe/store/learning/ros2_learning_experience/chapter2/build/demo_python_pkg/install.log --single-version-externally-managed install_data
[0.474s] running egg_info
[0.474s] writing ../../../build/demo_python_pkg/demo_python_pkg.egg-info/PKG-INFO
[0.474s] writing dependency_links to ../../../build/demo_python_pkg/demo_python_pkg.egg-info/dependency_links.txt
[0.474s] writing entry points to ../../../build/demo_python_pkg/demo_python_pkg.egg-info/entry_points.txt
[0.474s] writing requirements to ../../../build/demo_python_pkg/demo_python_pkg.egg-info/requires.txt
[0.474s] writing top-level names to ../../../build/demo_python_pkg/demo_python_pkg.egg-info/top_level.txt
[0.475s] reading manifest file '../../../build/demo_python_pkg/demo_python_pkg.egg-info/SOURCES.txt'
[0.475s] adding license file 'LICENSE'
[0.476s] writing manifest file '../../../build/demo_python_pkg/demo_python_pkg.egg-info/SOURCES.txt'
[0.476s] running build
[0.476s] running build_py
[0.476s] running install
[0.476s] running install_lib
[0.477s] running install_data
[0.477s] copying package.xml -> /media/dubhe/store/learning/ros2_learning_experience/chapter2/install/demo_python_pkg/share/demo_python_pkg
[0.477s] running install_egg_info
[0.478s] removing '/media/dubhe/store/learning/ros2_learning_experience/chapter2/install/demo_python_pkg/lib/python3.10/site-packages/demo_python_pkg-0.0.0-py3.10.egg-info' (and everything under it)
[0.478s] Copying ../../../build/demo_python_pkg/demo_python_pkg.egg-info to /media/dubhe/store/learning/ros2_learning_experience/chapter2/install/demo_python_pkg/lib/python3.10/site-packages/demo_python_pkg-0.0.0-py3.10.egg-info
[0.478s] running install_scripts
[0.491s] Installing python_node script to /media/dubhe/store/learning/ros2_learning_experience/chapter2/install/demo_python_pkg/lib/demo_python_pkg
[0.491s] writing list of installed files to '/media/dubhe/store/learning/ros2_learning_experience/chapter2/build/demo_python_pkg/install.log'
[0.504s] Invoked command in '/media/dubhe/store/learning/ros2_learning_experience/chapter2/chapt2_ws/src/demo_python_pkg' returned '0': AMENT_PREFIX_PATH=/media/dubhe/store/learning/ros2_learning_experience/chapter2/install/demo_cpp_pkg:${AMENT_PREFIX_PATH} CMAKE_PREFIX_PATH=/media/dubhe/store/learning/ros2_learning_experience/chapter2/install/demo_cpp_pkg PYTHONPATH=/media/dubhe/store/learning/ros2_learning_experience/chapter2/build/demo_python_pkg/prefix_override:/usr/lib/python3/dist-packages/colcon_core/task/python/colcon_distutils_commands:/media/dubhe/store/learning/ros2_learning_experience/chapter2/install/demo_python_pkg/lib/python3.10/site-packages:${PYTHONPATH} /usr/bin/python3 -W ignore:setup.py install is deprecated -W ignore:easy_install command is deprecated setup.py egg_info --egg-base ../../../build/demo_python_pkg build --build-base /media/dubhe/store/learning/ros2_learning_experience/chapter2/build/demo_python_pkg/build install --record /media/dubhe/store/learning/ros2_learning_experience/chapter2/build/demo_python_pkg/install.log --single-version-externally-managed install_data
