[0.007s] Invoking command in '/media/dubhe/store/learning/ros2_learning_experience/chapter2/build/demo_cpp_pkg': CMAKE_PREFIX_PATH=/opt/ros/humble /usr/bin/cmake /media/dubhe/store/learning/ros2_learning_experience/chapter2/demo_cpp_pkg -DCMAKE_INSTALL_PREFIX=/media/dubhe/store/learning/ros2_learning_experience/chapter2/install/demo_cpp_pkg
[0.042s] -- The C compiler identification is GNU 11.4.0
[0.078s] -- The CXX compiler identification is GNU 11.4.0
[0.083s] -- Detecting C compiler ABI info
[0.128s] -- Detecting C compiler ABI info - done
[0.132s] -- Check for working C compiler: /usr/bin/cc - skipped
[0.132s] -- Detecting C compile features
[0.133s] -- Detecting C compile features - done
[0.135s] -- Detecting CXX compiler ABI info
[0.183s] -- Detecting CXX compiler ABI info - done
[0.188s] -- Check for working CXX compiler: /usr/bin/c++ - skipped
[0.188s] -- Detecting CXX compile features
[0.188s] -- Detecting CXX compile features - done
[0.190s] -- Found ament_cmake: 1.3.12 (/opt/ros/humble/share/ament_cmake/cmake)
[0.277s] -- Found Python3: /usr/bin/python3 (found version "3.10.12") found components: Interpreter 
[0.327s] -- Found rclcpp: 16.0.15 (/opt/ros/humble/share/rclcpp/cmake)
[0.354s] -- Found rosidl_generator_c: 3.1.7 (/opt/ros/humble/share/rosidl_generator_c/cmake)
[0.357s] -- Found rosidl_adapter: 3.1.7 (/opt/ros/humble/share/rosidl_adapter/cmake)
[0.361s] -- Found rosidl_generator_cpp: 3.1.7 (/opt/ros/humble/share/rosidl_generator_cpp/cmake)
[0.368s] -- Using all available rosidl_typesupport_c: rosidl_typesupport_fastrtps_c;rosidl_typesupport_introspection_c
[0.377s] -- Using all available rosidl_typesupport_cpp: rosidl_typesupport_fastrtps_cpp;rosidl_typesupport_introspection_cpp
[0.400s] -- Found rmw_implementation_cmake: 6.1.2 (/opt/ros/humble/share/rmw_implementation_cmake/cmake)
[0.401s] -- Found rmw_fastrtps_cpp: 6.2.9 (/opt/ros/humble/share/rmw_fastrtps_cpp/cmake)
[0.449s] -- Found OpenSSL: /usr/lib/x86_64-linux-gnu/libcrypto.so (found version "3.0.2")  
[0.466s] -- Found FastRTPS: /opt/ros/humble/include  
[0.490s] -- Using RMW implementation 'rmw_fastrtps_cpp' as default
[0.495s] -- Looking for pthread.h
[0.548s] -- Looking for pthread.h - found
[0.548s] -- Performing Test CMAKE_HAVE_LIBC_PTHREAD
[0.595s] -- Performing Test CMAKE_HAVE_LIBC_PTHREAD - Success
[0.596s] -- Found Threads: TRUE  
[0.629s] -- Found ament_lint_auto: 0.12.14 (/opt/ros/humble/share/ament_lint_auto/cmake)
[0.681s] -- Added test 'cppcheck' to perform static code analysis on C / C++ code
[0.681s] -- Configured cppcheck include dirs: 
[0.681s] -- Configured cppcheck exclude dirs and/or files: 
[0.682s] -- Added test 'lint_cmake' to check CMake code style
[0.682s] -- Added test 'uncrustify' to check C / C++ code style
[0.682s] -- Configured uncrustify additional arguments: 
[0.683s] -- Added test 'xmllint' to check XML markup files
[0.684s] -- Configuring done
[0.689s] -- Generating done
[0.691s] -- Build files have been written to: /media/dubhe/store/learning/ros2_learning_experience/chapter2/build/demo_cpp_pkg
[0.699s] Invoked command in '/media/dubhe/store/learning/ros2_learning_experience/chapter2/build/demo_cpp_pkg' returned '0': CMAKE_PREFIX_PATH=/opt/ros/humble /usr/bin/cmake /media/dubhe/store/learning/ros2_learning_experience/chapter2/demo_cpp_pkg -DCMAKE_INSTALL_PREFIX=/media/dubhe/store/learning/ros2_learning_experience/chapter2/install/demo_cpp_pkg
[0.699s] Invoking command in '/media/dubhe/store/learning/ros2_learning_experience/chapter2/build/demo_cpp_pkg': CMAKE_PREFIX_PATH=/opt/ros/humble /usr/bin/cmake --build /media/dubhe/store/learning/ros2_learning_experience/chapter2/build/demo_cpp_pkg -- -j16 -l16
[0.730s] [ 50%] [32mBuilding CXX object CMakeFiles/cpp_node.dir/src/cpp_node.cpp.o[0m
[2.523s] [100%] [32m[1mLinking CXX executable cpp_node[0m
[2.584s] [100%] Built target cpp_node
[2.591s] Invoked command in '/media/dubhe/store/learning/ros2_learning_experience/chapter2/build/demo_cpp_pkg' returned '0': CMAKE_PREFIX_PATH=/opt/ros/humble /usr/bin/cmake --build /media/dubhe/store/learning/ros2_learning_experience/chapter2/build/demo_cpp_pkg -- -j16 -l16
[2.597s] Invoking command in '/media/dubhe/store/learning/ros2_learning_experience/chapter2/build/demo_cpp_pkg': CMAKE_PREFIX_PATH=/opt/ros/humble /usr/bin/cmake --install /media/dubhe/store/learning/ros2_learning_experience/chapter2/build/demo_cpp_pkg
[2.601s] -- Install configuration: ""
[2.601s] -- Installing: /media/dubhe/store/learning/ros2_learning_experience/chapter2/install/demo_cpp_pkg/lib/$(PROJECT_NAME)/cpp_node
[2.601s] -- Set runtime path of "/media/dubhe/store/learning/ros2_learning_experience/chapter2/install/demo_cpp_pkg/lib/$(PROJECT_NAME)/cpp_node" to ""
[2.601s] -- Installing: /media/dubhe/store/learning/ros2_learning_experience/chapter2/install/demo_cpp_pkg/share/ament_index/resource_index/package_run_dependencies/demo_cpp_pkg
[2.601s] -- Installing: /media/dubhe/store/learning/ros2_learning_experience/chapter2/install/demo_cpp_pkg/share/ament_index/resource_index/parent_prefix_path/demo_cpp_pkg
[2.601s] -- Installing: /media/dubhe/store/learning/ros2_learning_experience/chapter2/install/demo_cpp_pkg/share/demo_cpp_pkg/environment/ament_prefix_path.sh
[2.601s] -- Installing: /media/dubhe/store/learning/ros2_learning_experience/chapter2/install/demo_cpp_pkg/share/demo_cpp_pkg/environment/ament_prefix_path.dsv
[2.601s] -- Installing: /media/dubhe/store/learning/ros2_learning_experience/chapter2/install/demo_cpp_pkg/share/demo_cpp_pkg/environment/path.sh
[2.601s] -- Installing: /media/dubhe/store/learning/ros2_learning_experience/chapter2/install/demo_cpp_pkg/share/demo_cpp_pkg/environment/path.dsv
[2.602s] -- Installing: /media/dubhe/store/learning/ros2_learning_experience/chapter2/install/demo_cpp_pkg/share/demo_cpp_pkg/local_setup.bash
[2.602s] -- Installing: /media/dubhe/store/learning/ros2_learning_experience/chapter2/install/demo_cpp_pkg/share/demo_cpp_pkg/local_setup.sh
[2.602s] -- Installing: /media/dubhe/store/learning/ros2_learning_experience/chapter2/install/demo_cpp_pkg/share/demo_cpp_pkg/local_setup.zsh
[2.602s] -- Installing: /media/dubhe/store/learning/ros2_learning_experience/chapter2/install/demo_cpp_pkg/share/demo_cpp_pkg/local_setup.dsv
[2.602s] -- Installing: /media/dubhe/store/learning/ros2_learning_experience/chapter2/install/demo_cpp_pkg/share/demo_cpp_pkg/package.dsv
[2.602s] -- Installing: /media/dubhe/store/learning/ros2_learning_experience/chapter2/install/demo_cpp_pkg/share/ament_index/resource_index/packages/demo_cpp_pkg
[2.602s] -- Installing: /media/dubhe/store/learning/ros2_learning_experience/chapter2/install/demo_cpp_pkg/share/demo_cpp_pkg/cmake/demo_cpp_pkgConfig.cmake
[2.602s] -- Installing: /media/dubhe/store/learning/ros2_learning_experience/chapter2/install/demo_cpp_pkg/share/demo_cpp_pkg/cmake/demo_cpp_pkgConfig-version.cmake
[2.602s] -- Installing: /media/dubhe/store/learning/ros2_learning_experience/chapter2/install/demo_cpp_pkg/share/demo_cpp_pkg/package.xml
[2.603s] Invoked command in '/media/dubhe/store/learning/ros2_learning_experience/chapter2/build/demo_cpp_pkg' returned '0': CMAKE_PREFIX_PATH=/opt/ros/humble /usr/bin/cmake --install /media/dubhe/store/learning/ros2_learning_experience/chapter2/build/demo_cpp_pkg
