[0.007s] Invoking command in '/media/dubhe/store/learning/ros2_learning_experience/chapter4/chapt4_ws/build/chapt4_interfaces': CMAKE_PREFIX_PATH=${CMAKE_PREFIX_PATH}:/opt/ros/humble /usr/bin/cmake --build /media/dubhe/store/learning/ros2_learning_experience/chapter4/chapt4_ws/build/chapt4_interfaces -- -j16 -l16
[0.021s] -- Found ament_cmake: 1.3.12 (/opt/ros/humble/share/ament_cmake/cmake)
[0.095s] -- Found rosidl_default_generators: 1.2.0 (/opt/ros/humble/share/rosidl_default_generators/cmake)
[0.096s] -- Using all available rosidl_typesupport_c: rosidl_typesupport_fastrtps_c;rosidl_typesupport_introspection_c
[0.098s] -- Found rosidl_adapter: 3.1.7 (/opt/ros/humble/share/rosidl_adapter/cmake)
[0.116s] -- Using all available rosidl_typesupport_cpp: rosidl_typesupport_fastrtps_cpp;rosidl_typesupport_introspection_cpp
[0.130s] -- Found sensor_msgs: 4.9.0 (/opt/ros/humble/share/sensor_msgs/cmake)
[0.349s] -- Found ament_cmake_ros: 0.10.0 (/opt/ros/humble/share/ament_cmake_ros/cmake)
[0.533s] -- Using all available rosidl_typesupport_c: rosidl_typesupport_fastrtps_c;rosidl_typesupport_introspection_c
[0.770s] -- Using all available rosidl_typesupport_cpp: rosidl_typesupport_fastrtps_cpp;rosidl_typesupport_introspection_cpp
[0.784s] -- Found PythonInterp: /usr/bin/python3 (found suitable version "3.10.12", minimum required is "3.6") 
[0.786s] -- Found python_cmake_module: 0.10.0 (/opt/ros/humble/share/python_cmake_module/cmake)
[0.802s] -- Found PythonLibs: /usr/lib/x86_64-linux-gnu/libpython3.10.so (found suitable version "3.10.12", minimum required is "3.5") 
[0.802s] -- Using PYTHON_EXECUTABLE: /usr/bin/python3
[0.802s] -- Using PYTHON_INCLUDE_DIRS: /usr/include/python3.10
[0.802s] -- Using PYTHON_LIBRARIES: /usr/lib/x86_64-linux-gnu/libpython3.10.so
[0.816s] -- Found PythonExtra: .so  
[0.859s] -- Found ament_lint_auto: 0.12.14 (/opt/ros/humble/share/ament_lint_auto/cmake)
[0.866s] -- Added test 'lint_cmake' to check CMake code style
[0.866s] -- Added test 'xmllint' to check XML markup files
[0.868s] -- Configuring done
[0.888s] -- Generating done
[0.895s] -- Build files have been written to: /media/dubhe/store/learning/ros2_learning_experience/chapter4/chapt4_ws/build/chapt4_interfaces
[0.911s] [  3%] [34m[1mGenerating C code for ROS interfaces[0m
[0.917s] [  6%] [34m[1mGenerating C++ code for ROS interfaces[0m
[0.922s] [  6%] Built target ament_cmake_python_copy_chapt4_interfaces
[1.062s] running egg_info
[1.063s] creating chapt4_interfaces.egg-info
[1.063s] writing chapt4_interfaces.egg-info/PKG-INFO
[1.063s] writing dependency_links to chapt4_interfaces.egg-info/dependency_links.txt
[1.063s] writing top-level names to chapt4_interfaces.egg-info/top_level.txt
[1.063s] writing manifest file 'chapt4_interfaces.egg-info/SOURCES.txt'
[1.065s] reading manifest file 'chapt4_interfaces.egg-info/SOURCES.txt'
[1.065s] writing manifest file 'chapt4_interfaces.egg-info/SOURCES.txt'
[1.082s] [  6%] Built target ament_cmake_python_build_chapt4_interfaces_egg
[1.098s] [  6%] Built target chapt4_interfaces__cpp
[1.102s] [  9%] [32mBuilding C object CMakeFiles/chapt4_interfaces__rosidl_generator_c.dir/rosidl_generator_c/chapt4_interfaces/srv/detail/face_detector__functions.c.o[0m
[1.104s] [ 12%] [34m[1mGenerating C++ type support dispatch for ROS interfaces[0m
[1.104s] [ 16%] [34m[1mGenerating C++ type support for eProsima Fast-RTPS[0m
[1.105s] [ 19%] [34m[1mGenerating C++ introspection for ROS interfaces[0m
[1.153s] [ 22%] [32m[1mLinking C shared library libchapt4_interfaces__rosidl_generator_c.so[0m
[1.179s] [ 22%] Built target chapt4_interfaces__rosidl_generator_c
[1.185s] [ 25%] [34m[1mGenerating C type support for eProsima Fast-RTPS[0m
[1.185s] [ 29%] [34m[1mGenerating C type support dispatch for ROS interfaces[0m
[1.185s] [ 32%] [34m[1mGenerating C introspection for ROS interfaces[0m
[1.261s] [ 35%] [32mBuilding CXX object CMakeFiles/chapt4_interfaces__rosidl_typesupport_cpp.dir/rosidl_typesupport_cpp/chapt4_interfaces/srv/face_detector__type_support.cpp.o[0m
[1.284s] [ 38%] [32mBuilding CXX object CMakeFiles/chapt4_interfaces__rosidl_typesupport_introspection_cpp.dir/rosidl_typesupport_introspection_cpp/chapt4_interfaces/srv/detail/face_detector__type_support.cpp.o[0m
[1.287s] [ 41%] [32mBuilding CXX object CMakeFiles/chapt4_interfaces__rosidl_typesupport_fastrtps_cpp.dir/rosidl_typesupport_fastrtps_cpp/chapt4_interfaces/srv/detail/dds_fastrtps/face_detector__type_support.cpp.o[0m
[1.344s] [ 45%] [32mBuilding CXX object CMakeFiles/chapt4_interfaces__rosidl_typesupport_c.dir/rosidl_typesupport_c/chapt4_interfaces/srv/face_detector__type_support.cpp.o[0m
[1.363s] [ 48%] [32mBuilding C object CMakeFiles/chapt4_interfaces__rosidl_typesupport_introspection_c.dir/rosidl_typesupport_introspection_c/chapt4_interfaces/srv/detail/face_detector__type_support.c.o[0m
[1.366s] [ 54%] [32mBuilding CXX object CMakeFiles/chapt4_interfaces__rosidl_typesupport_fastrtps_c.dir/rosidl_typesupport_fastrtps_c/chapt4_interfaces/srv/detail/face_detector__type_support_c.cpp.o[0m
[1.366s] [ 54%] [32m[1mLinking CXX shared library libchapt4_interfaces__rosidl_typesupport_c.so[0m
[1.393s] [ 54%] Built target chapt4_interfaces__rosidl_typesupport_c
[1.393s] [ 58%] [32m[1mLinking C shared library libchapt4_interfaces__rosidl_typesupport_introspection_c.so[0m
[1.415s] [ 58%] Built target chapt4_interfaces__rosidl_typesupport_introspection_c
[1.448s] [ 61%] [32m[1mLinking CXX shared library libchapt4_interfaces__rosidl_typesupport_cpp.so[0m
[1.475s] [ 61%] Built target chapt4_interfaces__rosidl_typesupport_cpp
[1.561s] [ 64%] [32m[1mLinking CXX shared library libchapt4_interfaces__rosidl_typesupport_introspection_cpp.so[0m
[1.583s] [ 67%] [32m[1mLinking CXX shared library libchapt4_interfaces__rosidl_typesupport_fastrtps_c.so[0m
[1.583s] [ 70%] [32m[1mLinking CXX shared library libchapt4_interfaces__rosidl_typesupport_fastrtps_cpp.so[0m
[1.610s] [ 70%] Built target chapt4_interfaces__rosidl_typesupport_introspection_cpp
[1.634s] [ 70%] Built target chapt4_interfaces__rosidl_typesupport_fastrtps_c
[1.634s] [ 70%] Built target chapt4_interfaces__rosidl_typesupport_fastrtps_cpp
[1.645s] [ 70%] Built target chapt4_interfaces
[1.656s] [ 74%] [34m[1mGenerating Python code for ROS interfaces[0m
[1.902s] [ 74%] Built target chapt4_interfaces__py
[1.913s] [ 77%] [32mBuilding C object CMakeFiles/chapt4_interfaces__rosidl_generator_py.dir/rosidl_generator_py/chapt4_interfaces/srv/_face_detector_s.c.o[0m
[2.011s] [ 80%] [32m[1mLinking C shared library rosidl_generator_py/chapt4_interfaces/libchapt4_interfaces__rosidl_generator_py.so[0m
[2.039s] [ 80%] Built target chapt4_interfaces__rosidl_generator_py
[2.050s] [ 83%] [32mBuilding C object CMakeFiles/chapt4_interfaces__rosidl_typesupport_fastrtps_c__pyext.dir/rosidl_generator_py/chapt4_interfaces/_chapt4_interfaces_s.ep.rosidl_typesupport_fastrtps_c.c.o[0m
[2.050s] [ 87%] [32mBuilding C object CMakeFiles/chapt4_interfaces__rosidl_typesupport_c__pyext.dir/rosidl_generator_py/chapt4_interfaces/_chapt4_interfaces_s.ep.rosidl_typesupport_c.c.o[0m
[2.050s] [ 90%] [32mBuilding C object CMakeFiles/chapt4_interfaces__rosidl_typesupport_introspection_c__pyext.dir/rosidl_generator_py/chapt4_interfaces/_chapt4_interfaces_s.ep.rosidl_typesupport_introspection_c.c.o[0m
[2.113s] [100%] [32m[1mLinking C shared library rosidl_generator_py/chapt4_interfaces/chapt4_interfaces_s__rosidl_typesupport_fastrtps_c.cpython-310-x86_64-linux-gnu.so[0m
[2.113s] [100%] [32m[1mLinking C shared library rosidl_generator_py/chapt4_interfaces/chapt4_interfaces_s__rosidl_typesupport_introspection_c.cpython-310-x86_64-linux-gnu.so[0m
[2.113s] [100%] [32m[1mLinking C shared library rosidl_generator_py/chapt4_interfaces/chapt4_interfaces_s__rosidl_typesupport_c.cpython-310-x86_64-linux-gnu.so[0m
[2.139s] [100%] Built target chapt4_interfaces__rosidl_typesupport_introspection_c__pyext
[2.139s] [100%] Built target chapt4_interfaces__rosidl_typesupport_fastrtps_c__pyext
[2.139s] [100%] Built target chapt4_interfaces__rosidl_typesupport_c__pyext
[2.146s] Invoked command in '/media/dubhe/store/learning/ros2_learning_experience/chapter4/chapt4_ws/build/chapt4_interfaces' returned '0': CMAKE_PREFIX_PATH=${CMAKE_PREFIX_PATH}:/opt/ros/humble /usr/bin/cmake --build /media/dubhe/store/learning/ros2_learning_experience/chapter4/chapt4_ws/build/chapt4_interfaces -- -j16 -l16
[2.152s] Invoking command in '/media/dubhe/store/learning/ros2_learning_experience/chapter4/chapt4_ws/build/chapt4_interfaces': CMAKE_PREFIX_PATH=${CMAKE_PREFIX_PATH}:/opt/ros/humble /usr/bin/cmake --install /media/dubhe/store/learning/ros2_learning_experience/chapter4/chapt4_ws/build/chapt4_interfaces
[2.156s] -- Install configuration: ""
[2.156s] -- Installing: /media/dubhe/store/learning/ros2_learning_experience/chapter4/chapt4_ws/install/chapt4_interfaces/share/ament_index/resource_index/rosidl_interfaces/chapt4_interfaces
[2.156s] -- Installing: /media/dubhe/store/learning/ros2_learning_experience/chapter4/chapt4_ws/install/chapt4_interfaces/include/chapt4_interfaces/chapt4_interfaces
[2.156s] -- Installing: /media/dubhe/store/learning/ros2_learning_experience/chapter4/chapt4_ws/install/chapt4_interfaces/include/chapt4_interfaces/chapt4_interfaces/msg
[2.156s] -- Installing: /media/dubhe/store/learning/ros2_learning_experience/chapter4/chapt4_ws/install/chapt4_interfaces/include/chapt4_interfaces/chapt4_interfaces/msg/rosidl_generator_c__visibility_control.h
[2.156s] -- Installing: /media/dubhe/store/learning/ros2_learning_experience/chapter4/chapt4_ws/install/chapt4_interfaces/include/chapt4_interfaces/chapt4_interfaces/srv
[2.156s] -- Installing: /media/dubhe/store/learning/ros2_learning_experience/chapter4/chapt4_ws/install/chapt4_interfaces/include/chapt4_interfaces/chapt4_interfaces/srv/detail
[2.156s] -- Installing: /media/dubhe/store/learning/ros2_learning_experience/chapter4/chapt4_ws/install/chapt4_interfaces/include/chapt4_interfaces/chapt4_interfaces/srv/detail/face_detector__functions.h
[2.157s] -- Installing: /media/dubhe/store/learning/ros2_learning_experience/chapter4/chapt4_ws/install/chapt4_interfaces/include/chapt4_interfaces/chapt4_interfaces/srv/detail/face_detector__struct.h
[2.157s] -- Installing: /media/dubhe/store/learning/ros2_learning_experience/chapter4/chapt4_ws/install/chapt4_interfaces/include/chapt4_interfaces/chapt4_interfaces/srv/detail/face_detector__functions.c
[2.157s] -- Installing: /media/dubhe/store/learning/ros2_learning_experience/chapter4/chapt4_ws/install/chapt4_interfaces/include/chapt4_interfaces/chapt4_interfaces/srv/detail/face_detector__type_support.h
[2.157s] -- Installing: /media/dubhe/store/learning/ros2_learning_experience/chapter4/chapt4_ws/install/chapt4_interfaces/include/chapt4_interfaces/chapt4_interfaces/srv/face_detector.h
[2.157s] -- Installing: /media/dubhe/store/learning/ros2_learning_experience/chapter4/chapt4_ws/install/chapt4_interfaces/share/chapt4_interfaces/environment/library_path.sh
[2.157s] -- Installing: /media/dubhe/store/learning/ros2_learning_experience/chapter4/chapt4_ws/install/chapt4_interfaces/share/chapt4_interfaces/environment/library_path.dsv
[2.157s] -- Installing: /media/dubhe/store/learning/ros2_learning_experience/chapter4/chapt4_ws/install/chapt4_interfaces/lib/libchapt4_interfaces__rosidl_generator_c.so
[2.157s] -- Set runtime path of "/media/dubhe/store/learning/ros2_learning_experience/chapter4/chapt4_ws/install/chapt4_interfaces/lib/libchapt4_interfaces__rosidl_generator_c.so" to ""
[2.157s] -- Up-to-date: /media/dubhe/store/learning/ros2_learning_experience/chapter4/chapt4_ws/install/chapt4_interfaces/include/chapt4_interfaces/chapt4_interfaces
[2.157s] -- Up-to-date: /media/dubhe/store/learning/ros2_learning_experience/chapter4/chapt4_ws/install/chapt4_interfaces/include/chapt4_interfaces/chapt4_interfaces/msg
[2.157s] -- Installing: /media/dubhe/store/learning/ros2_learning_experience/chapter4/chapt4_ws/install/chapt4_interfaces/include/chapt4_interfaces/chapt4_interfaces/msg/rosidl_typesupport_fastrtps_c__visibility_control.h
[2.157s] -- Up-to-date: /media/dubhe/store/learning/ros2_learning_experience/chapter4/chapt4_ws/install/chapt4_interfaces/include/chapt4_interfaces/chapt4_interfaces/srv
[2.157s] -- Up-to-date: /media/dubhe/store/learning/ros2_learning_experience/chapter4/chapt4_ws/install/chapt4_interfaces/include/chapt4_interfaces/chapt4_interfaces/srv/detail
[2.157s] -- Installing: /media/dubhe/store/learning/ros2_learning_experience/chapter4/chapt4_ws/install/chapt4_interfaces/include/chapt4_interfaces/chapt4_interfaces/srv/detail/face_detector__rosidl_typesupport_fastrtps_c.h
[2.157s] -- Installing: /media/dubhe/store/learning/ros2_learning_experience/chapter4/chapt4_ws/install/chapt4_interfaces/lib/libchapt4_interfaces__rosidl_typesupport_fastrtps_c.so
[2.157s] -- Set runtime path of "/media/dubhe/store/learning/ros2_learning_experience/chapter4/chapt4_ws/install/chapt4_interfaces/lib/libchapt4_interfaces__rosidl_typesupport_fastrtps_c.so" to ""
[2.158s] -- Up-to-date: /media/dubhe/store/learning/ros2_learning_experience/chapter4/chapt4_ws/install/chapt4_interfaces/include/chapt4_interfaces/chapt4_interfaces
[2.158s] -- Up-to-date: /media/dubhe/store/learning/ros2_learning_experience/chapter4/chapt4_ws/install/chapt4_interfaces/include/chapt4_interfaces/chapt4_interfaces/msg
[2.158s] -- Installing: /media/dubhe/store/learning/ros2_learning_experience/chapter4/chapt4_ws/install/chapt4_interfaces/include/chapt4_interfaces/chapt4_interfaces/msg/rosidl_typesupport_introspection_c__visibility_control.h
[2.158s] -- Up-to-date: /media/dubhe/store/learning/ros2_learning_experience/chapter4/chapt4_ws/install/chapt4_interfaces/include/chapt4_interfaces/chapt4_interfaces/srv
[2.158s] -- Up-to-date: /media/dubhe/store/learning/ros2_learning_experience/chapter4/chapt4_ws/install/chapt4_interfaces/include/chapt4_interfaces/chapt4_interfaces/srv/detail
[2.158s] -- Installing: /media/dubhe/store/learning/ros2_learning_experience/chapter4/chapt4_ws/install/chapt4_interfaces/include/chapt4_interfaces/chapt4_interfaces/srv/detail/face_detector__rosidl_typesupport_introspection_c.h
[2.158s] -- Installing: /media/dubhe/store/learning/ros2_learning_experience/chapter4/chapt4_ws/install/chapt4_interfaces/include/chapt4_interfaces/chapt4_interfaces/srv/detail/face_detector__type_support.c
[2.158s] -- Installing: /media/dubhe/store/learning/ros2_learning_experience/chapter4/chapt4_ws/install/chapt4_interfaces/lib/libchapt4_interfaces__rosidl_typesupport_introspection_c.so
[2.158s] -- Set runtime path of "/media/dubhe/store/learning/ros2_learning_experience/chapter4/chapt4_ws/install/chapt4_interfaces/lib/libchapt4_interfaces__rosidl_typesupport_introspection_c.so" to ""
[2.158s] -- Installing: /media/dubhe/store/learning/ros2_learning_experience/chapter4/chapt4_ws/install/chapt4_interfaces/lib/libchapt4_interfaces__rosidl_typesupport_c.so
[2.158s] -- Set runtime path of "/media/dubhe/store/learning/ros2_learning_experience/chapter4/chapt4_ws/install/chapt4_interfaces/lib/libchapt4_interfaces__rosidl_typesupport_c.so" to ""
[2.158s] -- Up-to-date: /media/dubhe/store/learning/ros2_learning_experience/chapter4/chapt4_ws/install/chapt4_interfaces/include/chapt4_interfaces/chapt4_interfaces
[2.158s] -- Up-to-date: /media/dubhe/store/learning/ros2_learning_experience/chapter4/chapt4_ws/install/chapt4_interfaces/include/chapt4_interfaces/chapt4_interfaces/msg
[2.158s] -- Installing: /media/dubhe/store/learning/ros2_learning_experience/chapter4/chapt4_ws/install/chapt4_interfaces/include/chapt4_interfaces/chapt4_interfaces/msg/rosidl_generator_cpp__visibility_control.hpp
[2.158s] -- Up-to-date: /media/dubhe/store/learning/ros2_learning_experience/chapter4/chapt4_ws/install/chapt4_interfaces/include/chapt4_interfaces/chapt4_interfaces/srv
[2.158s] -- Up-to-date: /media/dubhe/store/learning/ros2_learning_experience/chapter4/chapt4_ws/install/chapt4_interfaces/include/chapt4_interfaces/chapt4_interfaces/srv/detail
[2.158s] -- Installing: /media/dubhe/store/learning/ros2_learning_experience/chapter4/chapt4_ws/install/chapt4_interfaces/include/chapt4_interfaces/chapt4_interfaces/srv/detail/face_detector__builder.hpp
[2.158s] -- Installing: /media/dubhe/store/learning/ros2_learning_experience/chapter4/chapt4_ws/install/chapt4_interfaces/include/chapt4_interfaces/chapt4_interfaces/srv/detail/face_detector__struct.hpp
[2.158s] -- Installing: /media/dubhe/store/learning/ros2_learning_experience/chapter4/chapt4_ws/install/chapt4_interfaces/include/chapt4_interfaces/chapt4_interfaces/srv/detail/face_detector__traits.hpp
[2.158s] -- Installing: /media/dubhe/store/learning/ros2_learning_experience/chapter4/chapt4_ws/install/chapt4_interfaces/include/chapt4_interfaces/chapt4_interfaces/srv/detail/face_detector__type_support.hpp
[2.158s] -- Installing: /media/dubhe/store/learning/ros2_learning_experience/chapter4/chapt4_ws/install/chapt4_interfaces/include/chapt4_interfaces/chapt4_interfaces/srv/face_detector.hpp
[2.159s] -- Up-to-date: /media/dubhe/store/learning/ros2_learning_experience/chapter4/chapt4_ws/install/chapt4_interfaces/include/chapt4_interfaces/chapt4_interfaces
[2.159s] -- Up-to-date: /media/dubhe/store/learning/ros2_learning_experience/chapter4/chapt4_ws/install/chapt4_interfaces/include/chapt4_interfaces/chapt4_interfaces/msg
[2.159s] -- Installing: /media/dubhe/store/learning/ros2_learning_experience/chapter4/chapt4_ws/install/chapt4_interfaces/include/chapt4_interfaces/chapt4_interfaces/msg/rosidl_typesupport_fastrtps_cpp__visibility_control.h
[2.159s] -- Up-to-date: /media/dubhe/store/learning/ros2_learning_experience/chapter4/chapt4_ws/install/chapt4_interfaces/include/chapt4_interfaces/chapt4_interfaces/srv
[2.159s] -- Up-to-date: /media/dubhe/store/learning/ros2_learning_experience/chapter4/chapt4_ws/install/chapt4_interfaces/include/chapt4_interfaces/chapt4_interfaces/srv/detail
[2.159s] -- Installing: /media/dubhe/store/learning/ros2_learning_experience/chapter4/chapt4_ws/install/chapt4_interfaces/include/chapt4_interfaces/chapt4_interfaces/srv/detail/face_detector__rosidl_typesupport_fastrtps_cpp.hpp
[2.159s] -- Installing: /media/dubhe/store/learning/ros2_learning_experience/chapter4/chapt4_ws/install/chapt4_interfaces/include/chapt4_interfaces/chapt4_interfaces/srv/detail/dds_fastrtps
[2.159s] -- Installing: /media/dubhe/store/learning/ros2_learning_experience/chapter4/chapt4_ws/install/chapt4_interfaces/lib/libchapt4_interfaces__rosidl_typesupport_fastrtps_cpp.so
[2.159s] -- Set runtime path of "/media/dubhe/store/learning/ros2_learning_experience/chapter4/chapt4_ws/install/chapt4_interfaces/lib/libchapt4_interfaces__rosidl_typesupport_fastrtps_cpp.so" to ""
[2.159s] -- Up-to-date: /media/dubhe/store/learning/ros2_learning_experience/chapter4/chapt4_ws/install/chapt4_interfaces/include/chapt4_interfaces/chapt4_interfaces
[2.159s] -- Up-to-date: /media/dubhe/store/learning/ros2_learning_experience/chapter4/chapt4_ws/install/chapt4_interfaces/include/chapt4_interfaces/chapt4_interfaces/srv
[2.159s] -- Up-to-date: /media/dubhe/store/learning/ros2_learning_experience/chapter4/chapt4_ws/install/chapt4_interfaces/include/chapt4_interfaces/chapt4_interfaces/srv/detail
[2.159s] -- Installing: /media/dubhe/store/learning/ros2_learning_experience/chapter4/chapt4_ws/install/chapt4_interfaces/include/chapt4_interfaces/chapt4_interfaces/srv/detail/face_detector__rosidl_typesupport_introspection_cpp.hpp
[2.159s] -- Installing: /media/dubhe/store/learning/ros2_learning_experience/chapter4/chapt4_ws/install/chapt4_interfaces/include/chapt4_interfaces/chapt4_interfaces/srv/detail/face_detector__type_support.cpp
[2.159s] -- Installing: /media/dubhe/store/learning/ros2_learning_experience/chapter4/chapt4_ws/install/chapt4_interfaces/lib/libchapt4_interfaces__rosidl_typesupport_introspection_cpp.so
[2.159s] -- Set runtime path of "/media/dubhe/store/learning/ros2_learning_experience/chapter4/chapt4_ws/install/chapt4_interfaces/lib/libchapt4_interfaces__rosidl_typesupport_introspection_cpp.so" to ""
[2.159s] -- Installing: /media/dubhe/store/learning/ros2_learning_experience/chapter4/chapt4_ws/install/chapt4_interfaces/lib/libchapt4_interfaces__rosidl_typesupport_cpp.so
[2.160s] -- Set runtime path of "/media/dubhe/store/learning/ros2_learning_experience/chapter4/chapt4_ws/install/chapt4_interfaces/lib/libchapt4_interfaces__rosidl_typesupport_cpp.so" to ""
[2.160s] -- Installing: /media/dubhe/store/learning/ros2_learning_experience/chapter4/chapt4_ws/install/chapt4_interfaces/share/chapt4_interfaces/environment/pythonpath.sh
[2.160s] -- Installing: /media/dubhe/store/learning/ros2_learning_experience/chapter4/chapt4_ws/install/chapt4_interfaces/share/chapt4_interfaces/environment/pythonpath.dsv
[2.160s] -- Installing: /media/dubhe/store/learning/ros2_learning_experience/chapter4/chapt4_ws/install/chapt4_interfaces/local/lib/python3.10/dist-packages/chapt4_interfaces-0.0.0-py3.10.egg-info
[2.160s] -- Installing: /media/dubhe/store/learning/ros2_learning_experience/chapter4/chapt4_ws/install/chapt4_interfaces/local/lib/python3.10/dist-packages/chapt4_interfaces-0.0.0-py3.10.egg-info/dependency_links.txt
[2.160s] -- Installing: /media/dubhe/store/learning/ros2_learning_experience/chapter4/chapt4_ws/install/chapt4_interfaces/local/lib/python3.10/dist-packages/chapt4_interfaces-0.0.0-py3.10.egg-info/top_level.txt
[2.160s] -- Installing: /media/dubhe/store/learning/ros2_learning_experience/chapter4/chapt4_ws/install/chapt4_interfaces/local/lib/python3.10/dist-packages/chapt4_interfaces-0.0.0-py3.10.egg-info/SOURCES.txt
[2.160s] -- Installing: /media/dubhe/store/learning/ros2_learning_experience/chapter4/chapt4_ws/install/chapt4_interfaces/local/lib/python3.10/dist-packages/chapt4_interfaces-0.0.0-py3.10.egg-info/PKG-INFO
[2.160s] -- Installing: /media/dubhe/store/learning/ros2_learning_experience/chapter4/chapt4_ws/install/chapt4_interfaces/local/lib/python3.10/dist-packages/chapt4_interfaces
[2.160s] -- Installing: /media/dubhe/store/learning/ros2_learning_experience/chapter4/chapt4_ws/install/chapt4_interfaces/local/lib/python3.10/dist-packages/chapt4_interfaces/chapt4_interfaces_s__rosidl_typesupport_introspection_c.cpython-310-x86_64-linux-gnu.so
[2.160s] -- Installing: /media/dubhe/store/learning/ros2_learning_experience/chapter4/chapt4_ws/install/chapt4_interfaces/local/lib/python3.10/dist-packages/chapt4_interfaces/_chapt4_interfaces_s.ep.rosidl_typesupport_fastrtps_c.c
[2.160s] -- Installing: /media/dubhe/store/learning/ros2_learning_experience/chapter4/chapt4_ws/install/chapt4_interfaces/local/lib/python3.10/dist-packages/chapt4_interfaces/_chapt4_interfaces_s.ep.rosidl_typesupport_c.c
[2.160s] -- Installing: /media/dubhe/store/learning/ros2_learning_experience/chapter4/chapt4_ws/install/chapt4_interfaces/local/lib/python3.10/dist-packages/chapt4_interfaces/chapt4_interfaces_s__rosidl_typesupport_fastrtps_c.cpython-310-x86_64-linux-gnu.so
[2.160s] -- Installing: /media/dubhe/store/learning/ros2_learning_experience/chapter4/chapt4_ws/install/chapt4_interfaces/local/lib/python3.10/dist-packages/chapt4_interfaces/__init__.py
[2.160s] -- Installing: /media/dubhe/store/learning/ros2_learning_experience/chapter4/chapt4_ws/install/chapt4_interfaces/local/lib/python3.10/dist-packages/chapt4_interfaces/_chapt4_interfaces_s.ep.rosidl_typesupport_introspection_c.c
[2.160s] -- Installing: /media/dubhe/store/learning/ros2_learning_experience/chapter4/chapt4_ws/install/chapt4_interfaces/local/lib/python3.10/dist-packages/chapt4_interfaces/srv
[2.160s] -- Installing: /media/dubhe/store/learning/ros2_learning_experience/chapter4/chapt4_ws/install/chapt4_interfaces/local/lib/python3.10/dist-packages/chapt4_interfaces/srv/_face_detector_s.c
[2.160s] -- Installing: /media/dubhe/store/learning/ros2_learning_experience/chapter4/chapt4_ws/install/chapt4_interfaces/local/lib/python3.10/dist-packages/chapt4_interfaces/srv/__init__.py
[2.160s] -- Installing: /media/dubhe/store/learning/ros2_learning_experience/chapter4/chapt4_ws/install/chapt4_interfaces/local/lib/python3.10/dist-packages/chapt4_interfaces/srv/_face_detector.py
[2.161s] -- Installing: /media/dubhe/store/learning/ros2_learning_experience/chapter4/chapt4_ws/install/chapt4_interfaces/local/lib/python3.10/dist-packages/chapt4_interfaces/libchapt4_interfaces__rosidl_generator_py.so
[2.161s] -- Installing: /media/dubhe/store/learning/ros2_learning_experience/chapter4/chapt4_ws/install/chapt4_interfaces/local/lib/python3.10/dist-packages/chapt4_interfaces/chapt4_interfaces_s__rosidl_typesupport_c.cpython-310-x86_64-linux-gnu.so
[2.183s] Listing '/media/dubhe/store/learning/ros2_learning_experience/chapter4/chapt4_ws/install/chapt4_interfaces/local/lib/python3.10/dist-packages/chapt4_interfaces'...
[2.183s] Compiling '/media/dubhe/store/learning/ros2_learning_experience/chapter4/chapt4_ws/install/chapt4_interfaces/local/lib/python3.10/dist-packages/chapt4_interfaces/__init__.py'...
[2.183s] Listing '/media/dubhe/store/learning/ros2_learning_experience/chapter4/chapt4_ws/install/chapt4_interfaces/local/lib/python3.10/dist-packages/chapt4_interfaces/srv'...
[2.183s] Compiling '/media/dubhe/store/learning/ros2_learning_experience/chapter4/chapt4_ws/install/chapt4_interfaces/local/lib/python3.10/dist-packages/chapt4_interfaces/srv/__init__.py'...
[2.183s] Compiling '/media/dubhe/store/learning/ros2_learning_experience/chapter4/chapt4_ws/install/chapt4_interfaces/local/lib/python3.10/dist-packages/chapt4_interfaces/srv/_face_detector.py'...
[2.186s] -- Installing: /media/dubhe/store/learning/ros2_learning_experience/chapter4/chapt4_ws/install/chapt4_interfaces/local/lib/python3.10/dist-packages/chapt4_interfaces/chapt4_interfaces_s__rosidl_typesupport_fastrtps_c.cpython-310-x86_64-linux-gnu.so
[2.186s] -- Set runtime path of "/media/dubhe/store/learning/ros2_learning_experience/chapter4/chapt4_ws/install/chapt4_interfaces/local/lib/python3.10/dist-packages/chapt4_interfaces/chapt4_interfaces_s__rosidl_typesupport_fastrtps_c.cpython-310-x86_64-linux-gnu.so" to ""
[2.186s] -- Installing: /media/dubhe/store/learning/ros2_learning_experience/chapter4/chapt4_ws/install/chapt4_interfaces/local/lib/python3.10/dist-packages/chapt4_interfaces/chapt4_interfaces_s__rosidl_typesupport_introspection_c.cpython-310-x86_64-linux-gnu.so
[2.186s] -- Set runtime path of "/media/dubhe/store/learning/ros2_learning_experience/chapter4/chapt4_ws/install/chapt4_interfaces/local/lib/python3.10/dist-packages/chapt4_interfaces/chapt4_interfaces_s__rosidl_typesupport_introspection_c.cpython-310-x86_64-linux-gnu.so" to ""
[2.186s] -- Installing: /media/dubhe/store/learning/ros2_learning_experience/chapter4/chapt4_ws/install/chapt4_interfaces/local/lib/python3.10/dist-packages/chapt4_interfaces/chapt4_interfaces_s__rosidl_typesupport_c.cpython-310-x86_64-linux-gnu.so
[2.186s] -- Set runtime path of "/media/dubhe/store/learning/ros2_learning_experience/chapter4/chapt4_ws/install/chapt4_interfaces/local/lib/python3.10/dist-packages/chapt4_interfaces/chapt4_interfaces_s__rosidl_typesupport_c.cpython-310-x86_64-linux-gnu.so" to ""
[2.186s] -- Installing: /media/dubhe/store/learning/ros2_learning_experience/chapter4/chapt4_ws/install/chapt4_interfaces/lib/libchapt4_interfaces__rosidl_generator_py.so
[2.187s] -- Set runtime path of "/media/dubhe/store/learning/ros2_learning_experience/chapter4/chapt4_ws/install/chapt4_interfaces/lib/libchapt4_interfaces__rosidl_generator_py.so" to ""
[2.187s] -- Installing: /media/dubhe/store/learning/ros2_learning_experience/chapter4/chapt4_ws/install/chapt4_interfaces/share/chapt4_interfaces/srv/FaceDetector.idl
[2.187s] -- Installing: /media/dubhe/store/learning/ros2_learning_experience/chapter4/chapt4_ws/install/chapt4_interfaces/share/chapt4_interfaces/srv/FaceDetector.srv
[2.187s] -- Installing: /media/dubhe/store/learning/ros2_learning_experience/chapter4/chapt4_ws/install/chapt4_interfaces/share/chapt4_interfaces/srv/FaceDetector_Request.msg
[2.187s] -- Installing: /media/dubhe/store/learning/ros2_learning_experience/chapter4/chapt4_ws/install/chapt4_interfaces/share/chapt4_interfaces/srv/FaceDetector_Response.msg
[2.187s] -- Up-to-date: /media/dubhe/store/learning/ros2_learning_experience/chapter4/chapt4_ws/install/chapt4_interfaces/share/ament_index/resource_index/package_run_dependencies/chapt4_interfaces
[2.187s] -- Up-to-date: /media/dubhe/store/learning/ros2_learning_experience/chapter4/chapt4_ws/install/chapt4_interfaces/share/ament_index/resource_index/parent_prefix_path/chapt4_interfaces
[2.187s] -- Up-to-date: /media/dubhe/store/learning/ros2_learning_experience/chapter4/chapt4_ws/install/chapt4_interfaces/share/chapt4_interfaces/environment/ament_prefix_path.sh
[2.187s] -- Installing: /media/dubhe/store/learning/ros2_learning_experience/chapter4/chapt4_ws/install/chapt4_interfaces/share/chapt4_interfaces/environment/ament_prefix_path.dsv
[2.187s] -- Up-to-date: /media/dubhe/store/learning/ros2_learning_experience/chapter4/chapt4_ws/install/chapt4_interfaces/share/chapt4_interfaces/environment/path.sh
[2.187s] -- Installing: /media/dubhe/store/learning/ros2_learning_experience/chapter4/chapt4_ws/install/chapt4_interfaces/share/chapt4_interfaces/environment/path.dsv
[2.187s] -- Up-to-date: /media/dubhe/store/learning/ros2_learning_experience/chapter4/chapt4_ws/install/chapt4_interfaces/share/chapt4_interfaces/local_setup.bash
[2.187s] -- Installing: /media/dubhe/store/learning/ros2_learning_experience/chapter4/chapt4_ws/install/chapt4_interfaces/share/chapt4_interfaces/local_setup.sh
[2.187s] -- Up-to-date: /media/dubhe/store/learning/ros2_learning_experience/chapter4/chapt4_ws/install/chapt4_interfaces/share/chapt4_interfaces/local_setup.zsh
[2.187s] -- Installing: /media/dubhe/store/learning/ros2_learning_experience/chapter4/chapt4_ws/install/chapt4_interfaces/share/chapt4_interfaces/local_setup.dsv
[2.187s] -- Installing: /media/dubhe/store/learning/ros2_learning_experience/chapter4/chapt4_ws/install/chapt4_interfaces/share/chapt4_interfaces/package.dsv
[2.187s] -- Up-to-date: /media/dubhe/store/learning/ros2_learning_experience/chapter4/chapt4_ws/install/chapt4_interfaces/share/ament_index/resource_index/packages/chapt4_interfaces
[2.187s] -- Installing: /media/dubhe/store/learning/ros2_learning_experience/chapter4/chapt4_ws/install/chapt4_interfaces/share/chapt4_interfaces/cmake/export_chapt4_interfaces__rosidl_generator_cExport.cmake
[2.188s] -- Installing: /media/dubhe/store/learning/ros2_learning_experience/chapter4/chapt4_ws/install/chapt4_interfaces/share/chapt4_interfaces/cmake/export_chapt4_interfaces__rosidl_generator_cExport-noconfig.cmake
[2.188s] -- Installing: /media/dubhe/store/learning/ros2_learning_experience/chapter4/chapt4_ws/install/chapt4_interfaces/share/chapt4_interfaces/cmake/export_chapt4_interfaces__rosidl_typesupport_fastrtps_cExport.cmake
[2.188s] -- Installing: /media/dubhe/store/learning/ros2_learning_experience/chapter4/chapt4_ws/install/chapt4_interfaces/share/chapt4_interfaces/cmake/export_chapt4_interfaces__rosidl_typesupport_fastrtps_cExport-noconfig.cmake
[2.188s] -- Installing: /media/dubhe/store/learning/ros2_learning_experience/chapter4/chapt4_ws/install/chapt4_interfaces/share/chapt4_interfaces/cmake/chapt4_interfaces__rosidl_typesupport_introspection_cExport.cmake
[2.188s] -- Installing: /media/dubhe/store/learning/ros2_learning_experience/chapter4/chapt4_ws/install/chapt4_interfaces/share/chapt4_interfaces/cmake/chapt4_interfaces__rosidl_typesupport_introspection_cExport-noconfig.cmake
[2.188s] -- Installing: /media/dubhe/store/learning/ros2_learning_experience/chapter4/chapt4_ws/install/chapt4_interfaces/share/chapt4_interfaces/cmake/chapt4_interfaces__rosidl_typesupport_cExport.cmake
[2.188s] -- Installing: /media/dubhe/store/learning/ros2_learning_experience/chapter4/chapt4_ws/install/chapt4_interfaces/share/chapt4_interfaces/cmake/chapt4_interfaces__rosidl_typesupport_cExport-noconfig.cmake
[2.188s] -- Installing: /media/dubhe/store/learning/ros2_learning_experience/chapter4/chapt4_ws/install/chapt4_interfaces/share/chapt4_interfaces/cmake/export_chapt4_interfaces__rosidl_generator_cppExport.cmake
[2.188s] -- Installing: /media/dubhe/store/learning/ros2_learning_experience/chapter4/chapt4_ws/install/chapt4_interfaces/share/chapt4_interfaces/cmake/export_chapt4_interfaces__rosidl_typesupport_fastrtps_cppExport.cmake
[2.188s] -- Installing: /media/dubhe/store/learning/ros2_learning_experience/chapter4/chapt4_ws/install/chapt4_interfaces/share/chapt4_interfaces/cmake/export_chapt4_interfaces__rosidl_typesupport_fastrtps_cppExport-noconfig.cmake
[2.188s] -- Installing: /media/dubhe/store/learning/ros2_learning_experience/chapter4/chapt4_ws/install/chapt4_interfaces/share/chapt4_interfaces/cmake/chapt4_interfaces__rosidl_typesupport_introspection_cppExport.cmake
[2.188s] -- Installing: /media/dubhe/store/learning/ros2_learning_experience/chapter4/chapt4_ws/install/chapt4_interfaces/share/chapt4_interfaces/cmake/chapt4_interfaces__rosidl_typesupport_introspection_cppExport-noconfig.cmake
[2.188s] -- Installing: /media/dubhe/store/learning/ros2_learning_experience/chapter4/chapt4_ws/install/chapt4_interfaces/share/chapt4_interfaces/cmake/chapt4_interfaces__rosidl_typesupport_cppExport.cmake
[2.188s] -- Installing: /media/dubhe/store/learning/ros2_learning_experience/chapter4/chapt4_ws/install/chapt4_interfaces/share/chapt4_interfaces/cmake/chapt4_interfaces__rosidl_typesupport_cppExport-noconfig.cmake
[2.189s] -- Installing: /media/dubhe/store/learning/ros2_learning_experience/chapter4/chapt4_ws/install/chapt4_interfaces/share/chapt4_interfaces/cmake/export_chapt4_interfaces__rosidl_generator_pyExport.cmake
[2.189s] -- Installing: /media/dubhe/store/learning/ros2_learning_experience/chapter4/chapt4_ws/install/chapt4_interfaces/share/chapt4_interfaces/cmake/export_chapt4_interfaces__rosidl_generator_pyExport-noconfig.cmake
[2.189s] -- Installing: /media/dubhe/store/learning/ros2_learning_experience/chapter4/chapt4_ws/install/chapt4_interfaces/share/chapt4_interfaces/cmake/rosidl_cmake-extras.cmake
[2.189s] -- Installing: /media/dubhe/store/learning/ros2_learning_experience/chapter4/chapt4_ws/install/chapt4_interfaces/share/chapt4_interfaces/cmake/ament_cmake_export_dependencies-extras.cmake
[2.189s] -- Installing: /media/dubhe/store/learning/ros2_learning_experience/chapter4/chapt4_ws/install/chapt4_interfaces/share/chapt4_interfaces/cmake/ament_cmake_export_include_directories-extras.cmake
[2.189s] -- Installing: /media/dubhe/store/learning/ros2_learning_experience/chapter4/chapt4_ws/install/chapt4_interfaces/share/chapt4_interfaces/cmake/ament_cmake_export_libraries-extras.cmake
[2.189s] -- Installing: /media/dubhe/store/learning/ros2_learning_experience/chapter4/chapt4_ws/install/chapt4_interfaces/share/chapt4_interfaces/cmake/ament_cmake_export_targets-extras.cmake
[2.189s] -- Installing: /media/dubhe/store/learning/ros2_learning_experience/chapter4/chapt4_ws/install/chapt4_interfaces/share/chapt4_interfaces/cmake/rosidl_cmake_export_typesupport_targets-extras.cmake
[2.189s] -- Installing: /media/dubhe/store/learning/ros2_learning_experience/chapter4/chapt4_ws/install/chapt4_interfaces/share/chapt4_interfaces/cmake/rosidl_cmake_export_typesupport_libraries-extras.cmake
[2.189s] -- Installing: /media/dubhe/store/learning/ros2_learning_experience/chapter4/chapt4_ws/install/chapt4_interfaces/share/chapt4_interfaces/cmake/chapt4_interfacesConfig.cmake
[2.189s] -- Up-to-date: /media/dubhe/store/learning/ros2_learning_experience/chapter4/chapt4_ws/install/chapt4_interfaces/share/chapt4_interfaces/cmake/chapt4_interfacesConfig-version.cmake
[2.189s] -- Up-to-date: /media/dubhe/store/learning/ros2_learning_experience/chapter4/chapt4_ws/install/chapt4_interfaces/share/chapt4_interfaces/package.xml
[2.191s] Invoked command in '/media/dubhe/store/learning/ros2_learning_experience/chapter4/chapt4_ws/build/chapt4_interfaces' returned '0': CMAKE_PREFIX_PATH=${CMAKE_PREFIX_PATH}:/opt/ros/humble /usr/bin/cmake --install /media/dubhe/store/learning/ros2_learning_experience/chapter4/chapt4_ws/build/chapt4_interfaces
