[0.361s] Invoking command in '/media/dubhe/store/learning/ros2_learning_experience/chapter4/chapt4_ws/src/demo_python_service': PYTHONPATH=/media/dubhe/store/learning/ros2_learning_experience/chapter4/chapt4_ws/src/build/demo_python_service/prefix_override:/usr/lib/python3/dist-packages/colcon_core/task/python/colcon_distutils_commands:/media/dubhe/store/learning/ros2_learning_experience/chapter4/chapt4_ws/src/install/demo_python_service/lib/python3.10/site-packages:${PYTHONPATH} /usr/bin/python3 -W ignore:setup.py install is deprecated -W ignore:easy_install command is deprecated setup.py egg_info --egg-base ../build/demo_python_service build --build-base /media/dubhe/store/learning/ros2_learning_experience/chapter4/chapt4_ws/src/build/demo_python_service/build install --record /media/dubhe/store/learning/ros2_learning_experience/chapter4/chapt4_ws/src/build/demo_python_service/install.log --single-version-externally-managed install_data
[0.496s] running egg_info
[0.496s] writing ../build/demo_python_service/demo_python_service.egg-info/PKG-INFO
[0.496s] writing dependency_links to ../build/demo_python_service/demo_python_service.egg-info/dependency_links.txt
[0.496s] writing entry points to ../build/demo_python_service/demo_python_service.egg-info/entry_points.txt
[0.496s] writing requirements to ../build/demo_python_service/demo_python_service.egg-info/requires.txt
[0.497s] writing top-level names to ../build/demo_python_service/demo_python_service.egg-info/top_level.txt
[0.498s] reading manifest file '../build/demo_python_service/demo_python_service.egg-info/SOURCES.txt'
[0.498s] adding license file 'LICENSE'
[0.498s] writing manifest file '../build/demo_python_service/demo_python_service.egg-info/SOURCES.txt'
[0.498s] running build
[0.498s] running build_py
[0.498s] copying demo_python_service/face_detect_node.py -> /media/dubhe/store/learning/ros2_learning_experience/chapter4/chapt4_ws/src/build/demo_python_service/build/lib/demo_python_service
[0.499s] running install
[0.499s] running install_lib
[0.499s] copying /media/dubhe/store/learning/ros2_learning_experience/chapter4/chapt4_ws/src/build/demo_python_service/build/lib/demo_python_service/face_detect_node.py -> /media/dubhe/store/learning/ros2_learning_experience/chapter4/chapt4_ws/src/install/demo_python_service/lib/python3.10/site-packages/demo_python_service
[0.500s] byte-compiling /media/dubhe/store/learning/ros2_learning_experience/chapter4/chapt4_ws/src/install/demo_python_service/lib/python3.10/site-packages/demo_python_service/face_detect_node.py to face_detect_node.cpython-310.pyc
[0.500s] running install_data
[0.500s] running install_egg_info
[0.501s] removing '/media/dubhe/store/learning/ros2_learning_experience/chapter4/chapt4_ws/src/install/demo_python_service/lib/python3.10/site-packages/demo_python_service-0.0.0-py3.10.egg-info' (and everything under it)
[0.501s] Copying ../build/demo_python_service/demo_python_service.egg-info to /media/dubhe/store/learning/ros2_learning_experience/chapter4/chapt4_ws/src/install/demo_python_service/lib/python3.10/site-packages/demo_python_service-0.0.0-py3.10.egg-info
[0.502s] running install_scripts
[0.515s] Installing face_detect_node script to /media/dubhe/store/learning/ros2_learning_experience/chapter4/chapt4_ws/src/install/demo_python_service/lib/demo_python_service
[0.515s] Installing learn_face_detect script to /media/dubhe/store/learning/ros2_learning_experience/chapter4/chapt4_ws/src/install/demo_python_service/lib/demo_python_service
[0.515s] writing list of installed files to '/media/dubhe/store/learning/ros2_learning_experience/chapter4/chapt4_ws/src/build/demo_python_service/install.log'
[0.529s] Invoked command in '/media/dubhe/store/learning/ros2_learning_experience/chapter4/chapt4_ws/src/demo_python_service' returned '0': PYTHONPATH=/media/dubhe/store/learning/ros2_learning_experience/chapter4/chapt4_ws/src/build/demo_python_service/prefix_override:/usr/lib/python3/dist-packages/colcon_core/task/python/colcon_distutils_commands:/media/dubhe/store/learning/ros2_learning_experience/chapter4/chapt4_ws/src/install/demo_python_service/lib/python3.10/site-packages:${PYTHONPATH} /usr/bin/python3 -W ignore:setup.py install is deprecated -W ignore:easy_install command is deprecated setup.py egg_info --egg-base ../build/demo_python_service build --build-base /media/dubhe/store/learning/ros2_learning_experience/chapter4/chapt4_ws/src/build/demo_python_service/build install --record /media/dubhe/store/learning/ros2_learning_experience/chapter4/chapt4_ws/src/build/demo_python_service/install.log --single-version-externally-managed install_data
