-- Install configuration: ""
-- Up-to-date: /media/dubhe/store/learning/ros2_learning_experience/chapter6/chapt6_ws/install/fishbot_description/share/fishbot_description/launch
-- Up-to-date: /media/dubhe/store/learning/ros2_learning_experience/chapter6/chapt6_ws/install/fishbot_description/share/fishbot_description/launch/display_robot.launch.py
-- Up-to-date: /media/dubhe/store/learning/ros2_learning_experience/chapter6/chapt6_ws/install/fishbot_description/share/fishbot_description/urdf
-- Up-to-date: /media/dubhe/store/learning/ros2_learning_experience/chapter6/chapt6_ws/install/fishbot_description/share/fishbot_description/urdf/rviz.rviz
-- Up-to-date: /media/dubhe/store/learning/ros2_learning_experience/chapter6/chapt6_ws/install/fishbot_description/share/fishbot_description/urdf/first_robot.urdf
-- Up-to-date: /media/dubhe/store/learning/ros2_learning_experience/chapter6/chapt6_ws/install/fishbot_description/share/fishbot_description/urdf/first_robot.pdf
-- Up-to-date: /media/dubhe/store/learning/ros2_learning_experience/chapter6/chapt6_ws/install/fishbot_description/share/fishbot_description/urdf/first_robot.gv
-- Up-to-date: /media/dubhe/store/learning/ros2_learning_experience/chapter6/chapt6_ws/install/fishbot_description/share/ament_index/resource_index/package_run_dependencies/fishbot_description
-- Up-to-date: /media/dubhe/store/learning/ros2_learning_experience/chapter6/chapt6_ws/install/fishbot_description/share/ament_index/resource_index/parent_prefix_path/fishbot_description
-- Up-to-date: /media/dubhe/store/learning/ros2_learning_experience/chapter6/chapt6_ws/install/fishbot_description/share/fishbot_description/environment/ament_prefix_path.sh
-- Up-to-date: /media/dubhe/store/learning/ros2_learning_experience/chapter6/chapt6_ws/install/fishbot_description/share/fishbot_description/environment/ament_prefix_path.dsv
-- Up-to-date: /media/dubhe/store/learning/ros2_learning_experience/chapter6/chapt6_ws/install/fishbot_description/share/fishbot_description/environment/path.sh
-- Up-to-date: /media/dubhe/store/learning/ros2_learning_experience/chapter6/chapt6_ws/install/fishbot_description/share/fishbot_description/environment/path.dsv
-- Up-to-date: /media/dubhe/store/learning/ros2_learning_experience/chapter6/chapt6_ws/install/fishbot_description/share/fishbot_description/local_setup.bash
-- Up-to-date: /media/dubhe/store/learning/ros2_learning_experience/chapter6/chapt6_ws/install/fishbot_description/share/fishbot_description/local_setup.sh
-- Up-to-date: /media/dubhe/store/learning/ros2_learning_experience/chapter6/chapt6_ws/install/fishbot_description/share/fishbot_description/local_setup.zsh
-- Up-to-date: /media/dubhe/store/learning/ros2_learning_experience/chapter6/chapt6_ws/install/fishbot_description/share/fishbot_description/local_setup.dsv
-- Installing: /media/dubhe/store/learning/ros2_learning_experience/chapter6/chapt6_ws/install/fishbot_description/share/fishbot_description/package.dsv
-- Up-to-date: /media/dubhe/store/learning/ros2_learning_experience/chapter6/chapt6_ws/install/fishbot_description/share/ament_index/resource_index/packages/fishbot_description
-- Up-to-date: /media/dubhe/store/learning/ros2_learning_experience/chapter6/chapt6_ws/install/fishbot_description/share/fishbot_description/cmake/fishbot_descriptionConfig.cmake
-- Up-to-date: /media/dubhe/store/learning/ros2_learning_experience/chapter6/chapt6_ws/install/fishbot_description/share/fishbot_description/cmake/fishbot_descriptionConfig-version.cmake
-- Up-to-date: /media/dubhe/store/learning/ros2_learning_experience/chapter6/chapt6_ws/install/fishbot_description/share/fishbot_description/package.xml
