[0.009s] Invoking command in '/media/dubhe/store/learning/ros2_learning_experience/chapter6/chapt6_ws/build/arm3dof_description': CMAKE_PREFIX_PATH=/opt/ros/humble /usr/bin/cmake /media/dubhe/store/learning/ros2_learning_experience/chapter6/chapt6_ws/src/arm3dof_description -DCMAKE_INSTALL_PREFIX=/media/dubhe/store/learning/ros2_learning_experience/chapter6/chapt6_ws/install/arm3dof_description
[0.017s] -- Found ament_cmake: 1.3.12 (/opt/ros/humble/share/ament_cmake/cmake)
[0.103s] -- Found ament_lint_auto: 0.12.14 (/opt/ros/humble/share/ament_lint_auto/cmake)
[0.162s] -- Added test 'copyright' to check source files copyright and LICENSE
[0.164s] -- Added test 'flake8' to check Python code syntax and style conventions
[0.164s] -- Added test 'lint_cmake' to check CMake code style
[0.165s] -- Added test 'pep257' to check Python code against some of the docstring style conventions in PEP 257
[0.165s] -- Added test 'xmllint' to check XML markup files
[0.166s] -- Configuring done
[0.168s] -- Generating done
[0.169s] -- Build files have been written to: /media/dubhe/store/learning/ros2_learning_experience/chapter6/chapt6_ws/build/arm3dof_description
[0.171s] Invoked command in '/media/dubhe/store/learning/ros2_learning_experience/chapter6/chapt6_ws/build/arm3dof_description' returned '0': CMAKE_PREFIX_PATH=/opt/ros/humble /usr/bin/cmake /media/dubhe/store/learning/ros2_learning_experience/chapter6/chapt6_ws/src/arm3dof_description -DCMAKE_INSTALL_PREFIX=/media/dubhe/store/learning/ros2_learning_experience/chapter6/chapt6_ws/install/arm3dof_description
[0.172s] Invoking command in '/media/dubhe/store/learning/ros2_learning_experience/chapter6/chapt6_ws/build/arm3dof_description': CMAKE_PREFIX_PATH=/opt/ros/humble /usr/bin/cmake --build /media/dubhe/store/learning/ros2_learning_experience/chapter6/chapt6_ws/build/arm3dof_description -- -j16 -l16
[0.210s] Invoked command in '/media/dubhe/store/learning/ros2_learning_experience/chapter6/chapt6_ws/build/arm3dof_description' returned '0': CMAKE_PREFIX_PATH=/opt/ros/humble /usr/bin/cmake --build /media/dubhe/store/learning/ros2_learning_experience/chapter6/chapt6_ws/build/arm3dof_description -- -j16 -l16
[0.212s] Invoking command in '/media/dubhe/store/learning/ros2_learning_experience/chapter6/chapt6_ws/build/arm3dof_description': CMAKE_PREFIX_PATH=/opt/ros/humble /usr/bin/cmake --install /media/dubhe/store/learning/ros2_learning_experience/chapter6/chapt6_ws/build/arm3dof_description
[0.218s] -- Install configuration: ""
[0.218s] [31mCMake Error at cmake_install.cmake:46 (file):
[0.218s]   file INSTALL cannot find
[0.218s]   "/media/dubhe/store/learning/ros2_learning_experience/chapter6/chapt6_ws/src/arm3dof_description/images":
[0.218s]   No such file or directory.
[0.218s] 
[0.218s] [0m
[0.220s] Invoked command in '/media/dubhe/store/learning/ros2_learning_experience/chapter6/chapt6_ws/build/arm3dof_description' returned '1': CMAKE_PREFIX_PATH=/opt/ros/humble /usr/bin/cmake --install /media/dubhe/store/learning/ros2_learning_experience/chapter6/chapt6_ws/build/arm3dof_description
