[0.008s] Invoking command in '/media/dubhe/store/learning/ros2_learning_experience/chapter2/chapt2_ws/build/demo_cpp_pkg': CMAKE_PREFIX_PATH=${CMAKE_PREFIX_PATH}:/media/dubhe/store/learning/ros2_learning_experience/chapter2/chapt2_ws/install/demo_python_pkg:/opt/ros/humble /usr/bin/cmake --build /media/dubhe/store/learning/ros2_learning_experience/chapter2/chapt2_ws/build/demo_cpp_pkg -- -j16 -l16
[0.041s] [ 16%] [32mBuilding CXX object CMakeFiles/learn_thread.dir/src/learn_thread.cpp.o[0m
[0.042s] [ 83%] Built target person_node
[0.042s] [ 83%] Built target cpp_node
[3.685s] [100%] [32m[1mLinking CXX executable learn_thread[0m
[3.833s] [100%] Built target learn_thread
[3.840s] Invoked command in '/media/dubhe/store/learning/ros2_learning_experience/chapter2/chapt2_ws/build/demo_cpp_pkg' returned '0': CMAKE_PREFIX_PATH=${CMAKE_PREFIX_PATH}:/media/dubhe/store/learning/ros2_learning_experience/chapter2/chapt2_ws/install/demo_python_pkg:/opt/ros/humble /usr/bin/cmake --build /media/dubhe/store/learning/ros2_learning_experience/chapter2/chapt2_ws/build/demo_cpp_pkg -- -j16 -l16
[3.847s] Invoking command in '/media/dubhe/store/learning/ros2_learning_experience/chapter2/chapt2_ws/build/demo_cpp_pkg': CMAKE_PREFIX_PATH=${CMAKE_PREFIX_PATH}:/media/dubhe/store/learning/ros2_learning_experience/chapter2/chapt2_ws/install/demo_python_pkg:/opt/ros/humble /usr/bin/cmake --install /media/dubhe/store/learning/ros2_learning_experience/chapter2/chapt2_ws/build/demo_cpp_pkg
[3.852s] -- Install configuration: ""
[3.852s] -- Up-to-date: /media/dubhe/store/learning/ros2_learning_experience/chapter2/chapt2_ws/install/demo_cpp_pkg/lib/demo_cpp_pkg/cpp_node
[3.852s] -- Up-to-date: /media/dubhe/store/learning/ros2_learning_experience/chapter2/chapt2_ws/install/demo_cpp_pkg/lib/demo_cpp_pkg/person_node
[3.852s] -- Installing: /media/dubhe/store/learning/ros2_learning_experience/chapter2/chapt2_ws/install/demo_cpp_pkg/lib/demo_cpp_pkg/learn_thread
[3.853s] -- Set runtime path of "/media/dubhe/store/learning/ros2_learning_experience/chapter2/chapt2_ws/install/demo_cpp_pkg/lib/demo_cpp_pkg/learn_thread" to ""
[3.853s] -- Up-to-date: /media/dubhe/store/learning/ros2_learning_experience/chapter2/chapt2_ws/install/demo_cpp_pkg/share/ament_index/resource_index/package_run_dependencies/demo_cpp_pkg
[3.853s] -- Up-to-date: /media/dubhe/store/learning/ros2_learning_experience/chapter2/chapt2_ws/install/demo_cpp_pkg/share/ament_index/resource_index/parent_prefix_path/demo_cpp_pkg
[3.853s] -- Up-to-date: /media/dubhe/store/learning/ros2_learning_experience/chapter2/chapt2_ws/install/demo_cpp_pkg/share/demo_cpp_pkg/environment/ament_prefix_path.sh
[3.853s] -- Up-to-date: /media/dubhe/store/learning/ros2_learning_experience/chapter2/chapt2_ws/install/demo_cpp_pkg/share/demo_cpp_pkg/environment/ament_prefix_path.dsv
[3.853s] -- Up-to-date: /media/dubhe/store/learning/ros2_learning_experience/chapter2/chapt2_ws/install/demo_cpp_pkg/share/demo_cpp_pkg/environment/path.sh
[3.854s] -- Up-to-date: /media/dubhe/store/learning/ros2_learning_experience/chapter2/chapt2_ws/install/demo_cpp_pkg/share/demo_cpp_pkg/environment/path.dsv
[3.854s] -- Up-to-date: /media/dubhe/store/learning/ros2_learning_experience/chapter2/chapt2_ws/install/demo_cpp_pkg/share/demo_cpp_pkg/local_setup.bash
[3.854s] -- Up-to-date: /media/dubhe/store/learning/ros2_learning_experience/chapter2/chapt2_ws/install/demo_cpp_pkg/share/demo_cpp_pkg/local_setup.sh
[3.854s] -- Up-to-date: /media/dubhe/store/learning/ros2_learning_experience/chapter2/chapt2_ws/install/demo_cpp_pkg/share/demo_cpp_pkg/local_setup.zsh
[3.854s] -- Up-to-date: /media/dubhe/store/learning/ros2_learning_experience/chapter2/chapt2_ws/install/demo_cpp_pkg/share/demo_cpp_pkg/local_setup.dsv
[3.854s] -- Up-to-date: /media/dubhe/store/learning/ros2_learning_experience/chapter2/chapt2_ws/install/demo_cpp_pkg/share/demo_cpp_pkg/package.dsv
[3.854s] -- Up-to-date: /media/dubhe/store/learning/ros2_learning_experience/chapter2/chapt2_ws/install/demo_cpp_pkg/share/ament_index/resource_index/packages/demo_cpp_pkg
[3.854s] -- Up-to-date: /media/dubhe/store/learning/ros2_learning_experience/chapter2/chapt2_ws/install/demo_cpp_pkg/share/demo_cpp_pkg/cmake/demo_cpp_pkgConfig.cmake
[3.854s] -- Up-to-date: /media/dubhe/store/learning/ros2_learning_experience/chapter2/chapt2_ws/install/demo_cpp_pkg/share/demo_cpp_pkg/cmake/demo_cpp_pkgConfig-version.cmake
[3.854s] -- Up-to-date: /media/dubhe/store/learning/ros2_learning_experience/chapter2/chapt2_ws/install/demo_cpp_pkg/share/demo_cpp_pkg/package.xml
[3.855s] Invoked command in '/media/dubhe/store/learning/ros2_learning_experience/chapter2/chapt2_ws/build/demo_cpp_pkg' returned '0': CMAKE_PREFIX_PATH=${CMAKE_PREFIX_PATH}:/media/dubhe/store/learning/ros2_learning_experience/chapter2/chapt2_ws/install/demo_python_pkg:/opt/ros/humble /usr/bin/cmake --install /media/dubhe/store/learning/ros2_learning_experience/chapter2/chapt2_ws/build/demo_cpp_pkg
