[0.006s] Invoking command in '/media/dubhe/store/learning/ros2_learning_experience/chapter4/chapt4_ws/src/build/chapt4_interfaces': CMAKE_PREFIX_PATH=${CMAKE_PREFIX_PATH}:/opt/ros/humble /usr/bin/cmake /media/dubhe/store/learning/ros2_learning_experience/chapter4/chapt4_ws/src/chapt4_interfaces -DCMAKE_INSTALL_PREFIX=/media/dubhe/store/learning/ros2_learning_experience/chapter4/chapt4_ws/src/install/chapt4_interfaces
[0.039s] -- The C compiler identification is GNU 11.4.0
[0.073s] -- The CXX compiler identification is GNU 11.4.0
[0.077s] -- Detecting C compiler ABI info
[0.123s] -- Detecting C compiler ABI info - done
[0.127s] -- Check for working C compiler: /usr/bin/cc - skipped
[0.128s] -- Detecting C compile features
[0.128s] -- Detecting C compile features - done
[0.130s] -- Detecting CXX compiler ABI info
[0.177s] -- Detecting CXX compiler ABI info - done
[0.182s] -- Check for working CXX compiler: /usr/bin/c++ - skipped
[0.182s] -- Detecting CXX compile features
[0.183s] -- Detecting CXX compile features - done
[0.184s] -- Found ament_cmake: 1.3.12 (/opt/ros/humble/share/ament_cmake/cmake)
[0.275s] -- Found Python3: /usr/bin/python3 (found version "3.10.12") found components: Interpreter 
[0.328s] -- Found rosidl_default_generators: 1.2.0 (/opt/ros/humble/share/rosidl_default_generators/cmake)
[0.329s] -- Using all available rosidl_typesupport_c: rosidl_typesupport_fastrtps_c;rosidl_typesupport_introspection_c
[0.332s] -- Found rosidl_adapter: 3.1.7 (/opt/ros/humble/share/rosidl_adapter/cmake)
[0.354s] -- Using all available rosidl_typesupport_cpp: rosidl_typesupport_fastrtps_cpp;rosidl_typesupport_introspection_cpp
[0.373s] -- Found sensor_msgs: 4.9.0 (/opt/ros/humble/share/sensor_msgs/cmake)
[0.596s] -- Found ament_cmake_ros: 0.10.0 (/opt/ros/humble/share/ament_cmake_ros/cmake)
[0.768s] -- Using all available rosidl_typesupport_c: rosidl_typesupport_fastrtps_c;rosidl_typesupport_introspection_c
[0.999s] -- Using all available rosidl_typesupport_cpp: rosidl_typesupport_fastrtps_cpp;rosidl_typesupport_introspection_cpp
[1.013s] -- Found PythonInterp: /usr/bin/python3 (found suitable version "3.10.12", minimum required is "3.6") 
[1.014s] -- Found python_cmake_module: 0.10.0 (/opt/ros/humble/share/python_cmake_module/cmake)
[1.030s] -- Found PythonLibs: /usr/lib/x86_64-linux-gnu/libpython3.10.so (found suitable version "3.10.12", minimum required is "3.5") 
[1.030s] -- Using PYTHON_EXECUTABLE: /usr/bin/python3
[1.030s] -- Using PYTHON_INCLUDE_DIRS: /usr/include/python3.10
[1.030s] -- Using PYTHON_LIBRARIES: /usr/lib/x86_64-linux-gnu/libpython3.10.so
[1.043s] -- Found PythonExtra: .so  
[1.087s] -- Found ament_lint_auto: 0.12.14 (/opt/ros/humble/share/ament_lint_auto/cmake)
[1.096s] -- Added test 'lint_cmake' to check CMake code style
[1.096s] -- Added test 'xmllint' to check XML markup files
[1.098s] -- Configuring done
[1.119s] -- Generating done
[1.127s] -- Build files have been written to: /media/dubhe/store/learning/ros2_learning_experience/chapter4/chapt4_ws/src/build/chapt4_interfaces
[1.133s] Invoked command in '/media/dubhe/store/learning/ros2_learning_experience/chapter4/chapt4_ws/src/build/chapt4_interfaces' returned '0': CMAKE_PREFIX_PATH=${CMAKE_PREFIX_PATH}:/opt/ros/humble /usr/bin/cmake /media/dubhe/store/learning/ros2_learning_experience/chapter4/chapt4_ws/src/chapt4_interfaces -DCMAKE_INSTALL_PREFIX=/media/dubhe/store/learning/ros2_learning_experience/chapter4/chapt4_ws/src/install/chapt4_interfaces
[1.135s] Invoking command in '/media/dubhe/store/learning/ros2_learning_experience/chapter4/chapt4_ws/src/build/chapt4_interfaces': CMAKE_PREFIX_PATH=${CMAKE_PREFIX_PATH}:/opt/ros/humble /usr/bin/cmake --build /media/dubhe/store/learning/ros2_learning_experience/chapter4/chapt4_ws/src/build/chapt4_interfaces -- -j16 -l16
[1.158s] [  3%] [34m[1mGenerating C code for ROS interfaces[0m
[1.164s] [  6%] [34m[1mGenerating C++ code for ROS interfaces[0m
[1.169s] [  6%] Built target ament_cmake_python_copy_chapt4_interfaces
[1.317s] running egg_info
[1.318s] creating chapt4_interfaces.egg-info
[1.318s] writing chapt4_interfaces.egg-info/PKG-INFO
[1.318s] writing dependency_links to chapt4_interfaces.egg-info/dependency_links.txt
[1.318s] writing top-level names to chapt4_interfaces.egg-info/top_level.txt
[1.318s] writing manifest file 'chapt4_interfaces.egg-info/SOURCES.txt'
[1.320s] reading manifest file 'chapt4_interfaces.egg-info/SOURCES.txt'
[1.321s] writing manifest file 'chapt4_interfaces.egg-info/SOURCES.txt'
[1.340s] [  6%] Built target ament_cmake_python_build_chapt4_interfaces_egg
[1.348s] [  6%] Built target chapt4_interfaces__cpp
[1.348s] [  9%] [32mBuilding C object CMakeFiles/chapt4_interfaces__rosidl_generator_c.dir/rosidl_generator_c/chapt4_interfaces/srv/detail/face_detector__functions.c.o[0m
[1.354s] [ 12%] [34m[1mGenerating C++ type support dispatch for ROS interfaces[0m
[1.354s] [ 19%] [34m[1mGenerating C++ introspection for ROS interfaces[0m
[1.354s] [ 19%] [34m[1mGenerating C++ type support for eProsima Fast-RTPS[0m
[1.392s] [ 22%] [32m[1mLinking C shared library libchapt4_interfaces__rosidl_generator_c.so[0m
[1.416s] [ 22%] Built target chapt4_interfaces__rosidl_generator_c
[1.423s] [ 32%] [34m[1mGenerating C type support dispatch for ROS interfaces[0m
[1.423s] [ 32%] [34m[1mGenerating C introspection for ROS interfaces[0m
[1.424s] [ 32%] [34m[1mGenerating C type support for eProsima Fast-RTPS[0m
[1.512s] [ 35%] [32mBuilding CXX object CMakeFiles/chapt4_interfaces__rosidl_typesupport_cpp.dir/rosidl_typesupport_cpp/chapt4_interfaces/srv/face_detector__type_support.cpp.o[0m
[1.530s] [ 38%] [32mBuilding CXX object CMakeFiles/chapt4_interfaces__rosidl_typesupport_introspection_cpp.dir/rosidl_typesupport_introspection_cpp/chapt4_interfaces/srv/detail/face_detector__type_support.cpp.o[0m
[1.537s] [ 41%] [32mBuilding CXX object CMakeFiles/chapt4_interfaces__rosidl_typesupport_fastrtps_cpp.dir/rosidl_typesupport_fastrtps_cpp/chapt4_interfaces/srv/detail/dds_fastrtps/face_detector__type_support.cpp.o[0m
[1.583s] [ 45%] [32mBuilding CXX object CMakeFiles/chapt4_interfaces__rosidl_typesupport_c.dir/rosidl_typesupport_c/chapt4_interfaces/srv/face_detector__type_support.cpp.o[0m
[1.606s] [ 48%] [32mBuilding C object CMakeFiles/chapt4_interfaces__rosidl_typesupport_introspection_c.dir/rosidl_typesupport_introspection_c/chapt4_interfaces/srv/detail/face_detector__type_support.c.o[0m
[1.607s] [ 51%] [32mBuilding CXX object CMakeFiles/chapt4_interfaces__rosidl_typesupport_fastrtps_c.dir/rosidl_typesupport_fastrtps_c/chapt4_interfaces/srv/detail/face_detector__type_support_c.cpp.o[0m
[1.608s] [ 54%] [32m[1mLinking CXX shared library libchapt4_interfaces__rosidl_typesupport_c.so[0m
[1.636s] [ 54%] Built target chapt4_interfaces__rosidl_typesupport_c
[1.637s] [ 58%] [32m[1mLinking C shared library libchapt4_interfaces__rosidl_typesupport_introspection_c.so[0m
[1.657s] [ 58%] Built target chapt4_interfaces__rosidl_typesupport_introspection_c
[1.683s] [ 61%] [32m[1mLinking CXX shared library libchapt4_interfaces__rosidl_typesupport_cpp.so[0m
[1.709s] [ 61%] Built target chapt4_interfaces__rosidl_typesupport_cpp
[1.806s] [ 64%] [32m[1mLinking CXX shared library libchapt4_interfaces__rosidl_typesupport_introspection_cpp.so[0m
[1.827s] [ 67%] [32m[1mLinking CXX shared library libchapt4_interfaces__rosidl_typesupport_fastrtps_c.so[0m
[1.834s] [ 70%] [32m[1mLinking CXX shared library libchapt4_interfaces__rosidl_typesupport_fastrtps_cpp.so[0m
[1.854s] [ 70%] Built target chapt4_interfaces__rosidl_typesupport_introspection_cpp
[1.875s] [ 70%] Built target chapt4_interfaces__rosidl_typesupport_fastrtps_c
[1.881s] [ 70%] Built target chapt4_interfaces__rosidl_typesupport_fastrtps_cpp
[1.892s] [ 70%] Built target chapt4_interfaces
[1.903s] [ 74%] [34m[1mGenerating Python code for ROS interfaces[0m
[2.139s] [ 74%] Built target chapt4_interfaces__py
[2.150s] [ 77%] [32mBuilding C object CMakeFiles/chapt4_interfaces__rosidl_generator_py.dir/rosidl_generator_py/chapt4_interfaces/srv/_face_detector_s.c.o[0m
[2.232s] [ 80%] [32m[1mLinking C shared library rosidl_generator_py/chapt4_interfaces/libchapt4_interfaces__rosidl_generator_py.so[0m
[2.258s] [ 80%] Built target chapt4_interfaces__rosidl_generator_py
[2.270s] [ 83%] [32mBuilding C object CMakeFiles/chapt4_interfaces__rosidl_typesupport_fastrtps_c__pyext.dir/rosidl_generator_py/chapt4_interfaces/_chapt4_interfaces_s.ep.rosidl_typesupport_fastrtps_c.c.o[0m
[2.270s] [ 87%] [32mBuilding C object CMakeFiles/chapt4_interfaces__rosidl_typesupport_introspection_c__pyext.dir/rosidl_generator_py/chapt4_interfaces/_chapt4_interfaces_s.ep.rosidl_typesupport_introspection_c.c.o[0m
[2.270s] [ 90%] [32mBuilding C object CMakeFiles/chapt4_interfaces__rosidl_typesupport_c__pyext.dir/rosidl_generator_py/chapt4_interfaces/_chapt4_interfaces_s.ep.rosidl_typesupport_c.c.o[0m
[2.337s] [ 93%] [32m[1mLinking C shared library rosidl_generator_py/chapt4_interfaces/chapt4_interfaces_s__rosidl_typesupport_c.cpython-310-x86_64-linux-gnu.so[0m
[2.345s] [ 96%] [32m[1mLinking C shared library rosidl_generator_py/chapt4_interfaces/chapt4_interfaces_s__rosidl_typesupport_fastrtps_c.cpython-310-x86_64-linux-gnu.so[0m
[2.346s] [100%] [32m[1mLinking C shared library rosidl_generator_py/chapt4_interfaces/chapt4_interfaces_s__rosidl_typesupport_introspection_c.cpython-310-x86_64-linux-gnu.so[0m
[2.363s] [100%] Built target chapt4_interfaces__rosidl_typesupport_c__pyext
[2.371s] [100%] Built target chapt4_interfaces__rosidl_typesupport_introspection_c__pyext
[2.371s] [100%] Built target chapt4_interfaces__rosidl_typesupport_fastrtps_c__pyext
[2.378s] Invoked command in '/media/dubhe/store/learning/ros2_learning_experience/chapter4/chapt4_ws/src/build/chapt4_interfaces' returned '0': CMAKE_PREFIX_PATH=${CMAKE_PREFIX_PATH}:/opt/ros/humble /usr/bin/cmake --build /media/dubhe/store/learning/ros2_learning_experience/chapter4/chapt4_ws/src/build/chapt4_interfaces -- -j16 -l16
[2.383s] Invoking command in '/media/dubhe/store/learning/ros2_learning_experience/chapter4/chapt4_ws/src/build/chapt4_interfaces': CMAKE_PREFIX_PATH=${CMAKE_PREFIX_PATH}:/opt/ros/humble /usr/bin/cmake --install /media/dubhe/store/learning/ros2_learning_experience/chapter4/chapt4_ws/src/build/chapt4_interfaces
[2.388s] -- Install configuration: ""
[2.388s] -- Installing: /media/dubhe/store/learning/ros2_learning_experience/chapter4/chapt4_ws/src/install/chapt4_interfaces/share/ament_index/resource_index/rosidl_interfaces/chapt4_interfaces
[2.388s] -- Installing: /media/dubhe/store/learning/ros2_learning_experience/chapter4/chapt4_ws/src/install/chapt4_interfaces/include/chapt4_interfaces/chapt4_interfaces
[2.388s] -- Installing: /media/dubhe/store/learning/ros2_learning_experience/chapter4/chapt4_ws/src/install/chapt4_interfaces/include/chapt4_interfaces/chapt4_interfaces/msg
[2.388s] -- Installing: /media/dubhe/store/learning/ros2_learning_experience/chapter4/chapt4_ws/src/install/chapt4_interfaces/include/chapt4_interfaces/chapt4_interfaces/msg/rosidl_generator_c__visibility_control.h
[2.388s] -- Installing: /media/dubhe/store/learning/ros2_learning_experience/chapter4/chapt4_ws/src/install/chapt4_interfaces/include/chapt4_interfaces/chapt4_interfaces/srv
[2.388s] -- Installing: /media/dubhe/store/learning/ros2_learning_experience/chapter4/chapt4_ws/src/install/chapt4_interfaces/include/chapt4_interfaces/chapt4_interfaces/srv/detail
[2.388s] -- Installing: /media/dubhe/store/learning/ros2_learning_experience/chapter4/chapt4_ws/src/install/chapt4_interfaces/include/chapt4_interfaces/chapt4_interfaces/srv/detail/face_detector__functions.h
[2.388s] -- Installing: /media/dubhe/store/learning/ros2_learning_experience/chapter4/chapt4_ws/src/install/chapt4_interfaces/include/chapt4_interfaces/chapt4_interfaces/srv/detail/face_detector__struct.h
[2.388s] -- Installing: /media/dubhe/store/learning/ros2_learning_experience/chapter4/chapt4_ws/src/install/chapt4_interfaces/include/chapt4_interfaces/chapt4_interfaces/srv/detail/face_detector__functions.c
[2.388s] -- Installing: /media/dubhe/store/learning/ros2_learning_experience/chapter4/chapt4_ws/src/install/chapt4_interfaces/include/chapt4_interfaces/chapt4_interfaces/srv/detail/face_detector__type_support.h
[2.388s] -- Installing: /media/dubhe/store/learning/ros2_learning_experience/chapter4/chapt4_ws/src/install/chapt4_interfaces/include/chapt4_interfaces/chapt4_interfaces/srv/face_detector.h
[2.388s] -- Installing: /media/dubhe/store/learning/ros2_learning_experience/chapter4/chapt4_ws/src/install/chapt4_interfaces/share/chapt4_interfaces/environment/library_path.sh
[2.388s] -- Installing: /media/dubhe/store/learning/ros2_learning_experience/chapter4/chapt4_ws/src/install/chapt4_interfaces/share/chapt4_interfaces/environment/library_path.dsv
[2.388s] -- Installing: /media/dubhe/store/learning/ros2_learning_experience/chapter4/chapt4_ws/src/install/chapt4_interfaces/lib/libchapt4_interfaces__rosidl_generator_c.so
[2.389s] -- Set runtime path of "/media/dubhe/store/learning/ros2_learning_experience/chapter4/chapt4_ws/src/install/chapt4_interfaces/lib/libchapt4_interfaces__rosidl_generator_c.so" to ""
[2.389s] -- Up-to-date: /media/dubhe/store/learning/ros2_learning_experience/chapter4/chapt4_ws/src/install/chapt4_interfaces/include/chapt4_interfaces/chapt4_interfaces
[2.389s] -- Up-to-date: /media/dubhe/store/learning/ros2_learning_experience/chapter4/chapt4_ws/src/install/chapt4_interfaces/include/chapt4_interfaces/chapt4_interfaces/msg
[2.389s] -- Installing: /media/dubhe/store/learning/ros2_learning_experience/chapter4/chapt4_ws/src/install/chapt4_interfaces/include/chapt4_interfaces/chapt4_interfaces/msg/rosidl_typesupport_fastrtps_c__visibility_control.h
[2.389s] -- Up-to-date: /media/dubhe/store/learning/ros2_learning_experience/chapter4/chapt4_ws/src/install/chapt4_interfaces/include/chapt4_interfaces/chapt4_interfaces/srv
[2.389s] -- Up-to-date: /media/dubhe/store/learning/ros2_learning_experience/chapter4/chapt4_ws/src/install/chapt4_interfaces/include/chapt4_interfaces/chapt4_interfaces/srv/detail
[2.389s] -- Installing: /media/dubhe/store/learning/ros2_learning_experience/chapter4/chapt4_ws/src/install/chapt4_interfaces/include/chapt4_interfaces/chapt4_interfaces/srv/detail/face_detector__rosidl_typesupport_fastrtps_c.h
[2.389s] -- Installing: /media/dubhe/store/learning/ros2_learning_experience/chapter4/chapt4_ws/src/install/chapt4_interfaces/lib/libchapt4_interfaces__rosidl_typesupport_fastrtps_c.so
[2.389s] -- Set runtime path of "/media/dubhe/store/learning/ros2_learning_experience/chapter4/chapt4_ws/src/install/chapt4_interfaces/lib/libchapt4_interfaces__rosidl_typesupport_fastrtps_c.so" to ""
[2.389s] -- Up-to-date: /media/dubhe/store/learning/ros2_learning_experience/chapter4/chapt4_ws/src/install/chapt4_interfaces/include/chapt4_interfaces/chapt4_interfaces
[2.389s] -- Up-to-date: /media/dubhe/store/learning/ros2_learning_experience/chapter4/chapt4_ws/src/install/chapt4_interfaces/include/chapt4_interfaces/chapt4_interfaces/msg
[2.389s] -- Installing: /media/dubhe/store/learning/ros2_learning_experience/chapter4/chapt4_ws/src/install/chapt4_interfaces/include/chapt4_interfaces/chapt4_interfaces/msg/rosidl_typesupport_introspection_c__visibility_control.h
[2.389s] -- Up-to-date: /media/dubhe/store/learning/ros2_learning_experience/chapter4/chapt4_ws/src/install/chapt4_interfaces/include/chapt4_interfaces/chapt4_interfaces/srv
[2.389s] -- Up-to-date: /media/dubhe/store/learning/ros2_learning_experience/chapter4/chapt4_ws/src/install/chapt4_interfaces/include/chapt4_interfaces/chapt4_interfaces/srv/detail
[2.389s] -- Installing: /media/dubhe/store/learning/ros2_learning_experience/chapter4/chapt4_ws/src/install/chapt4_interfaces/include/chapt4_interfaces/chapt4_interfaces/srv/detail/face_detector__rosidl_typesupport_introspection_c.h
[2.389s] -- Installing: /media/dubhe/store/learning/ros2_learning_experience/chapter4/chapt4_ws/src/install/chapt4_interfaces/include/chapt4_interfaces/chapt4_interfaces/srv/detail/face_detector__type_support.c
[2.389s] -- Installing: /media/dubhe/store/learning/ros2_learning_experience/chapter4/chapt4_ws/src/install/chapt4_interfaces/lib/libchapt4_interfaces__rosidl_typesupport_introspection_c.so
[2.389s] -- Set runtime path of "/media/dubhe/store/learning/ros2_learning_experience/chapter4/chapt4_ws/src/install/chapt4_interfaces/lib/libchapt4_interfaces__rosidl_typesupport_introspection_c.so" to ""
[2.389s] -- Installing: /media/dubhe/store/learning/ros2_learning_experience/chapter4/chapt4_ws/src/install/chapt4_interfaces/lib/libchapt4_interfaces__rosidl_typesupport_c.so
[2.390s] -- Set runtime path of "/media/dubhe/store/learning/ros2_learning_experience/chapter4/chapt4_ws/src/install/chapt4_interfaces/lib/libchapt4_interfaces__rosidl_typesupport_c.so" to ""
[2.390s] -- Up-to-date: /media/dubhe/store/learning/ros2_learning_experience/chapter4/chapt4_ws/src/install/chapt4_interfaces/include/chapt4_interfaces/chapt4_interfaces
[2.390s] -- Up-to-date: /media/dubhe/store/learning/ros2_learning_experience/chapter4/chapt4_ws/src/install/chapt4_interfaces/include/chapt4_interfaces/chapt4_interfaces/msg
[2.390s] -- Installing: /media/dubhe/store/learning/ros2_learning_experience/chapter4/chapt4_ws/src/install/chapt4_interfaces/include/chapt4_interfaces/chapt4_interfaces/msg/rosidl_generator_cpp__visibility_control.hpp
[2.390s] -- Up-to-date: /media/dubhe/store/learning/ros2_learning_experience/chapter4/chapt4_ws/src/install/chapt4_interfaces/include/chapt4_interfaces/chapt4_interfaces/srv
[2.390s] -- Up-to-date: /media/dubhe/store/learning/ros2_learning_experience/chapter4/chapt4_ws/src/install/chapt4_interfaces/include/chapt4_interfaces/chapt4_interfaces/srv/detail
[2.390s] -- Installing: /media/dubhe/store/learning/ros2_learning_experience/chapter4/chapt4_ws/src/install/chapt4_interfaces/include/chapt4_interfaces/chapt4_interfaces/srv/detail/face_detector__builder.hpp
[2.390s] -- Installing: /media/dubhe/store/learning/ros2_learning_experience/chapter4/chapt4_ws/src/install/chapt4_interfaces/include/chapt4_interfaces/chapt4_interfaces/srv/detail/face_detector__struct.hpp
[2.390s] -- Installing: /media/dubhe/store/learning/ros2_learning_experience/chapter4/chapt4_ws/src/install/chapt4_interfaces/include/chapt4_interfaces/chapt4_interfaces/srv/detail/face_detector__traits.hpp
[2.390s] -- Installing: /media/dubhe/store/learning/ros2_learning_experience/chapter4/chapt4_ws/src/install/chapt4_interfaces/include/chapt4_interfaces/chapt4_interfaces/srv/detail/face_detector__type_support.hpp
[2.390s] -- Installing: /media/dubhe/store/learning/ros2_learning_experience/chapter4/chapt4_ws/src/install/chapt4_interfaces/include/chapt4_interfaces/chapt4_interfaces/srv/face_detector.hpp
[2.390s] -- Up-to-date: /media/dubhe/store/learning/ros2_learning_experience/chapter4/chapt4_ws/src/install/chapt4_interfaces/include/chapt4_interfaces/chapt4_interfaces
[2.390s] -- Up-to-date: /media/dubhe/store/learning/ros2_learning_experience/chapter4/chapt4_ws/src/install/chapt4_interfaces/include/chapt4_interfaces/chapt4_interfaces/msg
[2.390s] -- Installing: /media/dubhe/store/learning/ros2_learning_experience/chapter4/chapt4_ws/src/install/chapt4_interfaces/include/chapt4_interfaces/chapt4_interfaces/msg/rosidl_typesupport_fastrtps_cpp__visibility_control.h
[2.390s] -- Up-to-date: /media/dubhe/store/learning/ros2_learning_experience/chapter4/chapt4_ws/src/install/chapt4_interfaces/include/chapt4_interfaces/chapt4_interfaces/srv
[2.390s] -- Up-to-date: /media/dubhe/store/learning/ros2_learning_experience/chapter4/chapt4_ws/src/install/chapt4_interfaces/include/chapt4_interfaces/chapt4_interfaces/srv/detail
[2.390s] -- Installing: /media/dubhe/store/learning/ros2_learning_experience/chapter4/chapt4_ws/src/install/chapt4_interfaces/include/chapt4_interfaces/chapt4_interfaces/srv/detail/face_detector__rosidl_typesupport_fastrtps_cpp.hpp
[2.390s] -- Installing: /media/dubhe/store/learning/ros2_learning_experience/chapter4/chapt4_ws/src/install/chapt4_interfaces/include/chapt4_interfaces/chapt4_interfaces/srv/detail/dds_fastrtps
[2.390s] -- Installing: /media/dubhe/store/learning/ros2_learning_experience/chapter4/chapt4_ws/src/install/chapt4_interfaces/lib/libchapt4_interfaces__rosidl_typesupport_fastrtps_cpp.so
[2.390s] -- Set runtime path of "/media/dubhe/store/learning/ros2_learning_experience/chapter4/chapt4_ws/src/install/chapt4_interfaces/lib/libchapt4_interfaces__rosidl_typesupport_fastrtps_cpp.so" to ""
[2.391s] -- Up-to-date: /media/dubhe/store/learning/ros2_learning_experience/chapter4/chapt4_ws/src/install/chapt4_interfaces/include/chapt4_interfaces/chapt4_interfaces
[2.391s] -- Up-to-date: /media/dubhe/store/learning/ros2_learning_experience/chapter4/chapt4_ws/src/install/chapt4_interfaces/include/chapt4_interfaces/chapt4_interfaces/srv
[2.391s] -- Up-to-date: /media/dubhe/store/learning/ros2_learning_experience/chapter4/chapt4_ws/src/install/chapt4_interfaces/include/chapt4_interfaces/chapt4_interfaces/srv/detail
[2.391s] -- Installing: /media/dubhe/store/learning/ros2_learning_experience/chapter4/chapt4_ws/src/install/chapt4_interfaces/include/chapt4_interfaces/chapt4_interfaces/srv/detail/face_detector__rosidl_typesupport_introspection_cpp.hpp
[2.391s] -- Installing: /media/dubhe/store/learning/ros2_learning_experience/chapter4/chapt4_ws/src/install/chapt4_interfaces/include/chapt4_interfaces/chapt4_interfaces/srv/detail/face_detector__type_support.cpp
[2.391s] -- Installing: /media/dubhe/store/learning/ros2_learning_experience/chapter4/chapt4_ws/src/install/chapt4_interfaces/lib/libchapt4_interfaces__rosidl_typesupport_introspection_cpp.so
[2.391s] -- Set runtime path of "/media/dubhe/store/learning/ros2_learning_experience/chapter4/chapt4_ws/src/install/chapt4_interfaces/lib/libchapt4_interfaces__rosidl_typesupport_introspection_cpp.so" to ""
[2.391s] -- Installing: /media/dubhe/store/learning/ros2_learning_experience/chapter4/chapt4_ws/src/install/chapt4_interfaces/lib/libchapt4_interfaces__rosidl_typesupport_cpp.so
[2.391s] -- Set runtime path of "/media/dubhe/store/learning/ros2_learning_experience/chapter4/chapt4_ws/src/install/chapt4_interfaces/lib/libchapt4_interfaces__rosidl_typesupport_cpp.so" to ""
[2.391s] -- Installing: /media/dubhe/store/learning/ros2_learning_experience/chapter4/chapt4_ws/src/install/chapt4_interfaces/share/chapt4_interfaces/environment/pythonpath.sh
[2.391s] -- Installing: /media/dubhe/store/learning/ros2_learning_experience/chapter4/chapt4_ws/src/install/chapt4_interfaces/share/chapt4_interfaces/environment/pythonpath.dsv
[2.391s] -- Installing: /media/dubhe/store/learning/ros2_learning_experience/chapter4/chapt4_ws/src/install/chapt4_interfaces/local/lib/python3.10/dist-packages/chapt4_interfaces-0.0.0-py3.10.egg-info
[2.391s] -- Installing: /media/dubhe/store/learning/ros2_learning_experience/chapter4/chapt4_ws/src/install/chapt4_interfaces/local/lib/python3.10/dist-packages/chapt4_interfaces-0.0.0-py3.10.egg-info/dependency_links.txt
[2.391s] -- Installing: /media/dubhe/store/learning/ros2_learning_experience/chapter4/chapt4_ws/src/install/chapt4_interfaces/local/lib/python3.10/dist-packages/chapt4_interfaces-0.0.0-py3.10.egg-info/top_level.txt
[2.391s] -- Installing: /media/dubhe/store/learning/ros2_learning_experience/chapter4/chapt4_ws/src/install/chapt4_interfaces/local/lib/python3.10/dist-packages/chapt4_interfaces-0.0.0-py3.10.egg-info/SOURCES.txt
[2.391s] -- Installing: /media/dubhe/store/learning/ros2_learning_experience/chapter4/chapt4_ws/src/install/chapt4_interfaces/local/lib/python3.10/dist-packages/chapt4_interfaces-0.0.0-py3.10.egg-info/PKG-INFO
[2.392s] -- Installing: /media/dubhe/store/learning/ros2_learning_experience/chapter4/chapt4_ws/src/install/chapt4_interfaces/local/lib/python3.10/dist-packages/chapt4_interfaces
[2.392s] -- Installing: /media/dubhe/store/learning/ros2_learning_experience/chapter4/chapt4_ws/src/install/chapt4_interfaces/local/lib/python3.10/dist-packages/chapt4_interfaces/chapt4_interfaces_s__rosidl_typesupport_introspection_c.cpython-310-x86_64-linux-gnu.so
[2.392s] -- Installing: /media/dubhe/store/learning/ros2_learning_experience/chapter4/chapt4_ws/src/install/chapt4_interfaces/local/lib/python3.10/dist-packages/chapt4_interfaces/_chapt4_interfaces_s.ep.rosidl_typesupport_fastrtps_c.c
[2.392s] -- Installing: /media/dubhe/store/learning/ros2_learning_experience/chapter4/chapt4_ws/src/install/chapt4_interfaces/local/lib/python3.10/dist-packages/chapt4_interfaces/_chapt4_interfaces_s.ep.rosidl_typesupport_c.c
[2.392s] -- Installing: /media/dubhe/store/learning/ros2_learning_experience/chapter4/chapt4_ws/src/install/chapt4_interfaces/local/lib/python3.10/dist-packages/chapt4_interfaces/chapt4_interfaces_s__rosidl_typesupport_fastrtps_c.cpython-310-x86_64-linux-gnu.so
[2.392s] -- Installing: /media/dubhe/store/learning/ros2_learning_experience/chapter4/chapt4_ws/src/install/chapt4_interfaces/local/lib/python3.10/dist-packages/chapt4_interfaces/__init__.py
[2.392s] -- Installing: /media/dubhe/store/learning/ros2_learning_experience/chapter4/chapt4_ws/src/install/chapt4_interfaces/local/lib/python3.10/dist-packages/chapt4_interfaces/_chapt4_interfaces_s.ep.rosidl_typesupport_introspection_c.c
[2.392s] -- Installing: /media/dubhe/store/learning/ros2_learning_experience/chapter4/chapt4_ws/src/install/chapt4_interfaces/local/lib/python3.10/dist-packages/chapt4_interfaces/srv
[2.392s] -- Installing: /media/dubhe/store/learning/ros2_learning_experience/chapter4/chapt4_ws/src/install/chapt4_interfaces/local/lib/python3.10/dist-packages/chapt4_interfaces/srv/_face_detector_s.c
[2.392s] -- Installing: /media/dubhe/store/learning/ros2_learning_experience/chapter4/chapt4_ws/src/install/chapt4_interfaces/local/lib/python3.10/dist-packages/chapt4_interfaces/srv/__init__.py
[2.392s] -- Installing: /media/dubhe/store/learning/ros2_learning_experience/chapter4/chapt4_ws/src/install/chapt4_interfaces/local/lib/python3.10/dist-packages/chapt4_interfaces/srv/_face_detector.py
[2.392s] -- Installing: /media/dubhe/store/learning/ros2_learning_experience/chapter4/chapt4_ws/src/install/chapt4_interfaces/local/lib/python3.10/dist-packages/chapt4_interfaces/libchapt4_interfaces__rosidl_generator_py.so
[2.392s] -- Installing: /media/dubhe/store/learning/ros2_learning_experience/chapter4/chapt4_ws/src/install/chapt4_interfaces/local/lib/python3.10/dist-packages/chapt4_interfaces/chapt4_interfaces_s__rosidl_typesupport_c.cpython-310-x86_64-linux-gnu.so
[2.416s] Listing '/media/dubhe/store/learning/ros2_learning_experience/chapter4/chapt4_ws/src/install/chapt4_interfaces/local/lib/python3.10/dist-packages/chapt4_interfaces'...
[2.416s] Compiling '/media/dubhe/store/learning/ros2_learning_experience/chapter4/chapt4_ws/src/install/chapt4_interfaces/local/lib/python3.10/dist-packages/chapt4_interfaces/__init__.py'...
[2.416s] Listing '/media/dubhe/store/learning/ros2_learning_experience/chapter4/chapt4_ws/src/install/chapt4_interfaces/local/lib/python3.10/dist-packages/chapt4_interfaces/srv'...
[2.416s] Compiling '/media/dubhe/store/learning/ros2_learning_experience/chapter4/chapt4_ws/src/install/chapt4_interfaces/local/lib/python3.10/dist-packages/chapt4_interfaces/srv/__init__.py'...
[2.416s] Compiling '/media/dubhe/store/learning/ros2_learning_experience/chapter4/chapt4_ws/src/install/chapt4_interfaces/local/lib/python3.10/dist-packages/chapt4_interfaces/srv/_face_detector.py'...
[2.419s] -- Installing: /media/dubhe/store/learning/ros2_learning_experience/chapter4/chapt4_ws/src/install/chapt4_interfaces/local/lib/python3.10/dist-packages/chapt4_interfaces/chapt4_interfaces_s__rosidl_typesupport_fastrtps_c.cpython-310-x86_64-linux-gnu.so
[2.419s] -- Set runtime path of "/media/dubhe/store/learning/ros2_learning_experience/chapter4/chapt4_ws/src/install/chapt4_interfaces/local/lib/python3.10/dist-packages/chapt4_interfaces/chapt4_interfaces_s__rosidl_typesupport_fastrtps_c.cpython-310-x86_64-linux-gnu.so" to ""
[2.419s] -- Installing: /media/dubhe/store/learning/ros2_learning_experience/chapter4/chapt4_ws/src/install/chapt4_interfaces/local/lib/python3.10/dist-packages/chapt4_interfaces/chapt4_interfaces_s__rosidl_typesupport_introspection_c.cpython-310-x86_64-linux-gnu.so
[2.419s] -- Set runtime path of "/media/dubhe/store/learning/ros2_learning_experience/chapter4/chapt4_ws/src/install/chapt4_interfaces/local/lib/python3.10/dist-packages/chapt4_interfaces/chapt4_interfaces_s__rosidl_typesupport_introspection_c.cpython-310-x86_64-linux-gnu.so" to ""
[2.420s] -- Installing: /media/dubhe/store/learning/ros2_learning_experience/chapter4/chapt4_ws/src/install/chapt4_interfaces/local/lib/python3.10/dist-packages/chapt4_interfaces/chapt4_interfaces_s__rosidl_typesupport_c.cpython-310-x86_64-linux-gnu.so
[2.420s] -- Set runtime path of "/media/dubhe/store/learning/ros2_learning_experience/chapter4/chapt4_ws/src/install/chapt4_interfaces/local/lib/python3.10/dist-packages/chapt4_interfaces/chapt4_interfaces_s__rosidl_typesupport_c.cpython-310-x86_64-linux-gnu.so" to ""
[2.420s] -- Installing: /media/dubhe/store/learning/ros2_learning_experience/chapter4/chapt4_ws/src/install/chapt4_interfaces/lib/libchapt4_interfaces__rosidl_generator_py.so
[2.420s] -- Set runtime path of "/media/dubhe/store/learning/ros2_learning_experience/chapter4/chapt4_ws/src/install/chapt4_interfaces/lib/libchapt4_interfaces__rosidl_generator_py.so" to ""
[2.420s] -- Installing: /media/dubhe/store/learning/ros2_learning_experience/chapter4/chapt4_ws/src/install/chapt4_interfaces/share/chapt4_interfaces/srv/FaceDetector.idl
[2.420s] -- Installing: /media/dubhe/store/learning/ros2_learning_experience/chapter4/chapt4_ws/src/install/chapt4_interfaces/share/chapt4_interfaces/srv/FaceDetector.srv
[2.420s] -- Installing: /media/dubhe/store/learning/ros2_learning_experience/chapter4/chapt4_ws/src/install/chapt4_interfaces/share/chapt4_interfaces/srv/FaceDetector_Request.msg
[2.420s] -- Installing: /media/dubhe/store/learning/ros2_learning_experience/chapter4/chapt4_ws/src/install/chapt4_interfaces/share/chapt4_interfaces/srv/FaceDetector_Response.msg
[2.420s] -- Installing: /media/dubhe/store/learning/ros2_learning_experience/chapter4/chapt4_ws/src/install/chapt4_interfaces/share/ament_index/resource_index/package_run_dependencies/chapt4_interfaces
[2.420s] -- Installing: /media/dubhe/store/learning/ros2_learning_experience/chapter4/chapt4_ws/src/install/chapt4_interfaces/share/ament_index/resource_index/parent_prefix_path/chapt4_interfaces
[2.421s] -- Installing: /media/dubhe/store/learning/ros2_learning_experience/chapter4/chapt4_ws/src/install/chapt4_interfaces/share/chapt4_interfaces/environment/ament_prefix_path.sh
[2.421s] -- Installing: /media/dubhe/store/learning/ros2_learning_experience/chapter4/chapt4_ws/src/install/chapt4_interfaces/share/chapt4_interfaces/environment/ament_prefix_path.dsv
[2.421s] -- Installing: /media/dubhe/store/learning/ros2_learning_experience/chapter4/chapt4_ws/src/install/chapt4_interfaces/share/chapt4_interfaces/environment/path.sh
[2.421s] -- Installing: /media/dubhe/store/learning/ros2_learning_experience/chapter4/chapt4_ws/src/install/chapt4_interfaces/share/chapt4_interfaces/environment/path.dsv
[2.421s] -- Installing: /media/dubhe/store/learning/ros2_learning_experience/chapter4/chapt4_ws/src/install/chapt4_interfaces/share/chapt4_interfaces/local_setup.bash
[2.421s] -- Installing: /media/dubhe/store/learning/ros2_learning_experience/chapter4/chapt4_ws/src/install/chapt4_interfaces/share/chapt4_interfaces/local_setup.sh
[2.421s] -- Installing: /media/dubhe/store/learning/ros2_learning_experience/chapter4/chapt4_ws/src/install/chapt4_interfaces/share/chapt4_interfaces/local_setup.zsh
[2.421s] -- Installing: /media/dubhe/store/learning/ros2_learning_experience/chapter4/chapt4_ws/src/install/chapt4_interfaces/share/chapt4_interfaces/local_setup.dsv
[2.421s] -- Installing: /media/dubhe/store/learning/ros2_learning_experience/chapter4/chapt4_ws/src/install/chapt4_interfaces/share/chapt4_interfaces/package.dsv
[2.421s] -- Installing: /media/dubhe/store/learning/ros2_learning_experience/chapter4/chapt4_ws/src/install/chapt4_interfaces/share/ament_index/resource_index/packages/chapt4_interfaces
[2.421s] -- Installing: /media/dubhe/store/learning/ros2_learning_experience/chapter4/chapt4_ws/src/install/chapt4_interfaces/share/chapt4_interfaces/cmake/export_chapt4_interfaces__rosidl_generator_cExport.cmake
[2.421s] -- Installing: /media/dubhe/store/learning/ros2_learning_experience/chapter4/chapt4_ws/src/install/chapt4_interfaces/share/chapt4_interfaces/cmake/export_chapt4_interfaces__rosidl_generator_cExport-noconfig.cmake
[2.421s] -- Installing: /media/dubhe/store/learning/ros2_learning_experience/chapter4/chapt4_ws/src/install/chapt4_interfaces/share/chapt4_interfaces/cmake/export_chapt4_interfaces__rosidl_typesupport_fastrtps_cExport.cmake
[2.422s] -- Installing: /media/dubhe/store/learning/ros2_learning_experience/chapter4/chapt4_ws/src/install/chapt4_interfaces/share/chapt4_interfaces/cmake/export_chapt4_interfaces__rosidl_typesupport_fastrtps_cExport-noconfig.cmake
[2.422s] -- Installing: /media/dubhe/store/learning/ros2_learning_experience/chapter4/chapt4_ws/src/install/chapt4_interfaces/share/chapt4_interfaces/cmake/chapt4_interfaces__rosidl_typesupport_introspection_cExport.cmake
[2.422s] -- Installing: /media/dubhe/store/learning/ros2_learning_experience/chapter4/chapt4_ws/src/install/chapt4_interfaces/share/chapt4_interfaces/cmake/chapt4_interfaces__rosidl_typesupport_introspection_cExport-noconfig.cmake
[2.422s] -- Installing: /media/dubhe/store/learning/ros2_learning_experience/chapter4/chapt4_ws/src/install/chapt4_interfaces/share/chapt4_interfaces/cmake/chapt4_interfaces__rosidl_typesupport_cExport.cmake
[2.422s] -- Installing: /media/dubhe/store/learning/ros2_learning_experience/chapter4/chapt4_ws/src/install/chapt4_interfaces/share/chapt4_interfaces/cmake/chapt4_interfaces__rosidl_typesupport_cExport-noconfig.cmake
[2.422s] -- Installing: /media/dubhe/store/learning/ros2_learning_experience/chapter4/chapt4_ws/src/install/chapt4_interfaces/share/chapt4_interfaces/cmake/export_chapt4_interfaces__rosidl_generator_cppExport.cmake
[2.422s] -- Installing: /media/dubhe/store/learning/ros2_learning_experience/chapter4/chapt4_ws/src/install/chapt4_interfaces/share/chapt4_interfaces/cmake/export_chapt4_interfaces__rosidl_typesupport_fastrtps_cppExport.cmake
[2.422s] -- Installing: /media/dubhe/store/learning/ros2_learning_experience/chapter4/chapt4_ws/src/install/chapt4_interfaces/share/chapt4_interfaces/cmake/export_chapt4_interfaces__rosidl_typesupport_fastrtps_cppExport-noconfig.cmake
[2.422s] -- Installing: /media/dubhe/store/learning/ros2_learning_experience/chapter4/chapt4_ws/src/install/chapt4_interfaces/share/chapt4_interfaces/cmake/chapt4_interfaces__rosidl_typesupport_introspection_cppExport.cmake
[2.422s] -- Installing: /media/dubhe/store/learning/ros2_learning_experience/chapter4/chapt4_ws/src/install/chapt4_interfaces/share/chapt4_interfaces/cmake/chapt4_interfaces__rosidl_typesupport_introspection_cppExport-noconfig.cmake
[2.422s] -- Installing: /media/dubhe/store/learning/ros2_learning_experience/chapter4/chapt4_ws/src/install/chapt4_interfaces/share/chapt4_interfaces/cmake/chapt4_interfaces__rosidl_typesupport_cppExport.cmake
[2.422s] -- Installing: /media/dubhe/store/learning/ros2_learning_experience/chapter4/chapt4_ws/src/install/chapt4_interfaces/share/chapt4_interfaces/cmake/chapt4_interfaces__rosidl_typesupport_cppExport-noconfig.cmake
[2.422s] -- Installing: /media/dubhe/store/learning/ros2_learning_experience/chapter4/chapt4_ws/src/install/chapt4_interfaces/share/chapt4_interfaces/cmake/export_chapt4_interfaces__rosidl_generator_pyExport.cmake
[2.422s] -- Installing: /media/dubhe/store/learning/ros2_learning_experience/chapter4/chapt4_ws/src/install/chapt4_interfaces/share/chapt4_interfaces/cmake/export_chapt4_interfaces__rosidl_generator_pyExport-noconfig.cmake
[2.423s] -- Installing: /media/dubhe/store/learning/ros2_learning_experience/chapter4/chapt4_ws/src/install/chapt4_interfaces/share/chapt4_interfaces/cmake/rosidl_cmake-extras.cmake
[2.423s] -- Installing: /media/dubhe/store/learning/ros2_learning_experience/chapter4/chapt4_ws/src/install/chapt4_interfaces/share/chapt4_interfaces/cmake/ament_cmake_export_dependencies-extras.cmake
[2.423s] -- Installing: /media/dubhe/store/learning/ros2_learning_experience/chapter4/chapt4_ws/src/install/chapt4_interfaces/share/chapt4_interfaces/cmake/ament_cmake_export_include_directories-extras.cmake
[2.423s] -- Installing: /media/dubhe/store/learning/ros2_learning_experience/chapter4/chapt4_ws/src/install/chapt4_interfaces/share/chapt4_interfaces/cmake/ament_cmake_export_libraries-extras.cmake
[2.423s] -- Installing: /media/dubhe/store/learning/ros2_learning_experience/chapter4/chapt4_ws/src/install/chapt4_interfaces/share/chapt4_interfaces/cmake/ament_cmake_export_targets-extras.cmake
[2.423s] -- Installing: /media/dubhe/store/learning/ros2_learning_experience/chapter4/chapt4_ws/src/install/chapt4_interfaces/share/chapt4_interfaces/cmake/rosidl_cmake_export_typesupport_targets-extras.cmake
[2.423s] -- Installing: /media/dubhe/store/learning/ros2_learning_experience/chapter4/chapt4_ws/src/install/chapt4_interfaces/share/chapt4_interfaces/cmake/rosidl_cmake_export_typesupport_libraries-extras.cmake
[2.423s] -- Installing: /media/dubhe/store/learning/ros2_learning_experience/chapter4/chapt4_ws/src/install/chapt4_interfaces/share/chapt4_interfaces/cmake/chapt4_interfacesConfig.cmake
[2.423s] -- Installing: /media/dubhe/store/learning/ros2_learning_experience/chapter4/chapt4_ws/src/install/chapt4_interfaces/share/chapt4_interfaces/cmake/chapt4_interfacesConfig-version.cmake
[2.423s] -- Installing: /media/dubhe/store/learning/ros2_learning_experience/chapter4/chapt4_ws/src/install/chapt4_interfaces/share/chapt4_interfaces/package.xml
[2.425s] Invoked command in '/media/dubhe/store/learning/ros2_learning_experience/chapter4/chapt4_ws/src/build/chapt4_interfaces' returned '0': CMAKE_PREFIX_PATH=${CMAKE_PREFIX_PATH}:/opt/ros/humble /usr/bin/cmake --install /media/dubhe/store/learning/ros2_learning_experience/chapter4/chapt4_ws/src/build/chapt4_interfaces
