[0.355s] Invoking command in '/media/dubhe/store/learning/ros2_learning_experience/chapter4/chapt4_ws/src/demo_python_service': PYTHONPATH=/media/dubhe/store/learning/ros2_learning_experience/chapter4/chapt4_ws/src/build/demo_python_service/prefix_override:/usr/lib/python3/dist-packages/colcon_core/task/python/colcon_distutils_commands:/media/dubhe/store/learning/ros2_learning_experience/chapter4/chapt4_ws/src/install/demo_python_service/lib/python3.10/site-packages:${PYTHONPATH} /usr/bin/python3 -W ignore:setup.py install is deprecated -W ignore:easy_install command is deprecated setup.py egg_info --egg-base ../build/demo_python_service build --build-base /media/dubhe/store/learning/ros2_learning_experience/chapter4/chapt4_ws/src/build/demo_python_service/build install --record /media/dubhe/store/learning/ros2_learning_experience/chapter4/chapt4_ws/src/build/demo_python_service/install.log --single-version-externally-managed install_data
[0.489s] running egg_info
[0.489s] writing ../build/demo_python_service/demo_python_service.egg-info/PKG-INFO
[0.489s] writing dependency_links to ../build/demo_python_service/demo_python_service.egg-info/dependency_links.txt
[0.489s] writing entry points to ../build/demo_python_service/demo_python_service.egg-info/entry_points.txt
[0.489s] writing requirements to ../build/demo_python_service/demo_python_service.egg-info/requires.txt
[0.489s] writing top-level names to ../build/demo_python_service/demo_python_service.egg-info/top_level.txt
[0.490s] reading manifest file '../build/demo_python_service/demo_python_service.egg-info/SOURCES.txt'
[0.490s] adding license file 'LICENSE'
[0.491s] writing manifest file '../build/demo_python_service/demo_python_service.egg-info/SOURCES.txt'
[0.491s] running build
[0.491s] running build_py
[0.491s] running install
[0.491s] running install_lib
[0.492s] running install_data
[0.492s] running install_egg_info
[0.493s] removing '/media/dubhe/store/learning/ros2_learning_experience/chapter4/chapt4_ws/src/install/demo_python_service/lib/python3.10/site-packages/demo_python_service-0.0.0-py3.10.egg-info' (and everything under it)
[0.494s] Copying ../build/demo_python_service/demo_python_service.egg-info to /media/dubhe/store/learning/ros2_learning_experience/chapter4/chapt4_ws/src/install/demo_python_service/lib/python3.10/site-packages/demo_python_service-0.0.0-py3.10.egg-info
[0.494s] running install_scripts
[0.507s] Installing face_detect_node script to /media/dubhe/store/learning/ros2_learning_experience/chapter4/chapt4_ws/src/install/demo_python_service/lib/demo_python_service
[0.507s] Installing learn_face_detect script to /media/dubhe/store/learning/ros2_learning_experience/chapter4/chapt4_ws/src/install/demo_python_service/lib/demo_python_service
[0.508s] writing list of installed files to '/media/dubhe/store/learning/ros2_learning_experience/chapter4/chapt4_ws/src/build/demo_python_service/install.log'
[0.521s] Invoked command in '/media/dubhe/store/learning/ros2_learning_experience/chapter4/chapt4_ws/src/demo_python_service' returned '0': PYTHONPATH=/media/dubhe/store/learning/ros2_learning_experience/chapter4/chapt4_ws/src/build/demo_python_service/prefix_override:/usr/lib/python3/dist-packages/colcon_core/task/python/colcon_distutils_commands:/media/dubhe/store/learning/ros2_learning_experience/chapter4/chapt4_ws/src/install/demo_python_service/lib/python3.10/site-packages:${PYTHONPATH} /usr/bin/python3 -W ignore:setup.py install is deprecated -W ignore:easy_install command is deprecated setup.py egg_info --egg-base ../build/demo_python_service build --build-base /media/dubhe/store/learning/ros2_learning_experience/chapter4/chapt4_ws/src/build/demo_python_service/build install --record /media/dubhe/store/learning/ros2_learning_experience/chapter4/chapt4_ws/src/build/demo_python_service/install.log --single-version-externally-managed install_data
