[0.006s] Invoking command in '/media/dubhe/store/learning/ros2_learning_experience/chapter2/chapt2_ws/build/demo_cpp_pkg': CMAKE_PREFIX_PATH=/opt/ros/humble /usr/bin/cmake --build /media/dubhe/store/learning/ros2_learning_experience/chapter2/chapt2_ws/build/demo_cpp_pkg -- -j16 -l16
[0.023s] -- Found ament_cmake: 1.3.12 (/opt/ros/humble/share/ament_cmake/cmake)
[0.097s] -- Found rclcpp: 16.0.15 (/opt/ros/humble/share/rclcpp/cmake)
[0.113s] -- Found rosidl_generator_c: 3.1.7 (/opt/ros/humble/share/rosidl_generator_c/cmake)
[0.115s] -- Found rosidl_adapter: 3.1.7 (/opt/ros/humble/share/rosidl_adapter/cmake)
[0.118s] -- Found rosidl_generator_cpp: 3.1.7 (/opt/ros/humble/share/rosidl_generator_cpp/cmake)
[0.124s] -- Using all available rosidl_typesupport_c: rosidl_typesupport_fastrtps_c;rosidl_typesupport_introspection_c
[0.131s] -- Using all available rosidl_typesupport_cpp: rosidl_typesupport_fastrtps_cpp;rosidl_typesupport_introspection_cpp
[0.149s] -- Found rmw_implementation_cmake: 6.1.2 (/opt/ros/humble/share/rmw_implementation_cmake/cmake)
[0.150s] -- Found rmw_fastrtps_cpp: 6.2.9 (/opt/ros/humble/share/rmw_fastrtps_cpp/cmake)
[0.208s] -- Using RMW implementation 'rmw_fastrtps_cpp' as default
[0.238s] -- Found ament_lint_auto: 0.12.14 (/opt/ros/humble/share/ament_lint_auto/cmake)
[0.281s] -- Added test 'cppcheck' to perform static code analysis on C / C++ code
[0.281s] -- Configured cppcheck include dirs: /media/dubhe/store/learning/ros2_learning_experience/chapter2/chapt2_ws/src/demo_cpp_pkg/include
[0.281s] -- Configured cppcheck exclude dirs and/or files: 
[0.281s] -- Added test 'flake8' to check Python code syntax and style conventions
[0.282s] -- Added test 'lint_cmake' to check CMake code style
[0.283s] -- Added test 'pep257' to check Python code against some of the docstring style conventions in PEP 257
[0.286s] -- Added test 'uncrustify' to check C / C++ code style
[0.286s] -- Configured uncrustify additional arguments: 
[0.286s] -- Added test 'xmllint' to check XML markup files
[0.287s] -- Configuring done
[0.294s] -- Generating done
[0.296s] -- Build files have been written to: /media/dubhe/store/learning/ros2_learning_experience/chapter2/chapt2_ws/build/demo_cpp_pkg
[0.313s] [35m[1mConsolidate compiler generated dependencies of target cpp_node[0m
[0.313s] [35m[1mConsolidate compiler generated dependencies of target person_node[0m
[0.319s] [ 16%] [32mBuilding CXX object CMakeFiles/learn_thread.dir/src/learn_thread.cpp.o[0m
[0.324s] [ 33%] [32mBuilding CXX object CMakeFiles/person_node.dir/src/person_node.cpp.o[0m
[0.324s] [ 50%] [32mBuilding CXX object CMakeFiles/cpp_node.dir/src/cpp_node.cpp.o[0m
[2.166s] [ 66%] [32m[1mLinking CXX executable cpp_node[0m
[2.168s] [ 83%] [32m[1mLinking CXX executable person_node[0m
[2.236s] [ 83%] Built target cpp_node
[2.239s] [ 83%] Built target person_node
[3.582s] [100%] [32m[1mLinking CXX executable learn_thread[0m
[3.694s] [100%] Built target learn_thread
[3.701s] Invoked command in '/media/dubhe/store/learning/ros2_learning_experience/chapter2/chapt2_ws/build/demo_cpp_pkg' returned '0': CMAKE_PREFIX_PATH=/opt/ros/humble /usr/bin/cmake --build /media/dubhe/store/learning/ros2_learning_experience/chapter2/chapt2_ws/build/demo_cpp_pkg -- -j16 -l16
[3.706s] Invoking command in '/media/dubhe/store/learning/ros2_learning_experience/chapter2/chapt2_ws/build/demo_cpp_pkg': CMAKE_PREFIX_PATH=/opt/ros/humble /usr/bin/cmake --install /media/dubhe/store/learning/ros2_learning_experience/chapter2/chapt2_ws/build/demo_cpp_pkg
[3.710s] -- Install configuration: ""
[3.710s] -- Installing: /media/dubhe/store/learning/ros2_learning_experience/chapter2/chapt2_ws/install/demo_cpp_pkg/lib/demo_cpp_pkg/cpp_node
[3.710s] -- Set runtime path of "/media/dubhe/store/learning/ros2_learning_experience/chapter2/chapt2_ws/install/demo_cpp_pkg/lib/demo_cpp_pkg/cpp_node" to ""
[3.711s] -- Installing: /media/dubhe/store/learning/ros2_learning_experience/chapter2/chapt2_ws/install/demo_cpp_pkg/lib/demo_cpp_pkg/person_node
[3.711s] -- Set runtime path of "/media/dubhe/store/learning/ros2_learning_experience/chapter2/chapt2_ws/install/demo_cpp_pkg/lib/demo_cpp_pkg/person_node" to ""
[3.711s] -- Up-to-date: /media/dubhe/store/learning/ros2_learning_experience/chapter2/chapt2_ws/install/demo_cpp_pkg/share/ament_index/resource_index/package_run_dependencies/demo_cpp_pkg
[3.711s] -- Up-to-date: /media/dubhe/store/learning/ros2_learning_experience/chapter2/chapt2_ws/install/demo_cpp_pkg/share/ament_index/resource_index/parent_prefix_path/demo_cpp_pkg
[3.711s] -- Up-to-date: /media/dubhe/store/learning/ros2_learning_experience/chapter2/chapt2_ws/install/demo_cpp_pkg/share/demo_cpp_pkg/environment/ament_prefix_path.sh
[3.711s] -- Installing: /media/dubhe/store/learning/ros2_learning_experience/chapter2/chapt2_ws/install/demo_cpp_pkg/share/demo_cpp_pkg/environment/ament_prefix_path.dsv
[3.711s] -- Up-to-date: /media/dubhe/store/learning/ros2_learning_experience/chapter2/chapt2_ws/install/demo_cpp_pkg/share/demo_cpp_pkg/environment/path.sh
[3.711s] -- Installing: /media/dubhe/store/learning/ros2_learning_experience/chapter2/chapt2_ws/install/demo_cpp_pkg/share/demo_cpp_pkg/environment/path.dsv
[3.711s] -- Up-to-date: /media/dubhe/store/learning/ros2_learning_experience/chapter2/chapt2_ws/install/demo_cpp_pkg/share/demo_cpp_pkg/local_setup.bash
[3.711s] -- Up-to-date: /media/dubhe/store/learning/ros2_learning_experience/chapter2/chapt2_ws/install/demo_cpp_pkg/share/demo_cpp_pkg/local_setup.sh
[3.711s] -- Up-to-date: /media/dubhe/store/learning/ros2_learning_experience/chapter2/chapt2_ws/install/demo_cpp_pkg/share/demo_cpp_pkg/local_setup.zsh
[3.711s] -- Installing: /media/dubhe/store/learning/ros2_learning_experience/chapter2/chapt2_ws/install/demo_cpp_pkg/share/demo_cpp_pkg/local_setup.dsv
[3.712s] -- Installing: /media/dubhe/store/learning/ros2_learning_experience/chapter2/chapt2_ws/install/demo_cpp_pkg/share/demo_cpp_pkg/package.dsv
[3.712s] -- Up-to-date: /media/dubhe/store/learning/ros2_learning_experience/chapter2/chapt2_ws/install/demo_cpp_pkg/share/ament_index/resource_index/packages/demo_cpp_pkg
[3.712s] -- Up-to-date: /media/dubhe/store/learning/ros2_learning_experience/chapter2/chapt2_ws/install/demo_cpp_pkg/share/demo_cpp_pkg/cmake/demo_cpp_pkgConfig.cmake
[3.712s] -- Up-to-date: /media/dubhe/store/learning/ros2_learning_experience/chapter2/chapt2_ws/install/demo_cpp_pkg/share/demo_cpp_pkg/cmake/demo_cpp_pkgConfig-version.cmake
[3.712s] -- Up-to-date: /media/dubhe/store/learning/ros2_learning_experience/chapter2/chapt2_ws/install/demo_cpp_pkg/share/demo_cpp_pkg/package.xml
[3.712s] Invoked command in '/media/dubhe/store/learning/ros2_learning_experience/chapter2/chapt2_ws/build/demo_cpp_pkg' returned '0': CMAKE_PREFIX_PATH=/opt/ros/humble /usr/bin/cmake --install /media/dubhe/store/learning/ros2_learning_experience/chapter2/chapt2_ws/build/demo_cpp_pkg
