[0.006s] Invoking command in '/media/dubhe/store/learning/ros2_learning_experience/chapter3/topic_ws/src/build/demo_cpp_topic': CMAKE_PREFIX_PATH=/media/dubhe/store/learning/ros2_learning_experience/chapter3/topic_ws/src/install/demo_python_topic:/opt/ros/humble /usr/bin/cmake /media/dubhe/store/learning/ros2_learning_experience/chapter3/topic_ws/src/demo_cpp_topic -DCMAKE_INSTALL_PREFIX=/media/dubhe/store/learning/ros2_learning_experience/chapter3/topic_ws/src/install/demo_cpp_topic
[0.015s] -- Found ament_cmake: 1.3.12 (/opt/ros/humble/share/ament_cmake/cmake)
[0.090s] -- Found rclcpp: 16.0.15 (/opt/ros/humble/share/rclcpp/cmake)
[0.106s] -- Found rosidl_generator_c: 3.1.7 (/opt/ros/humble/share/rosidl_generator_c/cmake)
[0.107s] -- Found rosidl_adapter: 3.1.7 (/opt/ros/humble/share/rosidl_adapter/cmake)
[0.111s] -- Found rosidl_generator_cpp: 3.1.7 (/opt/ros/humble/share/rosidl_generator_cpp/cmake)
[0.118s] -- Using all available rosidl_typesupport_c: rosidl_typesupport_fastrtps_c;rosidl_typesupport_introspection_c
[0.125s] -- Using all available rosidl_typesupport_cpp: rosidl_typesupport_fastrtps_cpp;rosidl_typesupport_introspection_cpp
[0.144s] -- Found rmw_implementation_cmake: 6.1.2 (/opt/ros/humble/share/rmw_implementation_cmake/cmake)
[0.144s] -- Found rmw_fastrtps_cpp: 6.2.9 (/opt/ros/humble/share/rmw_fastrtps_cpp/cmake)
[0.201s] -- Using RMW implementation 'rmw_fastrtps_cpp' as default
[0.231s] -- Found geometry_msgs: 4.9.0 (/opt/ros/humble/share/geometry_msgs/cmake)
[0.238s] -- Found turtlesim: 1.4.3 (/opt/ros/humble/share/turtlesim/cmake)
[0.259s] -- Found ament_lint_auto: 0.12.14 (/opt/ros/humble/share/ament_lint_auto/cmake)
[0.300s] -- Added test 'cppcheck' to perform static code analysis on C / C++ code
[0.300s] -- Configured cppcheck include dirs: 
[0.300s] -- Configured cppcheck exclude dirs and/or files: 
[0.300s] -- Added test 'lint_cmake' to check CMake code style
[0.300s] -- Added test 'uncrustify' to check C / C++ code style
[0.300s] -- Configured uncrustify additional arguments: 
[0.301s] -- Added test 'xmllint' to check XML markup files
[0.301s] -- Configuring done
[0.306s] -- Generating done
[0.309s] -- Build files have been written to: /media/dubhe/store/learning/ros2_learning_experience/chapter3/topic_ws/src/build/demo_cpp_topic
[0.316s] Invoked command in '/media/dubhe/store/learning/ros2_learning_experience/chapter3/topic_ws/src/build/demo_cpp_topic' returned '0': CMAKE_PREFIX_PATH=/media/dubhe/store/learning/ros2_learning_experience/chapter3/topic_ws/src/install/demo_python_topic:/opt/ros/humble /usr/bin/cmake /media/dubhe/store/learning/ros2_learning_experience/chapter3/topic_ws/src/demo_cpp_topic -DCMAKE_INSTALL_PREFIX=/media/dubhe/store/learning/ros2_learning_experience/chapter3/topic_ws/src/install/demo_cpp_topic
[0.317s] Invoking command in '/media/dubhe/store/learning/ros2_learning_experience/chapter3/topic_ws/src/build/demo_cpp_topic': CMAKE_PREFIX_PATH=/media/dubhe/store/learning/ros2_learning_experience/chapter3/topic_ws/src/install/demo_python_topic:/opt/ros/humble /usr/bin/cmake --build /media/dubhe/store/learning/ros2_learning_experience/chapter3/topic_ws/src/build/demo_cpp_topic -- -j16 -l16
[0.346s] [ 50%] [32mBuilding CXX object CMakeFiles/turtle_circle.dir/src/turtle_circle.cpp.o[0m
[3.042s] [100%] [32m[1mLinking CXX executable turtle_circle[0m
[3.176s] [100%] Built target turtle_circle
[3.183s] Invoked command in '/media/dubhe/store/learning/ros2_learning_experience/chapter3/topic_ws/src/build/demo_cpp_topic' returned '0': CMAKE_PREFIX_PATH=/media/dubhe/store/learning/ros2_learning_experience/chapter3/topic_ws/src/install/demo_python_topic:/opt/ros/humble /usr/bin/cmake --build /media/dubhe/store/learning/ros2_learning_experience/chapter3/topic_ws/src/build/demo_cpp_topic -- -j16 -l16
[3.188s] Invoking command in '/media/dubhe/store/learning/ros2_learning_experience/chapter3/topic_ws/src/build/demo_cpp_topic': CMAKE_PREFIX_PATH=/media/dubhe/store/learning/ros2_learning_experience/chapter3/topic_ws/src/install/demo_python_topic:/opt/ros/humble /usr/bin/cmake --install /media/dubhe/store/learning/ros2_learning_experience/chapter3/topic_ws/src/build/demo_cpp_topic
[3.192s] -- Install configuration: ""
[3.192s] -- Installing: /media/dubhe/store/learning/ros2_learning_experience/chapter3/topic_ws/src/install/demo_cpp_topic/lib/demo_cpp_topic/turtle_circle
[3.193s] -- Set runtime path of "/media/dubhe/store/learning/ros2_learning_experience/chapter3/topic_ws/src/install/demo_cpp_topic/lib/demo_cpp_topic/turtle_circle" to ""
[3.193s] -- Installing: /media/dubhe/store/learning/ros2_learning_experience/chapter3/topic_ws/src/install/demo_cpp_topic/share/ament_index/resource_index/package_run_dependencies/demo_cpp_topic
[3.193s] -- Installing: /media/dubhe/store/learning/ros2_learning_experience/chapter3/topic_ws/src/install/demo_cpp_topic/share/ament_index/resource_index/parent_prefix_path/demo_cpp_topic
[3.193s] -- Installing: /media/dubhe/store/learning/ros2_learning_experience/chapter3/topic_ws/src/install/demo_cpp_topic/share/demo_cpp_topic/environment/ament_prefix_path.sh
[3.193s] -- Installing: /media/dubhe/store/learning/ros2_learning_experience/chapter3/topic_ws/src/install/demo_cpp_topic/share/demo_cpp_topic/environment/ament_prefix_path.dsv
[3.193s] -- Installing: /media/dubhe/store/learning/ros2_learning_experience/chapter3/topic_ws/src/install/demo_cpp_topic/share/demo_cpp_topic/environment/path.sh
[3.193s] -- Installing: /media/dubhe/store/learning/ros2_learning_experience/chapter3/topic_ws/src/install/demo_cpp_topic/share/demo_cpp_topic/environment/path.dsv
[3.193s] -- Installing: /media/dubhe/store/learning/ros2_learning_experience/chapter3/topic_ws/src/install/demo_cpp_topic/share/demo_cpp_topic/local_setup.bash
[3.193s] -- Installing: /media/dubhe/store/learning/ros2_learning_experience/chapter3/topic_ws/src/install/demo_cpp_topic/share/demo_cpp_topic/local_setup.sh
[3.193s] -- Installing: /media/dubhe/store/learning/ros2_learning_experience/chapter3/topic_ws/src/install/demo_cpp_topic/share/demo_cpp_topic/local_setup.zsh
[3.193s] -- Installing: /media/dubhe/store/learning/ros2_learning_experience/chapter3/topic_ws/src/install/demo_cpp_topic/share/demo_cpp_topic/local_setup.dsv
[3.193s] -- Installing: /media/dubhe/store/learning/ros2_learning_experience/chapter3/topic_ws/src/install/demo_cpp_topic/share/demo_cpp_topic/package.dsv
[3.194s] -- Installing: /media/dubhe/store/learning/ros2_learning_experience/chapter3/topic_ws/src/install/demo_cpp_topic/share/ament_index/resource_index/packages/demo_cpp_topic
[3.194s] -- Installing: /media/dubhe/store/learning/ros2_learning_experience/chapter3/topic_ws/src/install/demo_cpp_topic/share/demo_cpp_topic/cmake/demo_cpp_topicConfig.cmake
[3.194s] -- Installing: /media/dubhe/store/learning/ros2_learning_experience/chapter3/topic_ws/src/install/demo_cpp_topic/share/demo_cpp_topic/cmake/demo_cpp_topicConfig-version.cmake
[3.194s] -- Installing: /media/dubhe/store/learning/ros2_learning_experience/chapter3/topic_ws/src/install/demo_cpp_topic/share/demo_cpp_topic/package.xml
[3.195s] Invoked command in '/media/dubhe/store/learning/ros2_learning_experience/chapter3/topic_ws/src/build/demo_cpp_topic' returned '0': CMAKE_PREFIX_PATH=/media/dubhe/store/learning/ros2_learning_experience/chapter3/topic_ws/src/install/demo_python_topic:/opt/ros/humble /usr/bin/cmake --install /media/dubhe/store/learning/ros2_learning_experience/chapter3/topic_ws/src/build/demo_cpp_topic
