[0.006s] Invoking command in '/media/dubhe/store/learning/ros2_learning_experience/chapter6/chapt6_ws/build/urdf_tutorial': CMAKE_PREFIX_PATH=${CMAKE_PREFIX_PATH}:/opt/ros/humble /usr/bin/cmake /media/dubhe/store/learning/ros2_learning_experience/chapter6/chapt6_ws/src/urdf_tutorial -DCMAKE_INSTALL_PREFIX=/media/dubhe/store/learning/ros2_learning_experience/chapter6/chapt6_ws/install/urdf_tutorial
[0.040s] -- The C compiler identification is GNU 11.4.0
[0.076s] -- The CXX compiler identification is GNU 11.4.0
[0.081s] -- Detecting C compiler ABI info
[0.125s] -- Detecting C compiler ABI info - done
[0.129s] -- Check for working C compiler: /usr/bin/cc - skipped
[0.130s] -- Detecting C compile features
[0.130s] -- Detecting C compile features - done
[0.132s] -- Detecting CXX compiler ABI info
[0.181s] -- Detecting CXX compiler ABI info - done
[0.186s] -- Check for working CXX compiler: /usr/bin/c++ - skipped
[0.186s] -- Detecting CXX compile features
[0.186s] -- Detecting CXX compile features - done
[0.187s] -- Found ament_cmake: 1.3.12 (/opt/ros/humble/share/ament_cmake/cmake)
[0.624s] -- Found Python3: /usr/bin/python3 (found version "3.10.12") found components: Interpreter 
[0.683s] -- Found ament_lint_auto: 0.12.14 (/opt/ros/humble/share/ament_lint_auto/cmake)
[0.726s] -- Configuring done
[0.728s] -- Generating done
[0.729s] -- Build files have been written to: /media/dubhe/store/learning/ros2_learning_experience/chapter6/chapt6_ws/build/urdf_tutorial
[0.732s] Invoked command in '/media/dubhe/store/learning/ros2_learning_experience/chapter6/chapt6_ws/build/urdf_tutorial' returned '0': CMAKE_PREFIX_PATH=${CMAKE_PREFIX_PATH}:/opt/ros/humble /usr/bin/cmake /media/dubhe/store/learning/ros2_learning_experience/chapter6/chapt6_ws/src/urdf_tutorial -DCMAKE_INSTALL_PREFIX=/media/dubhe/store/learning/ros2_learning_experience/chapter6/chapt6_ws/install/urdf_tutorial
[0.733s] Invoking command in '/media/dubhe/store/learning/ros2_learning_experience/chapter6/chapt6_ws/build/urdf_tutorial': CMAKE_PREFIX_PATH=${CMAKE_PREFIX_PATH}:/opt/ros/humble /usr/bin/cmake --build /media/dubhe/store/learning/ros2_learning_experience/chapter6/chapt6_ws/build/urdf_tutorial -- -j16 -l16
[0.759s] Invoked command in '/media/dubhe/store/learning/ros2_learning_experience/chapter6/chapt6_ws/build/urdf_tutorial' returned '0': CMAKE_PREFIX_PATH=${CMAKE_PREFIX_PATH}:/opt/ros/humble /usr/bin/cmake --build /media/dubhe/store/learning/ros2_learning_experience/chapter6/chapt6_ws/build/urdf_tutorial -- -j16 -l16
[0.760s] Invoking command in '/media/dubhe/store/learning/ros2_learning_experience/chapter6/chapt6_ws/build/urdf_tutorial': CMAKE_PREFIX_PATH=${CMAKE_PREFIX_PATH}:/opt/ros/humble /usr/bin/cmake --install /media/dubhe/store/learning/ros2_learning_experience/chapter6/chapt6_ws/build/urdf_tutorial
[0.765s] -- Install configuration: ""
[0.765s] -- Installing: /media/dubhe/store/learning/ros2_learning_experience/chapter6/chapt6_ws/install/urdf_tutorial/share/urdf_tutorial/images
[0.765s] -- Installing: /media/dubhe/store/learning/ros2_learning_experience/chapter6/chapt6_ws/install/urdf_tutorial/share/urdf_tutorial/images/origins.png
[0.765s] -- Installing: /media/dubhe/store/learning/ros2_learning_experience/chapter6/chapt6_ws/install/urdf_tutorial/share/urdf_tutorial/images/myfirst.png
[0.765s] -- Installing: /media/dubhe/store/learning/ros2_learning_experience/chapter6/chapt6_ws/install/urdf_tutorial/share/urdf_tutorial/images/flexible.png
[0.765s] -- Installing: /media/dubhe/store/learning/ros2_learning_experience/chapter6/chapt6_ws/install/urdf_tutorial/share/urdf_tutorial/images/materials.png
[0.766s] -- Installing: /media/dubhe/store/learning/ros2_learning_experience/chapter6/chapt6_ws/install/urdf_tutorial/share/urdf_tutorial/images/visual.png
[0.766s] -- Installing: /media/dubhe/store/learning/ros2_learning_experience/chapter6/chapt6_ws/install/urdf_tutorial/share/urdf_tutorial/images/multipleshapes.png
[0.766s] -- Installing: /media/dubhe/store/learning/ros2_learning_experience/chapter6/chapt6_ws/install/urdf_tutorial/share/urdf_tutorial/launch
[0.766s] -- Installing: /media/dubhe/store/learning/ros2_learning_experience/chapter6/chapt6_ws/install/urdf_tutorial/share/urdf_tutorial/launch/display.launch.py
[0.766s] -- Installing: /media/dubhe/store/learning/ros2_learning_experience/chapter6/chapt6_ws/install/urdf_tutorial/share/urdf_tutorial/meshes
[0.766s] -- Installing: /media/dubhe/store/learning/ros2_learning_experience/chapter6/chapt6_ws/install/urdf_tutorial/share/urdf_tutorial/meshes/l_finger_tip_color.png
[0.766s] -- Installing: /media/dubhe/store/learning/ros2_learning_experience/chapter6/chapt6_ws/install/urdf_tutorial/share/urdf_tutorial/meshes/l_finger_color.png
[0.766s] -- Installing: /media/dubhe/store/learning/ros2_learning_experience/chapter6/chapt6_ws/install/urdf_tutorial/share/urdf_tutorial/meshes/l_finger.dae
[0.766s] -- Installing: /media/dubhe/store/learning/ros2_learning_experience/chapter6/chapt6_ws/install/urdf_tutorial/share/urdf_tutorial/meshes/l_finger_tip.dae
[0.766s] -- Installing: /media/dubhe/store/learning/ros2_learning_experience/chapter6/chapt6_ws/install/urdf_tutorial/share/urdf_tutorial/rviz
[0.766s] -- Installing: /media/dubhe/store/learning/ros2_learning_experience/chapter6/chapt6_ws/install/urdf_tutorial/share/urdf_tutorial/rviz/urdf.rviz
[0.766s] -- Installing: /media/dubhe/store/learning/ros2_learning_experience/chapter6/chapt6_ws/install/urdf_tutorial/share/urdf_tutorial/urdf
[0.766s] -- Installing: /media/dubhe/store/learning/ros2_learning_experience/chapter6/chapt6_ws/install/urdf_tutorial/share/urdf_tutorial/urdf/08-macroed.urdf.xacro
[0.766s] -- Installing: /media/dubhe/store/learning/ros2_learning_experience/chapter6/chapt6_ws/install/urdf_tutorial/share/urdf_tutorial/urdf/07-physics.urdf
[0.767s] -- Installing: /media/dubhe/store/learning/ros2_learning_experience/chapter6/chapt6_ws/install/urdf_tutorial/share/urdf_tutorial/urdf/03-origins.urdf
[0.767s] -- Installing: /media/dubhe/store/learning/ros2_learning_experience/chapter6/chapt6_ws/install/urdf_tutorial/share/urdf_tutorial/urdf/04-materials.urdf
[0.767s] -- Installing: /media/dubhe/store/learning/ros2_learning_experience/chapter6/chapt6_ws/install/urdf_tutorial/share/urdf_tutorial/urdf/02-multipleshapes.urdf
[0.767s] -- Installing: /media/dubhe/store/learning/ros2_learning_experience/chapter6/chapt6_ws/install/urdf_tutorial/share/urdf_tutorial/urdf/01-myfirst.urdf
[0.767s] -- Installing: /media/dubhe/store/learning/ros2_learning_experience/chapter6/chapt6_ws/install/urdf_tutorial/share/urdf_tutorial/urdf/06-flexible.urdf
[0.767s] -- Installing: /media/dubhe/store/learning/ros2_learning_experience/chapter6/chapt6_ws/install/urdf_tutorial/share/urdf_tutorial/urdf/05-visual.urdf
[0.767s] -- Installing: /media/dubhe/store/learning/ros2_learning_experience/chapter6/chapt6_ws/install/urdf_tutorial/share/ament_index/resource_index/package_run_dependencies/urdf_tutorial
[0.767s] -- Installing: /media/dubhe/store/learning/ros2_learning_experience/chapter6/chapt6_ws/install/urdf_tutorial/share/ament_index/resource_index/parent_prefix_path/urdf_tutorial
[0.767s] -- Installing: /media/dubhe/store/learning/ros2_learning_experience/chapter6/chapt6_ws/install/urdf_tutorial/share/urdf_tutorial/environment/ament_prefix_path.sh
[0.767s] -- Installing: /media/dubhe/store/learning/ros2_learning_experience/chapter6/chapt6_ws/install/urdf_tutorial/share/urdf_tutorial/environment/ament_prefix_path.dsv
[0.767s] -- Installing: /media/dubhe/store/learning/ros2_learning_experience/chapter6/chapt6_ws/install/urdf_tutorial/share/urdf_tutorial/environment/path.sh
[0.767s] -- Installing: /media/dubhe/store/learning/ros2_learning_experience/chapter6/chapt6_ws/install/urdf_tutorial/share/urdf_tutorial/environment/path.dsv
[0.767s] -- Installing: /media/dubhe/store/learning/ros2_learning_experience/chapter6/chapt6_ws/install/urdf_tutorial/share/urdf_tutorial/local_setup.bash
[0.767s] -- Installing: /media/dubhe/store/learning/ros2_learning_experience/chapter6/chapt6_ws/install/urdf_tutorial/share/urdf_tutorial/local_setup.sh
[0.767s] -- Installing: /media/dubhe/store/learning/ros2_learning_experience/chapter6/chapt6_ws/install/urdf_tutorial/share/urdf_tutorial/local_setup.zsh
[0.767s] -- Installing: /media/dubhe/store/learning/ros2_learning_experience/chapter6/chapt6_ws/install/urdf_tutorial/share/urdf_tutorial/local_setup.dsv
[0.768s] -- Installing: /media/dubhe/store/learning/ros2_learning_experience/chapter6/chapt6_ws/install/urdf_tutorial/share/urdf_tutorial/package.dsv
[0.768s] -- Installing: /media/dubhe/store/learning/ros2_learning_experience/chapter6/chapt6_ws/install/urdf_tutorial/share/ament_index/resource_index/packages/urdf_tutorial
[0.768s] -- Installing: /media/dubhe/store/learning/ros2_learning_experience/chapter6/chapt6_ws/install/urdf_tutorial/share/urdf_tutorial/cmake/urdf_tutorialConfig.cmake
[0.768s] -- Installing: /media/dubhe/store/learning/ros2_learning_experience/chapter6/chapt6_ws/install/urdf_tutorial/share/urdf_tutorial/cmake/urdf_tutorialConfig-version.cmake
[0.768s] -- Installing: /media/dubhe/store/learning/ros2_learning_experience/chapter6/chapt6_ws/install/urdf_tutorial/share/urdf_tutorial/package.xml
[0.769s] Invoked command in '/media/dubhe/store/learning/ros2_learning_experience/chapter6/chapt6_ws/build/urdf_tutorial' returned '0': CMAKE_PREFIX_PATH=${CMAKE_PREFIX_PATH}:/opt/ros/humble /usr/bin/cmake --install /media/dubhe/store/learning/ros2_learning_experience/chapter6/chapt6_ws/build/urdf_tutorial
