[0.620s] Invoking command in '/media/dubhe/store/learning/ros2_learning_experience/chapter5/chapt5_ws/src/demo_python_tf': PYTHONPATH=/media/dubhe/store/learning/ros2_learning_experience/chapter5/chapt5_ws/build/demo_python_tf/prefix_override:/usr/lib/python3/dist-packages/colcon_core/task/python/colcon_distutils_commands:/media/dubhe/store/learning/ros2_learning_experience/chapter5/chapt5_ws/install/demo_python_tf/lib/python3.10/site-packages:${PYTHONPATH} /usr/bin/python3 -W ignore:setup.py install is deprecated -W ignore:easy_install command is deprecated setup.py egg_info --egg-base ../../build/demo_python_tf build --build-base /media/dubhe/store/learning/ros2_learning_experience/chapter5/chapt5_ws/build/demo_python_tf/build install --record /media/dubhe/store/learning/ros2_learning_experience/chapter5/chapt5_ws/build/demo_python_tf/install.log --single-version-externally-managed install_data
[0.848s] running egg_info
[0.856s] writing ../../build/demo_python_tf/demo_python_tf.egg-info/PKG-INFO
[0.856s] writing dependency_links to ../../build/demo_python_tf/demo_python_tf.egg-info/dependency_links.txt
[0.856s] writing entry points to ../../build/demo_python_tf/demo_python_tf.egg-info/entry_points.txt
[0.856s] writing requirements to ../../build/demo_python_tf/demo_python_tf.egg-info/requires.txt
[0.856s] writing top-level names to ../../build/demo_python_tf/demo_python_tf.egg-info/top_level.txt
[0.873s] reading manifest file '../../build/demo_python_tf/demo_python_tf.egg-info/SOURCES.txt'
[0.873s] adding license file 'LICENSE'
[0.874s] writing manifest file '../../build/demo_python_tf/demo_python_tf.egg-info/SOURCES.txt'
[0.874s] running build
[0.874s] running build_py
[0.874s] copying demo_python_tf/tf_listener.py -> /media/dubhe/store/learning/ros2_learning_experience/chapter5/chapt5_ws/build/demo_python_tf/build/lib/demo_python_tf
[0.874s] running install
[0.878s] running install_lib
[0.886s] copying /media/dubhe/store/learning/ros2_learning_experience/chapter5/chapt5_ws/build/demo_python_tf/build/lib/demo_python_tf/tf_listener.py -> /media/dubhe/store/learning/ros2_learning_experience/chapter5/chapt5_ws/install/demo_python_tf/lib/python3.10/site-packages/demo_python_tf
[0.886s] byte-compiling /media/dubhe/store/learning/ros2_learning_experience/chapter5/chapt5_ws/install/demo_python_tf/lib/python3.10/site-packages/demo_python_tf/tf_listener.py to tf_listener.cpython-310.pyc
[0.886s] running install_data
[0.886s] running install_egg_info
[0.894s] removing '/media/dubhe/store/learning/ros2_learning_experience/chapter5/chapt5_ws/install/demo_python_tf/lib/python3.10/site-packages/demo_python_tf-0.0.0-py3.10.egg-info' (and everything under it)
[0.894s] Copying ../../build/demo_python_tf/demo_python_tf.egg-info to /media/dubhe/store/learning/ros2_learning_experience/chapter5/chapt5_ws/install/demo_python_tf/lib/python3.10/site-packages/demo_python_tf-0.0.0-py3.10.egg-info
[0.895s] running install_scripts
[0.945s] Installing dynamic_tf_broadcaster script to /media/dubhe/store/learning/ros2_learning_experience/chapter5/chapt5_ws/install/demo_python_tf/lib/demo_python_tf
[0.945s] Installing static_tf_broadcaster script to /media/dubhe/store/learning/ros2_learning_experience/chapter5/chapt5_ws/install/demo_python_tf/lib/demo_python_tf
[0.945s] Installing tf_listener script to /media/dubhe/store/learning/ros2_learning_experience/chapter5/chapt5_ws/install/demo_python_tf/lib/demo_python_tf
[0.945s] writing list of installed files to '/media/dubhe/store/learning/ros2_learning_experience/chapter5/chapt5_ws/build/demo_python_tf/install.log'
[0.969s] Invoked command in '/media/dubhe/store/learning/ros2_learning_experience/chapter5/chapt5_ws/src/demo_python_tf' returned '0': PYTHONPATH=/media/dubhe/store/learning/ros2_learning_experience/chapter5/chapt5_ws/build/demo_python_tf/prefix_override:/usr/lib/python3/dist-packages/colcon_core/task/python/colcon_distutils_commands:/media/dubhe/store/learning/ros2_learning_experience/chapter5/chapt5_ws/install/demo_python_tf/lib/python3.10/site-packages:${PYTHONPATH} /usr/bin/python3 -W ignore:setup.py install is deprecated -W ignore:easy_install command is deprecated setup.py egg_info --egg-base ../../build/demo_python_tf build --build-base /media/dubhe/store/learning/ros2_learning_experience/chapter5/chapt5_ws/build/demo_python_tf/build install --record /media/dubhe/store/learning/ros2_learning_experience/chapter5/chapt5_ws/build/demo_python_tf/install.log --single-version-externally-managed install_data
