/media/dubhe/store/learning/ros2_learning_experience/chapter5/chapt5_ws/install/demo_python_tf/lib/python3.10/site-packages/demo_python_tf/__init__.py
/media/dubhe/store/learning/ros2_learning_experience/chapter5/chapt5_ws/install/demo_python_tf/lib/python3.10/site-packages/demo_python_tf/static_tf_broadcaster.py
/media/dubhe/store/learning/ros2_learning_experience/chapter5/chapt5_ws/install/demo_python_tf/lib/python3.10/site-packages/demo_python_tf/tf_listener.py
/media/dubhe/store/learning/ros2_learning_experience/chapter5/chapt5_ws/install/demo_python_tf/lib/python3.10/site-packages/demo_python_tf/dynamic_tf_broadcaster.py
/media/dubhe/store/learning/ros2_learning_experience/chapter5/chapt5_ws/install/demo_python_tf/lib/python3.10/site-packages/demo_python_tf/__pycache__/__init__.cpython-310.pyc
/media/dubhe/store/learning/ros2_learning_experience/chapter5/chapt5_ws/install/demo_python_tf/lib/python3.10/site-packages/demo_python_tf/__pycache__/static_tf_broadcaster.cpython-310.pyc
/media/dubhe/store/learning/ros2_learning_experience/chapter5/chapt5_ws/install/demo_python_tf/lib/python3.10/site-packages/demo_python_tf/__pycache__/tf_listener.cpython-310.pyc
/media/dubhe/store/learning/ros2_learning_experience/chapter5/chapt5_ws/install/demo_python_tf/lib/python3.10/site-packages/demo_python_tf/__pycache__/dynamic_tf_broadcaster.cpython-310.pyc
/media/dubhe/store/learning/ros2_learning_experience/chapter5/chapt5_ws/install/demo_python_tf/share/ament_index/resource_index/packages/demo_python_tf
/media/dubhe/store/learning/ros2_learning_experience/chapter5/chapt5_ws/install/demo_python_tf/share/demo_python_tf/package.xml
/media/dubhe/store/learning/ros2_learning_experience/chapter5/chapt5_ws/install/demo_python_tf/lib/python3.10/site-packages/demo_python_tf-0.0.0-py3.10.egg-info/dependency_links.txt
/media/dubhe/store/learning/ros2_learning_experience/chapter5/chapt5_ws/install/demo_python_tf/lib/python3.10/site-packages/demo_python_tf-0.0.0-py3.10.egg-info/top_level.txt
/media/dubhe/store/learning/ros2_learning_experience/chapter5/chapt5_ws/install/demo_python_tf/lib/python3.10/site-packages/demo_python_tf-0.0.0-py3.10.egg-info/requires.txt
/media/dubhe/store/learning/ros2_learning_experience/chapter5/chapt5_ws/install/demo_python_tf/lib/python3.10/site-packages/demo_python_tf-0.0.0-py3.10.egg-info/zip-safe
/media/dubhe/store/learning/ros2_learning_experience/chapter5/chapt5_ws/install/demo_python_tf/lib/python3.10/site-packages/demo_python_tf-0.0.0-py3.10.egg-info/SOURCES.txt
/media/dubhe/store/learning/ros2_learning_experience/chapter5/chapt5_ws/install/demo_python_tf/lib/python3.10/site-packages/demo_python_tf-0.0.0-py3.10.egg-info/entry_points.txt
/media/dubhe/store/learning/ros2_learning_experience/chapter5/chapt5_ws/install/demo_python_tf/lib/python3.10/site-packages/demo_python_tf-0.0.0-py3.10.egg-info/PKG-INFO
/media/dubhe/store/learning/ros2_learning_experience/chapter5/chapt5_ws/install/demo_python_tf/lib/demo_python_tf/dynamic_tf_broadcaster
/media/dubhe/store/learning/ros2_learning_experience/chapter5/chapt5_ws/install/demo_python_tf/lib/demo_python_tf/static_tf_broadcaster
/media/dubhe/store/learning/ros2_learning_experience/chapter5/chapt5_ws/install/demo_python_tf/lib/demo_python_tf/tf_listener
