[0.010s] Invoking command in '/media/dubhe/store/learning/ros2_learning_experience/chapter6/chapt6_ws/build/arm3dof_description': CMAKE_PREFIX_PATH=/opt/ros/humble /usr/bin/cmake --build /media/dubhe/store/learning/ros2_learning_experience/chapter6/chapt6_ws/build/arm3dof_description -- -j16 -l16
[0.024s] -- Found ament_cmake: 1.3.12 (/opt/ros/humble/share/ament_cmake/cmake)
[0.110s] -- Found ament_lint_auto: 0.12.14 (/opt/ros/humble/share/ament_lint_auto/cmake)
[0.154s] -- Added test 'copyright' to check source files copyright and LICENSE
[0.155s] -- Added test 'flake8' to check Python code syntax and style conventions
[0.155s] -- Added test 'lint_cmake' to check CMake code style
[0.155s] -- Added test 'pep257' to check Python code against some of the docstring style conventions in PEP 257
[0.156s] -- Added test 'xmllint' to check XML markup files
[0.156s] -- Configuring done
[0.158s] -- Generating done
[0.159s] -- Build files have been written to: /media/dubhe/store/learning/ros2_learning_experience/chapter6/chapt6_ws/build/arm3dof_description
[0.172s] Invoked command in '/media/dubhe/store/learning/ros2_learning_experience/chapter6/chapt6_ws/build/arm3dof_description' returned '0': CMAKE_PREFIX_PATH=/opt/ros/humble /usr/bin/cmake --build /media/dubhe/store/learning/ros2_learning_experience/chapter6/chapt6_ws/build/arm3dof_description -- -j16 -l16
[0.173s] Invoking command in '/media/dubhe/store/learning/ros2_learning_experience/chapter6/chapt6_ws/build/arm3dof_description': CMAKE_PREFIX_PATH=/opt/ros/humble /usr/bin/cmake --install /media/dubhe/store/learning/ros2_learning_experience/chapter6/chapt6_ws/build/arm3dof_description
[0.177s] -- Install configuration: ""
[0.177s] -- Up-to-date: /media/dubhe/store/learning/ros2_learning_experience/chapter6/chapt6_ws/install/arm3dof_description/share/arm3dof_description/launch
[0.177s] -- Up-to-date: /media/dubhe/store/learning/ros2_learning_experience/chapter6/chapt6_ws/install/arm3dof_description/share/arm3dof_description/launch/display_arm.launch.py
[0.177s] -- Installing: /media/dubhe/store/learning/ros2_learning_experience/chapter6/chapt6_ws/install/arm3dof_description/share/arm3dof_description/rviz
[0.178s] -- Installing: /media/dubhe/store/learning/ros2_learning_experience/chapter6/chapt6_ws/install/arm3dof_description/share/arm3dof_description/rviz/arm_rviz.rviz
[0.178s] -- Installing: /media/dubhe/store/learning/ros2_learning_experience/chapter6/chapt6_ws/install/arm3dof_description/share/arm3dof_description/urdf
[0.178s] -- Installing: /media/dubhe/store/learning/ros2_learning_experience/chapter6/chapt6_ws/install/arm3dof_description/share/arm3dof_description/urdf/arm3dof.urdf
[0.178s] -- Installing: /media/dubhe/store/learning/ros2_learning_experience/chapter6/chapt6_ws/install/arm3dof_description/share/ament_index/resource_index/package_run_dependencies/arm3dof_description
[0.178s] -- Installing: /media/dubhe/store/learning/ros2_learning_experience/chapter6/chapt6_ws/install/arm3dof_description/share/ament_index/resource_index/parent_prefix_path/arm3dof_description
[0.178s] -- Installing: /media/dubhe/store/learning/ros2_learning_experience/chapter6/chapt6_ws/install/arm3dof_description/share/arm3dof_description/environment/ament_prefix_path.sh
[0.178s] -- Installing: /media/dubhe/store/learning/ros2_learning_experience/chapter6/chapt6_ws/install/arm3dof_description/share/arm3dof_description/environment/ament_prefix_path.dsv
[0.178s] -- Installing: /media/dubhe/store/learning/ros2_learning_experience/chapter6/chapt6_ws/install/arm3dof_description/share/arm3dof_description/environment/path.sh
[0.178s] -- Installing: /media/dubhe/store/learning/ros2_learning_experience/chapter6/chapt6_ws/install/arm3dof_description/share/arm3dof_description/environment/path.dsv
[0.178s] -- Installing: /media/dubhe/store/learning/ros2_learning_experience/chapter6/chapt6_ws/install/arm3dof_description/share/arm3dof_description/local_setup.bash
[0.178s] -- Installing: /media/dubhe/store/learning/ros2_learning_experience/chapter6/chapt6_ws/install/arm3dof_description/share/arm3dof_description/local_setup.sh
[0.178s] -- Installing: /media/dubhe/store/learning/ros2_learning_experience/chapter6/chapt6_ws/install/arm3dof_description/share/arm3dof_description/local_setup.zsh
[0.178s] -- Installing: /media/dubhe/store/learning/ros2_learning_experience/chapter6/chapt6_ws/install/arm3dof_description/share/arm3dof_description/local_setup.dsv
[0.178s] -- Installing: /media/dubhe/store/learning/ros2_learning_experience/chapter6/chapt6_ws/install/arm3dof_description/share/arm3dof_description/package.dsv
[0.178s] -- Installing: /media/dubhe/store/learning/ros2_learning_experience/chapter6/chapt6_ws/install/arm3dof_description/share/ament_index/resource_index/packages/arm3dof_description
[0.178s] -- Installing: /media/dubhe/store/learning/ros2_learning_experience/chapter6/chapt6_ws/install/arm3dof_description/share/arm3dof_description/cmake/arm3dof_descriptionConfig.cmake
[0.178s] -- Installing: /media/dubhe/store/learning/ros2_learning_experience/chapter6/chapt6_ws/install/arm3dof_description/share/arm3dof_description/cmake/arm3dof_descriptionConfig-version.cmake
[0.179s] -- Installing: /media/dubhe/store/learning/ros2_learning_experience/chapter6/chapt6_ws/install/arm3dof_description/share/arm3dof_description/package.xml
[0.180s] Invoked command in '/media/dubhe/store/learning/ros2_learning_experience/chapter6/chapt6_ws/build/arm3dof_description' returned '0': CMAKE_PREFIX_PATH=/opt/ros/humble /usr/bin/cmake --install /media/dubhe/store/learning/ros2_learning_experience/chapter6/chapt6_ws/build/arm3dof_description
