[0.008s] Invoking command in '/media/dubhe/store/learning/ros2_learning_experience/chapter2/build/demo_cpp_pkg': CMAKE_PREFIX_PATH=/opt/ros/humble /usr/bin/cmake /media/dubhe/store/learning/ros2_learning_experience/chapter2/chapt2_ws/src/demo_cpp_pkg -DCMAKE_INSTALL_PREFIX=/media/dubhe/store/learning/ros2_learning_experience/chapter2/install/demo_cpp_pkg
[0.042s] -- The C compiler identification is GNU 11.4.0
[0.078s] -- The CXX compiler identification is GNU 11.4.0
[0.083s] -- Detecting C compiler ABI info
[0.139s] -- Detecting C compiler ABI info - done
[0.144s] -- Check for working C compiler: /usr/bin/cc - skipped
[0.144s] -- Detecting C compile features
[0.145s] -- Detecting C compile features - done
[0.147s] -- Detecting CXX compiler ABI info
[0.200s] -- Detecting CXX compiler ABI info - done
[0.207s] -- Check for working CXX compiler: /usr/bin/c++ - skipped
[0.207s] -- Detecting CXX compile features
[0.207s] -- Detecting CXX compile features - done
[0.209s] -- Found ament_cmake: 1.3.12 (/opt/ros/humble/share/ament_cmake/cmake)
[0.305s] -- Found Python3: /usr/bin/python3 (found version "3.10.12") found components: Interpreter 
[0.359s] -- Found rclcpp: 16.0.15 (/opt/ros/humble/share/rclcpp/cmake)
[0.382s] -- Found rosidl_generator_c: 3.1.7 (/opt/ros/humble/share/rosidl_generator_c/cmake)
[0.385s] -- Found rosidl_adapter: 3.1.7 (/opt/ros/humble/share/rosidl_adapter/cmake)
[0.389s] -- Found rosidl_generator_cpp: 3.1.7 (/opt/ros/humble/share/rosidl_generator_cpp/cmake)
[0.396s] -- Using all available rosidl_typesupport_c: rosidl_typesupport_fastrtps_c;rosidl_typesupport_introspection_c
[0.405s] -- Using all available rosidl_typesupport_cpp: rosidl_typesupport_fastrtps_cpp;rosidl_typesupport_introspection_cpp
[0.430s] -- Found rmw_implementation_cmake: 6.1.2 (/opt/ros/humble/share/rmw_implementation_cmake/cmake)
[0.431s] -- Found rmw_fastrtps_cpp: 6.2.9 (/opt/ros/humble/share/rmw_fastrtps_cpp/cmake)
[0.479s] -- Found OpenSSL: /usr/lib/x86_64-linux-gnu/libcrypto.so (found version "3.0.2")  
[0.497s] -- Found FastRTPS: /opt/ros/humble/include  
[0.524s] -- Using RMW implementation 'rmw_fastrtps_cpp' as default
[0.528s] -- Looking for pthread.h
[0.582s] -- Looking for pthread.h - found
[0.582s] -- Performing Test CMAKE_HAVE_LIBC_PTHREAD
[0.630s] -- Performing Test CMAKE_HAVE_LIBC_PTHREAD - Success
[0.631s] -- Found Threads: TRUE  
[0.663s] -- Found ament_lint_auto: 0.12.14 (/opt/ros/humble/share/ament_lint_auto/cmake)
[0.714s] -- Added test 'cppcheck' to perform static code analysis on C / C++ code
[0.714s] -- Configured cppcheck include dirs: 
[0.714s] -- Configured cppcheck exclude dirs and/or files: 
[0.715s] -- Added test 'lint_cmake' to check CMake code style
[0.715s] -- Added test 'uncrustify' to check C / C++ code style
[0.715s] -- Configured uncrustify additional arguments: 
[0.715s] -- Added test 'xmllint' to check XML markup files
[0.716s] -- Configuring done
[0.721s] -- Generating done
[0.723s] -- Build files have been written to: /media/dubhe/store/learning/ros2_learning_experience/chapter2/build/demo_cpp_pkg
[0.730s] Invoked command in '/media/dubhe/store/learning/ros2_learning_experience/chapter2/build/demo_cpp_pkg' returned '0': CMAKE_PREFIX_PATH=/opt/ros/humble /usr/bin/cmake /media/dubhe/store/learning/ros2_learning_experience/chapter2/chapt2_ws/src/demo_cpp_pkg -DCMAKE_INSTALL_PREFIX=/media/dubhe/store/learning/ros2_learning_experience/chapter2/install/demo_cpp_pkg
[0.731s] Invoking command in '/media/dubhe/store/learning/ros2_learning_experience/chapter2/build/demo_cpp_pkg': CMAKE_PREFIX_PATH=/opt/ros/humble /usr/bin/cmake --build /media/dubhe/store/learning/ros2_learning_experience/chapter2/build/demo_cpp_pkg -- -j16 -l16
[0.762s] [ 50%] [32mBuilding CXX object CMakeFiles/cpp_node.dir/src/cpp_node.cpp.o[0m
[2.631s] [100%] [32m[1mLinking CXX executable cpp_node[0m
[2.692s] [100%] Built target cpp_node
[2.699s] Invoked command in '/media/dubhe/store/learning/ros2_learning_experience/chapter2/build/demo_cpp_pkg' returned '0': CMAKE_PREFIX_PATH=/opt/ros/humble /usr/bin/cmake --build /media/dubhe/store/learning/ros2_learning_experience/chapter2/build/demo_cpp_pkg -- -j16 -l16
[2.706s] Invoking command in '/media/dubhe/store/learning/ros2_learning_experience/chapter2/build/demo_cpp_pkg': CMAKE_PREFIX_PATH=/opt/ros/humble /usr/bin/cmake --install /media/dubhe/store/learning/ros2_learning_experience/chapter2/build/demo_cpp_pkg
[2.710s] -- Install configuration: ""
[2.710s] -- Installing: /media/dubhe/store/learning/ros2_learning_experience/chapter2/install/demo_cpp_pkg/lib/demo_cpp_pkg/cpp_node
[2.711s] -- Set runtime path of "/media/dubhe/store/learning/ros2_learning_experience/chapter2/install/demo_cpp_pkg/lib/demo_cpp_pkg/cpp_node" to ""
[2.711s] -- Installing: /media/dubhe/store/learning/ros2_learning_experience/chapter2/install/demo_cpp_pkg/share/ament_index/resource_index/package_run_dependencies/demo_cpp_pkg
[2.711s] -- Installing: /media/dubhe/store/learning/ros2_learning_experience/chapter2/install/demo_cpp_pkg/share/ament_index/resource_index/parent_prefix_path/demo_cpp_pkg
[2.711s] -- Installing: /media/dubhe/store/learning/ros2_learning_experience/chapter2/install/demo_cpp_pkg/share/demo_cpp_pkg/environment/ament_prefix_path.sh
[2.711s] -- Installing: /media/dubhe/store/learning/ros2_learning_experience/chapter2/install/demo_cpp_pkg/share/demo_cpp_pkg/environment/ament_prefix_path.dsv
[2.711s] -- Installing: /media/dubhe/store/learning/ros2_learning_experience/chapter2/install/demo_cpp_pkg/share/demo_cpp_pkg/environment/path.sh
[2.711s] -- Installing: /media/dubhe/store/learning/ros2_learning_experience/chapter2/install/demo_cpp_pkg/share/demo_cpp_pkg/environment/path.dsv
[2.711s] -- Installing: /media/dubhe/store/learning/ros2_learning_experience/chapter2/install/demo_cpp_pkg/share/demo_cpp_pkg/local_setup.bash
[2.711s] -- Installing: /media/dubhe/store/learning/ros2_learning_experience/chapter2/install/demo_cpp_pkg/share/demo_cpp_pkg/local_setup.sh
[2.711s] -- Installing: /media/dubhe/store/learning/ros2_learning_experience/chapter2/install/demo_cpp_pkg/share/demo_cpp_pkg/local_setup.zsh
[2.711s] -- Installing: /media/dubhe/store/learning/ros2_learning_experience/chapter2/install/demo_cpp_pkg/share/demo_cpp_pkg/local_setup.dsv
[2.711s] -- Installing: /media/dubhe/store/learning/ros2_learning_experience/chapter2/install/demo_cpp_pkg/share/demo_cpp_pkg/package.dsv
[2.711s] -- Installing: /media/dubhe/store/learning/ros2_learning_experience/chapter2/install/demo_cpp_pkg/share/ament_index/resource_index/packages/demo_cpp_pkg
[2.711s] -- Installing: /media/dubhe/store/learning/ros2_learning_experience/chapter2/install/demo_cpp_pkg/share/demo_cpp_pkg/cmake/demo_cpp_pkgConfig.cmake
[2.712s] -- Installing: /media/dubhe/store/learning/ros2_learning_experience/chapter2/install/demo_cpp_pkg/share/demo_cpp_pkg/cmake/demo_cpp_pkgConfig-version.cmake
[2.712s] -- Installing: /media/dubhe/store/learning/ros2_learning_experience/chapter2/install/demo_cpp_pkg/share/demo_cpp_pkg/package.xml
[2.713s] Invoked command in '/media/dubhe/store/learning/ros2_learning_experience/chapter2/build/demo_cpp_pkg' returned '0': CMAKE_PREFIX_PATH=/opt/ros/humble /usr/bin/cmake --install /media/dubhe/store/learning/ros2_learning_experience/chapter2/build/demo_cpp_pkg
