[0.367s] Invoking command in '/media/dubhe/store/learning/ros2_learning_experience/chapter2/demo_python_pkg': PYTHONPATH=/media/dubhe/store/learning/ros2_learning_experience/chapter2/build/demo_python_pkg/prefix_override:/usr/lib/python3/dist-packages/colcon_core/task/python/colcon_distutils_commands:/media/dubhe/store/learning/ros2_learning_experience/chapter2/install/demo_python_pkg/lib/python3.10/site-packages:${PYTHONPATH} /usr/bin/python3 -W ignore:setup.py install is deprecated -W ignore:easy_install command is deprecated setup.py egg_info --egg-base ../build/demo_python_pkg build --build-base /media/dubhe/store/learning/ros2_learning_experience/chapter2/build/demo_python_pkg/build install --record /media/dubhe/store/learning/ros2_learning_experience/chapter2/build/demo_python_pkg/install.log --single-version-externally-managed install_data
[0.501s] running egg_info
[0.502s] creating ../build/demo_python_pkg/demo_python_pkg.egg-info
[0.502s] writing ../build/demo_python_pkg/demo_python_pkg.egg-info/PKG-INFO
[0.502s] writing dependency_links to ../build/demo_python_pkg/demo_python_pkg.egg-info/dependency_links.txt
[0.502s] writing entry points to ../build/demo_python_pkg/demo_python_pkg.egg-info/entry_points.txt
[0.502s] writing requirements to ../build/demo_python_pkg/demo_python_pkg.egg-info/requires.txt
[0.502s] writing top-level names to ../build/demo_python_pkg/demo_python_pkg.egg-info/top_level.txt
[0.502s] writing manifest file '../build/demo_python_pkg/demo_python_pkg.egg-info/SOURCES.txt'
[0.503s] reading manifest file '../build/demo_python_pkg/demo_python_pkg.egg-info/SOURCES.txt'
[0.503s] adding license file 'LICENSE'
[0.503s] writing manifest file '../build/demo_python_pkg/demo_python_pkg.egg-info/SOURCES.txt'
[0.503s] running build
[0.503s] running build_py
[0.504s] creating /media/dubhe/store/learning/ros2_learning_experience/chapter2/build/demo_python_pkg/build
[0.504s] creating /media/dubhe/store/learning/ros2_learning_experience/chapter2/build/demo_python_pkg/build/lib
[0.504s] creating /media/dubhe/store/learning/ros2_learning_experience/chapter2/build/demo_python_pkg/build/lib/demo_python_pkg
[0.504s] copying demo_python_pkg/__init__.py -> /media/dubhe/store/learning/ros2_learning_experience/chapter2/build/demo_python_pkg/build/lib/demo_python_pkg
[0.504s] copying demo_python_pkg/python_node.py -> /media/dubhe/store/learning/ros2_learning_experience/chapter2/build/demo_python_pkg/build/lib/demo_python_pkg
[0.504s] running install
[0.504s] running install_lib
[0.504s] creating /media/dubhe/store/learning/ros2_learning_experience/chapter2/install/demo_python_pkg/lib/python3.10/site-packages/demo_python_pkg
[0.504s] copying /media/dubhe/store/learning/ros2_learning_experience/chapter2/build/demo_python_pkg/build/lib/demo_python_pkg/__init__.py -> /media/dubhe/store/learning/ros2_learning_experience/chapter2/install/demo_python_pkg/lib/python3.10/site-packages/demo_python_pkg
[0.504s] copying /media/dubhe/store/learning/ros2_learning_experience/chapter2/build/demo_python_pkg/build/lib/demo_python_pkg/python_node.py -> /media/dubhe/store/learning/ros2_learning_experience/chapter2/install/demo_python_pkg/lib/python3.10/site-packages/demo_python_pkg
[0.505s] byte-compiling /media/dubhe/store/learning/ros2_learning_experience/chapter2/install/demo_python_pkg/lib/python3.10/site-packages/demo_python_pkg/__init__.py to __init__.cpython-310.pyc
[0.505s] byte-compiling /media/dubhe/store/learning/ros2_learning_experience/chapter2/install/demo_python_pkg/lib/python3.10/site-packages/demo_python_pkg/python_node.py to python_node.cpython-310.pyc
[0.505s] running install_data
[0.505s] creating /media/dubhe/store/learning/ros2_learning_experience/chapter2/install/demo_python_pkg/share/ament_index
[0.505s] creating /media/dubhe/store/learning/ros2_learning_experience/chapter2/install/demo_python_pkg/share/ament_index/resource_index
[0.505s] creating /media/dubhe/store/learning/ros2_learning_experience/chapter2/install/demo_python_pkg/share/ament_index/resource_index/packages
[0.505s] copying resource/demo_python_pkg -> /media/dubhe/store/learning/ros2_learning_experience/chapter2/install/demo_python_pkg/share/ament_index/resource_index/packages
[0.505s] copying package.xml -> /media/dubhe/store/learning/ros2_learning_experience/chapter2/install/demo_python_pkg/share/demo_python_pkg
[0.505s] running install_egg_info
[0.506s] Copying ../build/demo_python_pkg/demo_python_pkg.egg-info to /media/dubhe/store/learning/ros2_learning_experience/chapter2/install/demo_python_pkg/lib/python3.10/site-packages/demo_python_pkg-0.0.0-py3.10.egg-info
[0.507s] running install_scripts
[0.521s] Installing python_node script to /media/dubhe/store/learning/ros2_learning_experience/chapter2/install/demo_python_pkg/lib/demo_python_pkg
[0.521s] writing list of installed files to '/media/dubhe/store/learning/ros2_learning_experience/chapter2/build/demo_python_pkg/install.log'
[0.534s] Invoked command in '/media/dubhe/store/learning/ros2_learning_experience/chapter2/demo_python_pkg' returned '0': PYTHONPATH=/media/dubhe/store/learning/ros2_learning_experience/chapter2/build/demo_python_pkg/prefix_override:/usr/lib/python3/dist-packages/colcon_core/task/python/colcon_distutils_commands:/media/dubhe/store/learning/ros2_learning_experience/chapter2/install/demo_python_pkg/lib/python3.10/site-packages:${PYTHONPATH} /usr/bin/python3 -W ignore:setup.py install is deprecated -W ignore:easy_install command is deprecated setup.py egg_info --egg-base ../build/demo_python_pkg build --build-base /media/dubhe/store/learning/ros2_learning_experience/chapter2/build/demo_python_pkg/build install --record /media/dubhe/store/learning/ros2_learning_experience/chapter2/build/demo_python_pkg/install.log --single-version-externally-managed install_data
