[0.009s] Invoking command in '/media/dubhe/store/learning/ros2_learning_experience/chapter2/build/demo_cpp_pkg': CMAKE_PREFIX_PATH=${CMAKE_PREFIX_PATH}:/media/dubhe/store/learning/ros2_learning_experience/chapter2/install/demo_python_pkg:/opt/ros/humble /usr/bin/cmake --build /media/dubhe/store/learning/ros2_learning_experience/chapter2/build/demo_cpp_pkg -- -j16 -l16
[0.025s] -- Found ament_cmake: 1.3.12 (/opt/ros/humble/share/ament_cmake/cmake)
[0.099s] -- Found rclcpp: 16.0.15 (/opt/ros/humble/share/rclcpp/cmake)
[0.116s] -- Found rosidl_generator_c: 3.1.7 (/opt/ros/humble/share/rosidl_generator_c/cmake)
[0.118s] -- Found rosidl_adapter: 3.1.7 (/opt/ros/humble/share/rosidl_adapter/cmake)
[0.121s] -- Found rosidl_generator_cpp: 3.1.7 (/opt/ros/humble/share/rosidl_generator_cpp/cmake)
[0.127s] -- Using all available rosidl_typesupport_c: rosidl_typesupport_fastrtps_c;rosidl_typesupport_introspection_c
[0.134s] -- Using all available rosidl_typesupport_cpp: rosidl_typesupport_fastrtps_cpp;rosidl_typesupport_introspection_cpp
[0.153s] -- Found rmw_implementation_cmake: 6.1.2 (/opt/ros/humble/share/rmw_implementation_cmake/cmake)
[0.154s] -- Found rmw_fastrtps_cpp: 6.2.9 (/opt/ros/humble/share/rmw_fastrtps_cpp/cmake)
[0.212s] -- Using RMW implementation 'rmw_fastrtps_cpp' as default
[0.242s] -- Found ament_lint_auto: 0.12.14 (/opt/ros/humble/share/ament_lint_auto/cmake)
[0.282s] -- Added test 'cppcheck' to perform static code analysis on C / C++ code
[0.282s] -- Configured cppcheck include dirs: 
[0.283s] -- Configured cppcheck exclude dirs and/or files: 
[0.283s] -- Added test 'lint_cmake' to check CMake code style
[0.283s] -- Added test 'uncrustify' to check C / C++ code style
[0.283s] -- Configured uncrustify additional arguments: 
[0.283s] -- Added test 'xmllint' to check XML markup files
[0.284s] -- Configuring done
[0.288s] -- Generating done
[0.291s] -- Build files have been written to: /media/dubhe/store/learning/ros2_learning_experience/chapter2/build/demo_cpp_pkg
[0.306s] [35m[1mConsolidate compiler generated dependencies of target cpp_node[0m
[0.317s] [100%] Built target cpp_node
[0.324s] Invoked command in '/media/dubhe/store/learning/ros2_learning_experience/chapter2/build/demo_cpp_pkg' returned '0': CMAKE_PREFIX_PATH=${CMAKE_PREFIX_PATH}:/media/dubhe/store/learning/ros2_learning_experience/chapter2/install/demo_python_pkg:/opt/ros/humble /usr/bin/cmake --build /media/dubhe/store/learning/ros2_learning_experience/chapter2/build/demo_cpp_pkg -- -j16 -l16
[0.330s] Invoking command in '/media/dubhe/store/learning/ros2_learning_experience/chapter2/build/demo_cpp_pkg': CMAKE_PREFIX_PATH=${CMAKE_PREFIX_PATH}:/media/dubhe/store/learning/ros2_learning_experience/chapter2/install/demo_python_pkg:/opt/ros/humble /usr/bin/cmake --install /media/dubhe/store/learning/ros2_learning_experience/chapter2/build/demo_cpp_pkg
[0.334s] -- Install configuration: ""
[0.334s] -- Installing: /media/dubhe/store/learning/ros2_learning_experience/chapter2/install/demo_cpp_pkg/lib/demo_cpp_pkg/cpp_node
[0.334s] -- Set runtime path of "/media/dubhe/store/learning/ros2_learning_experience/chapter2/install/demo_cpp_pkg/lib/demo_cpp_pkg/cpp_node" to ""
[0.334s] -- Up-to-date: /media/dubhe/store/learning/ros2_learning_experience/chapter2/install/demo_cpp_pkg/share/ament_index/resource_index/package_run_dependencies/demo_cpp_pkg
[0.335s] -- Installing: /media/dubhe/store/learning/ros2_learning_experience/chapter2/install/demo_cpp_pkg/share/ament_index/resource_index/parent_prefix_path/demo_cpp_pkg
[0.335s] -- Up-to-date: /media/dubhe/store/learning/ros2_learning_experience/chapter2/install/demo_cpp_pkg/share/demo_cpp_pkg/environment/ament_prefix_path.sh
[0.335s] -- Installing: /media/dubhe/store/learning/ros2_learning_experience/chapter2/install/demo_cpp_pkg/share/demo_cpp_pkg/environment/ament_prefix_path.dsv
[0.335s] -- Up-to-date: /media/dubhe/store/learning/ros2_learning_experience/chapter2/install/demo_cpp_pkg/share/demo_cpp_pkg/environment/path.sh
[0.335s] -- Installing: /media/dubhe/store/learning/ros2_learning_experience/chapter2/install/demo_cpp_pkg/share/demo_cpp_pkg/environment/path.dsv
[0.335s] -- Up-to-date: /media/dubhe/store/learning/ros2_learning_experience/chapter2/install/demo_cpp_pkg/share/demo_cpp_pkg/local_setup.bash
[0.335s] -- Up-to-date: /media/dubhe/store/learning/ros2_learning_experience/chapter2/install/demo_cpp_pkg/share/demo_cpp_pkg/local_setup.sh
[0.335s] -- Up-to-date: /media/dubhe/store/learning/ros2_learning_experience/chapter2/install/demo_cpp_pkg/share/demo_cpp_pkg/local_setup.zsh
[0.335s] -- Installing: /media/dubhe/store/learning/ros2_learning_experience/chapter2/install/demo_cpp_pkg/share/demo_cpp_pkg/local_setup.dsv
[0.335s] -- Installing: /media/dubhe/store/learning/ros2_learning_experience/chapter2/install/demo_cpp_pkg/share/demo_cpp_pkg/package.dsv
[0.335s] -- Up-to-date: /media/dubhe/store/learning/ros2_learning_experience/chapter2/install/demo_cpp_pkg/share/ament_index/resource_index/packages/demo_cpp_pkg
[0.335s] -- Up-to-date: /media/dubhe/store/learning/ros2_learning_experience/chapter2/install/demo_cpp_pkg/share/demo_cpp_pkg/cmake/demo_cpp_pkgConfig.cmake
[0.335s] -- Up-to-date: /media/dubhe/store/learning/ros2_learning_experience/chapter2/install/demo_cpp_pkg/share/demo_cpp_pkg/cmake/demo_cpp_pkgConfig-version.cmake
[0.335s] -- Up-to-date: /media/dubhe/store/learning/ros2_learning_experience/chapter2/install/demo_cpp_pkg/share/demo_cpp_pkg/package.xml
[0.336s] Invoked command in '/media/dubhe/store/learning/ros2_learning_experience/chapter2/build/demo_cpp_pkg' returned '0': CMAKE_PREFIX_PATH=${CMAKE_PREFIX_PATH}:/media/dubhe/store/learning/ros2_learning_experience/chapter2/install/demo_python_pkg:/opt/ros/humble /usr/bin/cmake --install /media/dubhe/store/learning/ros2_learning_experience/chapter2/build/demo_cpp_pkg
