[0.008s] Invoking command in '/media/dubhe/store/learning/ros2_learning_experience/chapter3/topic_practise_ws/src/build/status_display': CMAKE_PREFIX_PATH=/media/dubhe/store/learning/ros2_learning_experience/chapter3/topic_practise_ws/src/install/status_interfaces:/media/dubhe/store/learning/ros2_learning_experience/chapter3/topic_practise_ws/src/install/status_display:/media/dubhe/store/learning/ros2_learning_experience/chapter3/topic_practise_ws/src/install/status_publisher:/opt/ros/humble /usr/bin/cmake --build /media/dubhe/store/learning/ros2_learning_experience/chapter3/topic_practise_ws/src/build/status_display -- -j16 -l16
[0.025s] -- Found ament_cmake: 1.3.12 (/opt/ros/humble/share/ament_cmake/cmake)
[0.100s] -- Found rclcpp: 16.0.15 (/opt/ros/humble/share/rclcpp/cmake)
[0.117s] -- Found rosidl_generator_c: 3.1.7 (/opt/ros/humble/share/rosidl_generator_c/cmake)
[0.118s] -- Found rosidl_adapter: 3.1.7 (/opt/ros/humble/share/rosidl_adapter/cmake)
[0.122s] -- Found rosidl_generator_cpp: 3.1.7 (/opt/ros/humble/share/rosidl_generator_cpp/cmake)
[0.127s] -- Using all available rosidl_typesupport_c: rosidl_typesupport_fastrtps_c;rosidl_typesupport_introspection_c
[0.134s] -- Using all available rosidl_typesupport_cpp: rosidl_typesupport_fastrtps_cpp;rosidl_typesupport_introspection_cpp
[0.153s] -- Found rmw_implementation_cmake: 6.1.2 (/opt/ros/humble/share/rmw_implementation_cmake/cmake)
[0.153s] -- Found rmw_fastrtps_cpp: 6.2.9 (/opt/ros/humble/share/rmw_fastrtps_cpp/cmake)
[0.212s] -- Using RMW implementation 'rmw_fastrtps_cpp' as default
[0.241s] -- Found status_interfaces: 0.0.0 (/media/dubhe/store/learning/ros2_learning_experience/chapter3/topic_practise_ws/src/install/status_interfaces/share/status_interfaces/cmake)
[0.252s] -- Found ament_lint_auto: 0.12.14 (/opt/ros/humble/share/ament_lint_auto/cmake)
[0.293s] -- Added test 'cppcheck' to perform static code analysis on C / C++ code
[0.294s] -- Configured cppcheck include dirs: 
[0.294s] -- Configured cppcheck exclude dirs and/or files: 
[0.294s] -- Added test 'lint_cmake' to check CMake code style
[0.294s] -- Added test 'uncrustify' to check C / C++ code style
[0.294s] -- Configured uncrustify additional arguments: 
[0.294s] -- Added test 'xmllint' to check XML markup files
[0.295s] -- Configuring done
[0.298s] -- Generating done
[0.300s] -- Build files have been written to: /media/dubhe/store/learning/ros2_learning_experience/chapter3/topic_practise_ws/src/build/status_display
[0.317s] [35m[1mConsolidate compiler generated dependencies of target hello_qt[0m
[0.326s] [100%] Built target hello_qt
[0.333s] Invoked command in '/media/dubhe/store/learning/ros2_learning_experience/chapter3/topic_practise_ws/src/build/status_display' returned '0': CMAKE_PREFIX_PATH=/media/dubhe/store/learning/ros2_learning_experience/chapter3/topic_practise_ws/src/install/status_interfaces:/media/dubhe/store/learning/ros2_learning_experience/chapter3/topic_practise_ws/src/install/status_display:/media/dubhe/store/learning/ros2_learning_experience/chapter3/topic_practise_ws/src/install/status_publisher:/opt/ros/humble /usr/bin/cmake --build /media/dubhe/store/learning/ros2_learning_experience/chapter3/topic_practise_ws/src/build/status_display -- -j16 -l16
[0.339s] Invoking command in '/media/dubhe/store/learning/ros2_learning_experience/chapter3/topic_practise_ws/src/build/status_display': CMAKE_PREFIX_PATH=/media/dubhe/store/learning/ros2_learning_experience/chapter3/topic_practise_ws/src/install/status_interfaces:/media/dubhe/store/learning/ros2_learning_experience/chapter3/topic_practise_ws/src/install/status_display:/media/dubhe/store/learning/ros2_learning_experience/chapter3/topic_practise_ws/src/install/status_publisher:/opt/ros/humble /usr/bin/cmake --install /media/dubhe/store/learning/ros2_learning_experience/chapter3/topic_practise_ws/src/build/status_display
[0.343s] -- Install configuration: ""
[0.343s] -- Installing: /media/dubhe/store/learning/ros2_learning_experience/chapter3/topic_practise_ws/src/install/status_display/lib/status_display/hello_qt
[0.343s] -- Up-to-date: /media/dubhe/store/learning/ros2_learning_experience/chapter3/topic_practise_ws/src/install/status_display/share/ament_index/resource_index/package_run_dependencies/status_display
[0.343s] -- Installing: /media/dubhe/store/learning/ros2_learning_experience/chapter3/topic_practise_ws/src/install/status_display/share/ament_index/resource_index/parent_prefix_path/status_display
[0.343s] -- Up-to-date: /media/dubhe/store/learning/ros2_learning_experience/chapter3/topic_practise_ws/src/install/status_display/share/status_display/environment/ament_prefix_path.sh
[0.344s] -- Installing: /media/dubhe/store/learning/ros2_learning_experience/chapter3/topic_practise_ws/src/install/status_display/share/status_display/environment/ament_prefix_path.dsv
[0.344s] -- Up-to-date: /media/dubhe/store/learning/ros2_learning_experience/chapter3/topic_practise_ws/src/install/status_display/share/status_display/environment/path.sh
[0.344s] -- Installing: /media/dubhe/store/learning/ros2_learning_experience/chapter3/topic_practise_ws/src/install/status_display/share/status_display/environment/path.dsv
[0.344s] -- Up-to-date: /media/dubhe/store/learning/ros2_learning_experience/chapter3/topic_practise_ws/src/install/status_display/share/status_display/local_setup.bash
[0.344s] -- Up-to-date: /media/dubhe/store/learning/ros2_learning_experience/chapter3/topic_practise_ws/src/install/status_display/share/status_display/local_setup.sh
[0.344s] -- Up-to-date: /media/dubhe/store/learning/ros2_learning_experience/chapter3/topic_practise_ws/src/install/status_display/share/status_display/local_setup.zsh
[0.344s] -- Installing: /media/dubhe/store/learning/ros2_learning_experience/chapter3/topic_practise_ws/src/install/status_display/share/status_display/local_setup.dsv
[0.344s] -- Installing: /media/dubhe/store/learning/ros2_learning_experience/chapter3/topic_practise_ws/src/install/status_display/share/status_display/package.dsv
[0.344s] -- Up-to-date: /media/dubhe/store/learning/ros2_learning_experience/chapter3/topic_practise_ws/src/install/status_display/share/ament_index/resource_index/packages/status_display
[0.344s] -- Up-to-date: /media/dubhe/store/learning/ros2_learning_experience/chapter3/topic_practise_ws/src/install/status_display/share/status_display/cmake/status_displayConfig.cmake
[0.344s] -- Up-to-date: /media/dubhe/store/learning/ros2_learning_experience/chapter3/topic_practise_ws/src/install/status_display/share/status_display/cmake/status_displayConfig-version.cmake
[0.344s] -- Up-to-date: /media/dubhe/store/learning/ros2_learning_experience/chapter3/topic_practise_ws/src/install/status_display/share/status_display/package.xml
[0.345s] Invoked command in '/media/dubhe/store/learning/ros2_learning_experience/chapter3/topic_practise_ws/src/build/status_display' returned '0': CMAKE_PREFIX_PATH=/media/dubhe/store/learning/ros2_learning_experience/chapter3/topic_practise_ws/src/install/status_interfaces:/media/dubhe/store/learning/ros2_learning_experience/chapter3/topic_practise_ws/src/install/status_display:/media/dubhe/store/learning/ros2_learning_experience/chapter3/topic_practise_ws/src/install/status_publisher:/opt/ros/humble /usr/bin/cmake --install /media/dubhe/store/learning/ros2_learning_experience/chapter3/topic_practise_ws/src/build/status_display
