[0.341s] Invoking command in '/media/dubhe/store/learning/ros2_learning_experience/chapter4/chapt4_ws/src/demo_python_service': AMENT_PREFIX_PATH=/media/dubhe/store/learning/ros2_learning_experience/chapter4/chapt4_ws/install/chapt4_interfaces:${AMENT_PREFIX_PATH} CMAKE_PREFIX_PATH=/media/dubhe/store/learning/ros2_learning_experience/chapter4/chapt4_ws/install/chapt4_interfaces LD_LIBRARY_PATH=/media/dubhe/store/learning/ros2_learning_experience/chapter4/chapt4_ws/install/chapt4_interfaces/lib:${LD_LIBRARY_PATH} PYTHONPATH=/media/dubhe/store/learning/ros2_learning_experience/chapter4/chapt4_ws/build/demo_python_service/prefix_override:/usr/lib/python3/dist-packages/colcon_core/task/python/colcon_distutils_commands:/media/dubhe/store/learning/ros2_learning_experience/chapter4/chapt4_ws/install/demo_python_service/lib/python3.10/site-packages:/media/dubhe/store/learning/ros2_learning_experience/chapter4/chapt4_ws/install/chapt4_interfaces/local/lib/python3.10/dist-packages:${PYTHONPATH} /usr/bin/python3 -W ignore:setup.py install is deprecated -W ignore:easy_install command is deprecated setup.py egg_info --egg-base ../../build/demo_python_service build --build-base /media/dubhe/store/learning/ros2_learning_experience/chapter4/chapt4_ws/build/demo_python_service/build install --record /media/dubhe/store/learning/ros2_learning_experience/chapter4/chapt4_ws/build/demo_python_service/install.log --single-version-externally-managed install_data
[0.475s] running egg_info
[0.475s] creating ../../build/demo_python_service/demo_python_service.egg-info
[0.475s] writing ../../build/demo_python_service/demo_python_service.egg-info/PKG-INFO
[0.476s] writing dependency_links to ../../build/demo_python_service/demo_python_service.egg-info/dependency_links.txt
[0.476s] writing entry points to ../../build/demo_python_service/demo_python_service.egg-info/entry_points.txt
[0.476s] writing requirements to ../../build/demo_python_service/demo_python_service.egg-info/requires.txt
[0.476s] writing top-level names to ../../build/demo_python_service/demo_python_service.egg-info/top_level.txt
[0.476s] writing manifest file '../../build/demo_python_service/demo_python_service.egg-info/SOURCES.txt'
[0.477s] reading manifest file '../../build/demo_python_service/demo_python_service.egg-info/SOURCES.txt'
[0.477s] adding license file 'LICENSE'
[0.477s] writing manifest file '../../build/demo_python_service/demo_python_service.egg-info/SOURCES.txt'
[0.477s] running build
[0.477s] running build_py
[0.477s] creating /media/dubhe/store/learning/ros2_learning_experience/chapter4/chapt4_ws/build/demo_python_service/build
[0.477s] creating /media/dubhe/store/learning/ros2_learning_experience/chapter4/chapt4_ws/build/demo_python_service/build/lib
[0.477s] creating /media/dubhe/store/learning/ros2_learning_experience/chapter4/chapt4_ws/build/demo_python_service/build/lib/demo_python_service
[0.477s] copying demo_python_service/face_detect_node.py -> /media/dubhe/store/learning/ros2_learning_experience/chapter4/chapt4_ws/build/demo_python_service/build/lib/demo_python_service
[0.478s] copying demo_python_service/__init__.py -> /media/dubhe/store/learning/ros2_learning_experience/chapter4/chapt4_ws/build/demo_python_service/build/lib/demo_python_service
[0.478s] copying demo_python_service/learn_face_detect.py -> /media/dubhe/store/learning/ros2_learning_experience/chapter4/chapt4_ws/build/demo_python_service/build/lib/demo_python_service
[0.478s] running install
[0.478s] running install_lib
[0.478s] creating /media/dubhe/store/learning/ros2_learning_experience/chapter4/chapt4_ws/install/demo_python_service/lib/python3.10/site-packages/demo_python_service
[0.478s] copying /media/dubhe/store/learning/ros2_learning_experience/chapter4/chapt4_ws/build/demo_python_service/build/lib/demo_python_service/face_detect_node.py -> /media/dubhe/store/learning/ros2_learning_experience/chapter4/chapt4_ws/install/demo_python_service/lib/python3.10/site-packages/demo_python_service
[0.478s] copying /media/dubhe/store/learning/ros2_learning_experience/chapter4/chapt4_ws/build/demo_python_service/build/lib/demo_python_service/__init__.py -> /media/dubhe/store/learning/ros2_learning_experience/chapter4/chapt4_ws/install/demo_python_service/lib/python3.10/site-packages/demo_python_service
[0.478s] copying /media/dubhe/store/learning/ros2_learning_experience/chapter4/chapt4_ws/build/demo_python_service/build/lib/demo_python_service/learn_face_detect.py -> /media/dubhe/store/learning/ros2_learning_experience/chapter4/chapt4_ws/install/demo_python_service/lib/python3.10/site-packages/demo_python_service
[0.479s] byte-compiling /media/dubhe/store/learning/ros2_learning_experience/chapter4/chapt4_ws/install/demo_python_service/lib/python3.10/site-packages/demo_python_service/face_detect_node.py to face_detect_node.cpython-310.pyc
[0.479s] byte-compiling /media/dubhe/store/learning/ros2_learning_experience/chapter4/chapt4_ws/install/demo_python_service/lib/python3.10/site-packages/demo_python_service/__init__.py to __init__.cpython-310.pyc
[0.479s] byte-compiling /media/dubhe/store/learning/ros2_learning_experience/chapter4/chapt4_ws/install/demo_python_service/lib/python3.10/site-packages/demo_python_service/learn_face_detect.py to learn_face_detect.cpython-310.pyc
[0.479s] running install_data
[0.479s] creating /media/dubhe/store/learning/ros2_learning_experience/chapter4/chapt4_ws/install/demo_python_service/share/ament_index
[0.479s] creating /media/dubhe/store/learning/ros2_learning_experience/chapter4/chapt4_ws/install/demo_python_service/share/ament_index/resource_index
[0.479s] creating /media/dubhe/store/learning/ros2_learning_experience/chapter4/chapt4_ws/install/demo_python_service/share/ament_index/resource_index/packages
[0.479s] copying resource/demo_python_service -> /media/dubhe/store/learning/ros2_learning_experience/chapter4/chapt4_ws/install/demo_python_service/share/ament_index/resource_index/packages
[0.480s] copying package.xml -> /media/dubhe/store/learning/ros2_learning_experience/chapter4/chapt4_ws/install/demo_python_service/share/demo_python_service
[0.480s] creating /media/dubhe/store/learning/ros2_learning_experience/chapter4/chapt4_ws/install/demo_python_service/share/demo_python_service/resource
[0.480s] copying resource/default.jpg -> /media/dubhe/store/learning/ros2_learning_experience/chapter4/chapt4_ws/install/demo_python_service/share/demo_python_service/resource
[0.480s] running install_egg_info
[0.481s] Copying ../../build/demo_python_service/demo_python_service.egg-info to /media/dubhe/store/learning/ros2_learning_experience/chapter4/chapt4_ws/install/demo_python_service/lib/python3.10/site-packages/demo_python_service-0.0.0-py3.10.egg-info
[0.481s] running install_scripts
[0.494s] Installing face_detect_node script to /media/dubhe/store/learning/ros2_learning_experience/chapter4/chapt4_ws/install/demo_python_service/lib/demo_python_service
[0.494s] Installing learn_face_detect script to /media/dubhe/store/learning/ros2_learning_experience/chapter4/chapt4_ws/install/demo_python_service/lib/demo_python_service
[0.494s] writing list of installed files to '/media/dubhe/store/learning/ros2_learning_experience/chapter4/chapt4_ws/build/demo_python_service/install.log'
[0.509s] Invoked command in '/media/dubhe/store/learning/ros2_learning_experience/chapter4/chapt4_ws/src/demo_python_service' returned '0': AMENT_PREFIX_PATH=/media/dubhe/store/learning/ros2_learning_experience/chapter4/chapt4_ws/install/chapt4_interfaces:${AMENT_PREFIX_PATH} CMAKE_PREFIX_PATH=/media/dubhe/store/learning/ros2_learning_experience/chapter4/chapt4_ws/install/chapt4_interfaces LD_LIBRARY_PATH=/media/dubhe/store/learning/ros2_learning_experience/chapter4/chapt4_ws/install/chapt4_interfaces/lib:${LD_LIBRARY_PATH} PYTHONPATH=/media/dubhe/store/learning/ros2_learning_experience/chapter4/chapt4_ws/build/demo_python_service/prefix_override:/usr/lib/python3/dist-packages/colcon_core/task/python/colcon_distutils_commands:/media/dubhe/store/learning/ros2_learning_experience/chapter4/chapt4_ws/install/demo_python_service/lib/python3.10/site-packages:/media/dubhe/store/learning/ros2_learning_experience/chapter4/chapt4_ws/install/chapt4_interfaces/local/lib/python3.10/dist-packages:${PYTHONPATH} /usr/bin/python3 -W ignore:setup.py install is deprecated -W ignore:easy_install command is deprecated setup.py egg_info --egg-base ../../build/demo_python_service build --build-base /media/dubhe/store/learning/ros2_learning_experience/chapter4/chapt4_ws/build/demo_python_service/build install --record /media/dubhe/store/learning/ros2_learning_experience/chapter4/chapt4_ws/build/demo_python_service/install.log --single-version-externally-managed install_data
