[0.005s] Invoking command in '/media/dubhe/store/learning/ros2_learning_experience/chapter3/topic_practise_ws/src/build/status_interfaces': CMAKE_PREFIX_PATH=/opt/ros/humble /usr/bin/cmake /media/dubhe/store/learning/ros2_learning_experience/chapter3/topic_practise_ws/src/status_interfaces -DCMAKE_INSTALL_PREFIX=/media/dubhe/store/learning/ros2_learning_experience/chapter3/topic_practise_ws/src/install/status_interfaces
[0.039s] -- The C compiler identification is GNU 11.4.0
[0.072s] -- The CXX compiler identification is GNU 11.4.0
[0.076s] -- Detecting C compiler ABI info
[0.132s] -- Detecting C compiler ABI info - done
[0.137s] -- Check for working C compiler: /usr/bin/cc - skipped
[0.137s] -- Detecting C compile features
[0.137s] -- Detecting C compile features - done
[0.139s] -- Detecting CXX compiler ABI info
[0.186s] -- Detecting CXX compiler ABI info - done
[0.191s] -- Check for working CXX compiler: /usr/bin/c++ - skipped
[0.191s] -- Detecting CXX compile features
[0.191s] -- Detecting CXX compile features - done
[0.192s] -- Found ament_cmake: 1.3.12 (/opt/ros/humble/share/ament_cmake/cmake)
[0.281s] -- Found Python3: /usr/bin/python3 (found version "3.10.12") found components: Interpreter 
[0.336s] -- Found rosidl_default_generators: 1.2.0 (/opt/ros/humble/share/rosidl_default_generators/cmake)
[0.337s] -- Using all available rosidl_typesupport_c: rosidl_typesupport_fastrtps_c;rosidl_typesupport_introspection_c
[0.340s] -- Found rosidl_adapter: 3.1.7 (/opt/ros/humble/share/rosidl_adapter/cmake)
[0.361s] -- Using all available rosidl_typesupport_cpp: rosidl_typesupport_fastrtps_cpp;rosidl_typesupport_introspection_cpp
[0.378s] -- Found builtin_interfaces: 1.2.2 (/opt/ros/humble/share/builtin_interfaces/cmake)
[0.547s] -- Found ament_cmake_ros: 0.10.0 (/opt/ros/humble/share/ament_cmake_ros/cmake)
[0.664s] -- Using all available rosidl_typesupport_c: rosidl_typesupport_fastrtps_c;rosidl_typesupport_introspection_c
[0.821s] -- Using all available rosidl_typesupport_cpp: rosidl_typesupport_fastrtps_cpp;rosidl_typesupport_introspection_cpp
[0.836s] -- Found PythonInterp: /usr/bin/python3 (found suitable version "3.10.12", minimum required is "3.6") 
[0.836s] -- Found python_cmake_module: 0.10.0 (/opt/ros/humble/share/python_cmake_module/cmake)
[0.853s] -- Found PythonLibs: /usr/lib/x86_64-linux-gnu/libpython3.10.so (found suitable version "3.10.12", minimum required is "3.5") 
[0.853s] -- Using PYTHON_EXECUTABLE: /usr/bin/python3
[0.853s] -- Using PYTHON_INCLUDE_DIRS: /usr/include/python3.10
[0.853s] -- Using PYTHON_LIBRARIES: /usr/lib/x86_64-linux-gnu/libpython3.10.so
[0.867s] -- Found PythonExtra: .so  
[0.889s] -- Found ament_lint_auto: 0.12.14 (/opt/ros/humble/share/ament_lint_auto/cmake)
[0.898s] -- Added test 'lint_cmake' to check CMake code style
[0.899s] -- Added test 'xmllint' to check XML markup files
[0.900s] -- Configuring done
[0.919s] -- Generating done
[0.926s] -- Build files have been written to: /media/dubhe/store/learning/ros2_learning_experience/chapter3/topic_practise_ws/src/build/status_interfaces
[0.931s] Invoked command in '/media/dubhe/store/learning/ros2_learning_experience/chapter3/topic_practise_ws/src/build/status_interfaces' returned '0': CMAKE_PREFIX_PATH=/opt/ros/humble /usr/bin/cmake /media/dubhe/store/learning/ros2_learning_experience/chapter3/topic_practise_ws/src/status_interfaces -DCMAKE_INSTALL_PREFIX=/media/dubhe/store/learning/ros2_learning_experience/chapter3/topic_practise_ws/src/install/status_interfaces
[0.932s] Invoking command in '/media/dubhe/store/learning/ros2_learning_experience/chapter3/topic_practise_ws/src/build/status_interfaces': CMAKE_PREFIX_PATH=/opt/ros/humble /usr/bin/cmake --build /media/dubhe/store/learning/ros2_learning_experience/chapter3/topic_practise_ws/src/build/status_interfaces -- -j16 -l16
[0.957s] [  3%] [34m[1mGenerating C code for ROS interfaces[0m
[0.964s] [  6%] [34m[1mGenerating C++ code for ROS interfaces[0m
[0.969s] [  6%] Built target ament_cmake_python_copy_status_interfaces
[1.120s] running egg_info
[1.121s] creating status_interfaces.egg-info
[1.121s] writing status_interfaces.egg-info/PKG-INFO
[1.122s] writing dependency_links to status_interfaces.egg-info/dependency_links.txt
[1.122s] writing top-level names to status_interfaces.egg-info/top_level.txt
[1.122s] writing manifest file 'status_interfaces.egg-info/SOURCES.txt'
[1.124s] reading manifest file 'status_interfaces.egg-info/SOURCES.txt'
[1.125s] writing manifest file 'status_interfaces.egg-info/SOURCES.txt'
[1.132s] [  6%] Built target status_interfaces__cpp
[1.139s] [ 12%] [34m[1mGenerating C++ type support dispatch for ROS interfaces[0m
[1.139s] [ 12%] [34m[1mGenerating C++ type support for eProsima Fast-RTPS[0m
[1.139s] [ 16%] [34m[1mGenerating C++ introspection for ROS interfaces[0m
[1.146s] [ 16%] Built target ament_cmake_python_build_status_interfaces_egg
[1.147s] [ 19%] [32mBuilding C object CMakeFiles/status_interfaces__rosidl_generator_c.dir/rosidl_generator_c/status_interfaces/msg/detail/system_status__functions.c.o[0m
[1.191s] [ 22%] [32m[1mLinking C shared library libstatus_interfaces__rosidl_generator_c.so[0m
[1.216s] [ 22%] Built target status_interfaces__rosidl_generator_c
[1.223s] [ 32%] [34m[1mGenerating C introspection for ROS interfaces[0m
[1.223s] [ 32%] [34m[1mGenerating C type support dispatch for ROS interfaces[0m
[1.223s] [ 32%] [34m[1mGenerating C type support for eProsima Fast-RTPS[0m
[1.298s] [ 35%] [32mBuilding CXX object CMakeFiles/status_interfaces__rosidl_typesupport_cpp.dir/rosidl_typesupport_cpp/status_interfaces/msg/system_status__type_support.cpp.o[0m
[1.310s] [ 41%] [32mBuilding CXX object CMakeFiles/status_interfaces__rosidl_typesupport_fastrtps_cpp.dir/rosidl_typesupport_fastrtps_cpp/status_interfaces/msg/detail/dds_fastrtps/system_status__type_support.cpp.o[0m
[1.310s] [ 41%] [32mBuilding CXX object CMakeFiles/status_interfaces__rosidl_typesupport_introspection_cpp.dir/rosidl_typesupport_introspection_cpp/status_interfaces/msg/detail/system_status__type_support.cpp.o[0m
[1.378s] [ 45%] [32mBuilding CXX object CMakeFiles/status_interfaces__rosidl_typesupport_c.dir/rosidl_typesupport_c/status_interfaces/msg/system_status__type_support.cpp.o[0m
[1.393s] [ 51%] [32mBuilding CXX object CMakeFiles/status_interfaces__rosidl_typesupport_fastrtps_c.dir/rosidl_typesupport_fastrtps_c/status_interfaces/msg/detail/system_status__type_support_c.cpp.o[0m
[1.393s] [ 51%] [32mBuilding C object CMakeFiles/status_interfaces__rosidl_typesupport_introspection_c.dir/rosidl_typesupport_introspection_c/status_interfaces/msg/detail/system_status__type_support.c.o[0m
[1.397s] [ 54%] [32m[1mLinking CXX shared library libstatus_interfaces__rosidl_typesupport_c.so[0m
[1.415s] [ 58%] [32m[1mLinking C shared library libstatus_interfaces__rosidl_typesupport_introspection_c.so[0m
[1.423s] [ 58%] Built target status_interfaces__rosidl_typesupport_c
[1.435s] [ 58%] Built target status_interfaces__rosidl_typesupport_introspection_c
[1.465s] [ 61%] [32m[1mLinking CXX shared library libstatus_interfaces__rosidl_typesupport_cpp.so[0m
[1.490s] [ 61%] Built target status_interfaces__rosidl_typesupport_cpp
[1.544s] [ 64%] [32m[1mLinking CXX shared library libstatus_interfaces__rosidl_typesupport_introspection_cpp.so[0m
[1.560s] [ 67%] [32m[1mLinking CXX shared library libstatus_interfaces__rosidl_typesupport_fastrtps_cpp.so[0m
[1.582s] [ 67%] Built target status_interfaces__rosidl_typesupport_introspection_cpp
[1.599s] [ 70%] [32m[1mLinking CXX shared library libstatus_interfaces__rosidl_typesupport_fastrtps_c.so[0m
[1.603s] [ 70%] Built target status_interfaces__rosidl_typesupport_fastrtps_cpp
[1.645s] [ 70%] Built target status_interfaces__rosidl_typesupport_fastrtps_c
[1.656s] [ 70%] Built target status_interfaces
[1.667s] [ 74%] [34m[1mGenerating Python code for ROS interfaces[0m
[1.859s] [ 74%] Built target status_interfaces__py
[1.869s] [ 77%] [32mBuilding C object CMakeFiles/status_interfaces__rosidl_generator_py.dir/rosidl_generator_py/status_interfaces/msg/_system_status_s.c.o[0m
[1.948s] [ 80%] [32m[1mLinking C shared library rosidl_generator_py/status_interfaces/libstatus_interfaces__rosidl_generator_py.so[0m
[1.971s] [ 80%] Built target status_interfaces__rosidl_generator_py
[1.982s] [ 83%] [32mBuilding C object CMakeFiles/status_interfaces__rosidl_typesupport_fastrtps_c__pyext.dir/rosidl_generator_py/status_interfaces/_status_interfaces_s.ep.rosidl_typesupport_fastrtps_c.c.o[0m
[1.983s] [ 90%] [32mBuilding C object CMakeFiles/status_interfaces__rosidl_typesupport_introspection_c__pyext.dir/rosidl_generator_py/status_interfaces/_status_interfaces_s.ep.rosidl_typesupport_introspection_c.c.o[0m
[1.983s] [ 90%] [32mBuilding C object CMakeFiles/status_interfaces__rosidl_typesupport_c__pyext.dir/rosidl_generator_py/status_interfaces/_status_interfaces_s.ep.rosidl_typesupport_c.c.o[0m
[2.043s] [100%] [32m[1mLinking C shared library rosidl_generator_py/status_interfaces/status_interfaces_s__rosidl_typesupport_introspection_c.cpython-310-x86_64-linux-gnu.so[0m
[2.044s] [100%] [32m[1mLinking C shared library rosidl_generator_py/status_interfaces/status_interfaces_s__rosidl_typesupport_fastrtps_c.cpython-310-x86_64-linux-gnu.so[0m
[2.044s] [100%] [32m[1mLinking C shared library rosidl_generator_py/status_interfaces/status_interfaces_s__rosidl_typesupport_c.cpython-310-x86_64-linux-gnu.so[0m
[2.065s] [100%] Built target status_interfaces__rosidl_typesupport_c__pyext
[2.065s] [100%] Built target status_interfaces__rosidl_typesupport_fastrtps_c__pyext
[2.065s] [100%] Built target status_interfaces__rosidl_typesupport_introspection_c__pyext
[2.072s] Invoked command in '/media/dubhe/store/learning/ros2_learning_experience/chapter3/topic_practise_ws/src/build/status_interfaces' returned '0': CMAKE_PREFIX_PATH=/opt/ros/humble /usr/bin/cmake --build /media/dubhe/store/learning/ros2_learning_experience/chapter3/topic_practise_ws/src/build/status_interfaces -- -j16 -l16
[2.078s] Invoking command in '/media/dubhe/store/learning/ros2_learning_experience/chapter3/topic_practise_ws/src/build/status_interfaces': CMAKE_PREFIX_PATH=/opt/ros/humble /usr/bin/cmake --install /media/dubhe/store/learning/ros2_learning_experience/chapter3/topic_practise_ws/src/build/status_interfaces
[2.082s] -- Install configuration: ""
[2.082s] -- Installing: /media/dubhe/store/learning/ros2_learning_experience/chapter3/topic_practise_ws/src/install/status_interfaces/share/ament_index/resource_index/rosidl_interfaces/status_interfaces
[2.082s] -- Installing: /media/dubhe/store/learning/ros2_learning_experience/chapter3/topic_practise_ws/src/install/status_interfaces/include/status_interfaces/status_interfaces
[2.082s] -- Installing: /media/dubhe/store/learning/ros2_learning_experience/chapter3/topic_practise_ws/src/install/status_interfaces/include/status_interfaces/status_interfaces/msg
[2.082s] -- Installing: /media/dubhe/store/learning/ros2_learning_experience/chapter3/topic_practise_ws/src/install/status_interfaces/include/status_interfaces/status_interfaces/msg/system_status.h
[2.082s] -- Installing: /media/dubhe/store/learning/ros2_learning_experience/chapter3/topic_practise_ws/src/install/status_interfaces/include/status_interfaces/status_interfaces/msg/detail
[2.082s] -- Installing: /media/dubhe/store/learning/ros2_learning_experience/chapter3/topic_practise_ws/src/install/status_interfaces/include/status_interfaces/status_interfaces/msg/detail/system_status__struct.h
[2.083s] -- Installing: /media/dubhe/store/learning/ros2_learning_experience/chapter3/topic_practise_ws/src/install/status_interfaces/include/status_interfaces/status_interfaces/msg/detail/system_status__type_support.h
[2.083s] -- Installing: /media/dubhe/store/learning/ros2_learning_experience/chapter3/topic_practise_ws/src/install/status_interfaces/include/status_interfaces/status_interfaces/msg/detail/system_status__functions.c
[2.083s] -- Installing: /media/dubhe/store/learning/ros2_learning_experience/chapter3/topic_practise_ws/src/install/status_interfaces/include/status_interfaces/status_interfaces/msg/detail/system_status__functions.h
[2.083s] -- Installing: /media/dubhe/store/learning/ros2_learning_experience/chapter3/topic_practise_ws/src/install/status_interfaces/include/status_interfaces/status_interfaces/msg/rosidl_generator_c__visibility_control.h
[2.083s] -- Installing: /media/dubhe/store/learning/ros2_learning_experience/chapter3/topic_practise_ws/src/install/status_interfaces/share/status_interfaces/environment/library_path.sh
[2.083s] -- Installing: /media/dubhe/store/learning/ros2_learning_experience/chapter3/topic_practise_ws/src/install/status_interfaces/share/status_interfaces/environment/library_path.dsv
[2.083s] -- Installing: /media/dubhe/store/learning/ros2_learning_experience/chapter3/topic_practise_ws/src/install/status_interfaces/lib/libstatus_interfaces__rosidl_generator_c.so
[2.083s] -- Set runtime path of "/media/dubhe/store/learning/ros2_learning_experience/chapter3/topic_practise_ws/src/install/status_interfaces/lib/libstatus_interfaces__rosidl_generator_c.so" to ""
[2.083s] -- Up-to-date: /media/dubhe/store/learning/ros2_learning_experience/chapter3/topic_practise_ws/src/install/status_interfaces/include/status_interfaces/status_interfaces
[2.083s] -- Up-to-date: /media/dubhe/store/learning/ros2_learning_experience/chapter3/topic_practise_ws/src/install/status_interfaces/include/status_interfaces/status_interfaces/msg
[2.083s] -- Up-to-date: /media/dubhe/store/learning/ros2_learning_experience/chapter3/topic_practise_ws/src/install/status_interfaces/include/status_interfaces/status_interfaces/msg/detail
[2.083s] -- Installing: /media/dubhe/store/learning/ros2_learning_experience/chapter3/topic_practise_ws/src/install/status_interfaces/include/status_interfaces/status_interfaces/msg/detail/system_status__rosidl_typesupport_fastrtps_c.h
[2.083s] -- Installing: /media/dubhe/store/learning/ros2_learning_experience/chapter3/topic_practise_ws/src/install/status_interfaces/include/status_interfaces/status_interfaces/msg/rosidl_typesupport_fastrtps_c__visibility_control.h
[2.083s] -- Installing: /media/dubhe/store/learning/ros2_learning_experience/chapter3/topic_practise_ws/src/install/status_interfaces/lib/libstatus_interfaces__rosidl_typesupport_fastrtps_c.so
[2.083s] -- Set runtime path of "/media/dubhe/store/learning/ros2_learning_experience/chapter3/topic_practise_ws/src/install/status_interfaces/lib/libstatus_interfaces__rosidl_typesupport_fastrtps_c.so" to ""
[2.084s] -- Up-to-date: /media/dubhe/store/learning/ros2_learning_experience/chapter3/topic_practise_ws/src/install/status_interfaces/include/status_interfaces/status_interfaces
[2.084s] -- Up-to-date: /media/dubhe/store/learning/ros2_learning_experience/chapter3/topic_practise_ws/src/install/status_interfaces/include/status_interfaces/status_interfaces/msg
[2.084s] -- Up-to-date: /media/dubhe/store/learning/ros2_learning_experience/chapter3/topic_practise_ws/src/install/status_interfaces/include/status_interfaces/status_interfaces/msg/detail
[2.084s] -- Installing: /media/dubhe/store/learning/ros2_learning_experience/chapter3/topic_practise_ws/src/install/status_interfaces/include/status_interfaces/status_interfaces/msg/detail/system_status__rosidl_typesupport_introspection_c.h
[2.084s] -- Installing: /media/dubhe/store/learning/ros2_learning_experience/chapter3/topic_practise_ws/src/install/status_interfaces/include/status_interfaces/status_interfaces/msg/detail/system_status__type_support.c
[2.084s] -- Installing: /media/dubhe/store/learning/ros2_learning_experience/chapter3/topic_practise_ws/src/install/status_interfaces/include/status_interfaces/status_interfaces/msg/rosidl_typesupport_introspection_c__visibility_control.h
[2.084s] -- Installing: /media/dubhe/store/learning/ros2_learning_experience/chapter3/topic_practise_ws/src/install/status_interfaces/lib/libstatus_interfaces__rosidl_typesupport_introspection_c.so
[2.084s] -- Set runtime path of "/media/dubhe/store/learning/ros2_learning_experience/chapter3/topic_practise_ws/src/install/status_interfaces/lib/libstatus_interfaces__rosidl_typesupport_introspection_c.so" to ""
[2.084s] -- Installing: /media/dubhe/store/learning/ros2_learning_experience/chapter3/topic_practise_ws/src/install/status_interfaces/lib/libstatus_interfaces__rosidl_typesupport_c.so
[2.084s] -- Set runtime path of "/media/dubhe/store/learning/ros2_learning_experience/chapter3/topic_practise_ws/src/install/status_interfaces/lib/libstatus_interfaces__rosidl_typesupport_c.so" to ""
[2.084s] -- Up-to-date: /media/dubhe/store/learning/ros2_learning_experience/chapter3/topic_practise_ws/src/install/status_interfaces/include/status_interfaces/status_interfaces
[2.084s] -- Up-to-date: /media/dubhe/store/learning/ros2_learning_experience/chapter3/topic_practise_ws/src/install/status_interfaces/include/status_interfaces/status_interfaces/msg
[2.084s] -- Up-to-date: /media/dubhe/store/learning/ros2_learning_experience/chapter3/topic_practise_ws/src/install/status_interfaces/include/status_interfaces/status_interfaces/msg/detail
[2.084s] -- Installing: /media/dubhe/store/learning/ros2_learning_experience/chapter3/topic_practise_ws/src/install/status_interfaces/include/status_interfaces/status_interfaces/msg/detail/system_status__traits.hpp
[2.084s] -- Installing: /media/dubhe/store/learning/ros2_learning_experience/chapter3/topic_practise_ws/src/install/status_interfaces/include/status_interfaces/status_interfaces/msg/detail/system_status__type_support.hpp
[2.084s] -- Installing: /media/dubhe/store/learning/ros2_learning_experience/chapter3/topic_practise_ws/src/install/status_interfaces/include/status_interfaces/status_interfaces/msg/detail/system_status__builder.hpp
[2.084s] -- Installing: /media/dubhe/store/learning/ros2_learning_experience/chapter3/topic_practise_ws/src/install/status_interfaces/include/status_interfaces/status_interfaces/msg/detail/system_status__struct.hpp
[2.084s] -- Installing: /media/dubhe/store/learning/ros2_learning_experience/chapter3/topic_practise_ws/src/install/status_interfaces/include/status_interfaces/status_interfaces/msg/rosidl_generator_cpp__visibility_control.hpp
[2.084s] -- Installing: /media/dubhe/store/learning/ros2_learning_experience/chapter3/topic_practise_ws/src/install/status_interfaces/include/status_interfaces/status_interfaces/msg/system_status.hpp
[2.085s] -- Up-to-date: /media/dubhe/store/learning/ros2_learning_experience/chapter3/topic_practise_ws/src/install/status_interfaces/include/status_interfaces/status_interfaces
[2.085s] -- Up-to-date: /media/dubhe/store/learning/ros2_learning_experience/chapter3/topic_practise_ws/src/install/status_interfaces/include/status_interfaces/status_interfaces/msg
[2.085s] -- Up-to-date: /media/dubhe/store/learning/ros2_learning_experience/chapter3/topic_practise_ws/src/install/status_interfaces/include/status_interfaces/status_interfaces/msg/detail
[2.085s] -- Installing: /media/dubhe/store/learning/ros2_learning_experience/chapter3/topic_practise_ws/src/install/status_interfaces/include/status_interfaces/status_interfaces/msg/detail/system_status__rosidl_typesupport_fastrtps_cpp.hpp
[2.085s] -- Installing: /media/dubhe/store/learning/ros2_learning_experience/chapter3/topic_practise_ws/src/install/status_interfaces/include/status_interfaces/status_interfaces/msg/detail/dds_fastrtps
[2.085s] -- Installing: /media/dubhe/store/learning/ros2_learning_experience/chapter3/topic_practise_ws/src/install/status_interfaces/include/status_interfaces/status_interfaces/msg/rosidl_typesupport_fastrtps_cpp__visibility_control.h
[2.085s] -- Installing: /media/dubhe/store/learning/ros2_learning_experience/chapter3/topic_practise_ws/src/install/status_interfaces/lib/libstatus_interfaces__rosidl_typesupport_fastrtps_cpp.so
[2.085s] -- Set runtime path of "/media/dubhe/store/learning/ros2_learning_experience/chapter3/topic_practise_ws/src/install/status_interfaces/lib/libstatus_interfaces__rosidl_typesupport_fastrtps_cpp.so" to ""
[2.085s] -- Up-to-date: /media/dubhe/store/learning/ros2_learning_experience/chapter3/topic_practise_ws/src/install/status_interfaces/include/status_interfaces/status_interfaces
[2.085s] -- Up-to-date: /media/dubhe/store/learning/ros2_learning_experience/chapter3/topic_practise_ws/src/install/status_interfaces/include/status_interfaces/status_interfaces/msg
[2.085s] -- Up-to-date: /media/dubhe/store/learning/ros2_learning_experience/chapter3/topic_practise_ws/src/install/status_interfaces/include/status_interfaces/status_interfaces/msg/detail
[2.085s] -- Installing: /media/dubhe/store/learning/ros2_learning_experience/chapter3/topic_practise_ws/src/install/status_interfaces/include/status_interfaces/status_interfaces/msg/detail/system_status__rosidl_typesupport_introspection_cpp.hpp
[2.085s] -- Installing: /media/dubhe/store/learning/ros2_learning_experience/chapter3/topic_practise_ws/src/install/status_interfaces/include/status_interfaces/status_interfaces/msg/detail/system_status__type_support.cpp
[2.085s] -- Installing: /media/dubhe/store/learning/ros2_learning_experience/chapter3/topic_practise_ws/src/install/status_interfaces/lib/libstatus_interfaces__rosidl_typesupport_introspection_cpp.so
[2.085s] -- Set runtime path of "/media/dubhe/store/learning/ros2_learning_experience/chapter3/topic_practise_ws/src/install/status_interfaces/lib/libstatus_interfaces__rosidl_typesupport_introspection_cpp.so" to ""
[2.085s] -- Installing: /media/dubhe/store/learning/ros2_learning_experience/chapter3/topic_practise_ws/src/install/status_interfaces/lib/libstatus_interfaces__rosidl_typesupport_cpp.so
[2.085s] -- Set runtime path of "/media/dubhe/store/learning/ros2_learning_experience/chapter3/topic_practise_ws/src/install/status_interfaces/lib/libstatus_interfaces__rosidl_typesupport_cpp.so" to ""
[2.086s] -- Installing: /media/dubhe/store/learning/ros2_learning_experience/chapter3/topic_practise_ws/src/install/status_interfaces/share/status_interfaces/environment/pythonpath.sh
[2.086s] -- Installing: /media/dubhe/store/learning/ros2_learning_experience/chapter3/topic_practise_ws/src/install/status_interfaces/share/status_interfaces/environment/pythonpath.dsv
[2.086s] -- Installing: /media/dubhe/store/learning/ros2_learning_experience/chapter3/topic_practise_ws/src/install/status_interfaces/local/lib/python3.10/dist-packages/status_interfaces-0.0.0-py3.10.egg-info
[2.086s] -- Installing: /media/dubhe/store/learning/ros2_learning_experience/chapter3/topic_practise_ws/src/install/status_interfaces/local/lib/python3.10/dist-packages/status_interfaces-0.0.0-py3.10.egg-info/dependency_links.txt
[2.086s] -- Installing: /media/dubhe/store/learning/ros2_learning_experience/chapter3/topic_practise_ws/src/install/status_interfaces/local/lib/python3.10/dist-packages/status_interfaces-0.0.0-py3.10.egg-info/top_level.txt
[2.086s] -- Installing: /media/dubhe/store/learning/ros2_learning_experience/chapter3/topic_practise_ws/src/install/status_interfaces/local/lib/python3.10/dist-packages/status_interfaces-0.0.0-py3.10.egg-info/SOURCES.txt
[2.086s] -- Installing: /media/dubhe/store/learning/ros2_learning_experience/chapter3/topic_practise_ws/src/install/status_interfaces/local/lib/python3.10/dist-packages/status_interfaces-0.0.0-py3.10.egg-info/PKG-INFO
[2.086s] -- Installing: /media/dubhe/store/learning/ros2_learning_experience/chapter3/topic_practise_ws/src/install/status_interfaces/local/lib/python3.10/dist-packages/status_interfaces
[2.086s] -- Installing: /media/dubhe/store/learning/ros2_learning_experience/chapter3/topic_practise_ws/src/install/status_interfaces/local/lib/python3.10/dist-packages/status_interfaces/status_interfaces_s__rosidl_typesupport_fastrtps_c.cpython-310-x86_64-linux-gnu.so
[2.086s] -- Installing: /media/dubhe/store/learning/ros2_learning_experience/chapter3/topic_practise_ws/src/install/status_interfaces/local/lib/python3.10/dist-packages/status_interfaces/_status_interfaces_s.ep.rosidl_typesupport_c.c
[2.086s] -- Installing: /media/dubhe/store/learning/ros2_learning_experience/chapter3/topic_practise_ws/src/install/status_interfaces/local/lib/python3.10/dist-packages/status_interfaces/status_interfaces_s__rosidl_typesupport_introspection_c.cpython-310-x86_64-linux-gnu.so
[2.086s] -- Installing: /media/dubhe/store/learning/ros2_learning_experience/chapter3/topic_practise_ws/src/install/status_interfaces/local/lib/python3.10/dist-packages/status_interfaces/status_interfaces_s__rosidl_typesupport_c.cpython-310-x86_64-linux-gnu.so
[2.086s] -- Installing: /media/dubhe/store/learning/ros2_learning_experience/chapter3/topic_practise_ws/src/install/status_interfaces/local/lib/python3.10/dist-packages/status_interfaces/msg
[2.086s] -- Installing: /media/dubhe/store/learning/ros2_learning_experience/chapter3/topic_practise_ws/src/install/status_interfaces/local/lib/python3.10/dist-packages/status_interfaces/msg/_system_status.py
[2.086s] -- Installing: /media/dubhe/store/learning/ros2_learning_experience/chapter3/topic_practise_ws/src/install/status_interfaces/local/lib/python3.10/dist-packages/status_interfaces/msg/__init__.py
[2.086s] -- Installing: /media/dubhe/store/learning/ros2_learning_experience/chapter3/topic_practise_ws/src/install/status_interfaces/local/lib/python3.10/dist-packages/status_interfaces/msg/_system_status_s.c
[2.086s] -- Installing: /media/dubhe/store/learning/ros2_learning_experience/chapter3/topic_practise_ws/src/install/status_interfaces/local/lib/python3.10/dist-packages/status_interfaces/_status_interfaces_s.ep.rosidl_typesupport_fastrtps_c.c
[2.086s] -- Installing: /media/dubhe/store/learning/ros2_learning_experience/chapter3/topic_practise_ws/src/install/status_interfaces/local/lib/python3.10/dist-packages/status_interfaces/__init__.py
[2.086s] -- Installing: /media/dubhe/store/learning/ros2_learning_experience/chapter3/topic_practise_ws/src/install/status_interfaces/local/lib/python3.10/dist-packages/status_interfaces/libstatus_interfaces__rosidl_generator_py.so
[2.087s] -- Installing: /media/dubhe/store/learning/ros2_learning_experience/chapter3/topic_practise_ws/src/install/status_interfaces/local/lib/python3.10/dist-packages/status_interfaces/_status_interfaces_s.ep.rosidl_typesupport_introspection_c.c
[2.108s] Listing '/media/dubhe/store/learning/ros2_learning_experience/chapter3/topic_practise_ws/src/install/status_interfaces/local/lib/python3.10/dist-packages/status_interfaces'...
[2.108s] Compiling '/media/dubhe/store/learning/ros2_learning_experience/chapter3/topic_practise_ws/src/install/status_interfaces/local/lib/python3.10/dist-packages/status_interfaces/__init__.py'...
[2.108s] Listing '/media/dubhe/store/learning/ros2_learning_experience/chapter3/topic_practise_ws/src/install/status_interfaces/local/lib/python3.10/dist-packages/status_interfaces/msg'...
[2.108s] Compiling '/media/dubhe/store/learning/ros2_learning_experience/chapter3/topic_practise_ws/src/install/status_interfaces/local/lib/python3.10/dist-packages/status_interfaces/msg/__init__.py'...
[2.108s] Compiling '/media/dubhe/store/learning/ros2_learning_experience/chapter3/topic_practise_ws/src/install/status_interfaces/local/lib/python3.10/dist-packages/status_interfaces/msg/_system_status.py'...
[2.112s] -- Installing: /media/dubhe/store/learning/ros2_learning_experience/chapter3/topic_practise_ws/src/install/status_interfaces/local/lib/python3.10/dist-packages/status_interfaces/status_interfaces_s__rosidl_typesupport_fastrtps_c.cpython-310-x86_64-linux-gnu.so
[2.112s] -- Set runtime path of "/media/dubhe/store/learning/ros2_learning_experience/chapter3/topic_practise_ws/src/install/status_interfaces/local/lib/python3.10/dist-packages/status_interfaces/status_interfaces_s__rosidl_typesupport_fastrtps_c.cpython-310-x86_64-linux-gnu.so" to ""
[2.112s] -- Installing: /media/dubhe/store/learning/ros2_learning_experience/chapter3/topic_practise_ws/src/install/status_interfaces/local/lib/python3.10/dist-packages/status_interfaces/status_interfaces_s__rosidl_typesupport_introspection_c.cpython-310-x86_64-linux-gnu.so
[2.112s] -- Set runtime path of "/media/dubhe/store/learning/ros2_learning_experience/chapter3/topic_practise_ws/src/install/status_interfaces/local/lib/python3.10/dist-packages/status_interfaces/status_interfaces_s__rosidl_typesupport_introspection_c.cpython-310-x86_64-linux-gnu.so" to ""
[2.112s] -- Installing: /media/dubhe/store/learning/ros2_learning_experience/chapter3/topic_practise_ws/src/install/status_interfaces/local/lib/python3.10/dist-packages/status_interfaces/status_interfaces_s__rosidl_typesupport_c.cpython-310-x86_64-linux-gnu.so
[2.113s] -- Set runtime path of "/media/dubhe/store/learning/ros2_learning_experience/chapter3/topic_practise_ws/src/install/status_interfaces/local/lib/python3.10/dist-packages/status_interfaces/status_interfaces_s__rosidl_typesupport_c.cpython-310-x86_64-linux-gnu.so" to ""
[2.113s] -- Installing: /media/dubhe/store/learning/ros2_learning_experience/chapter3/topic_practise_ws/src/install/status_interfaces/lib/libstatus_interfaces__rosidl_generator_py.so
[2.113s] -- Set runtime path of "/media/dubhe/store/learning/ros2_learning_experience/chapter3/topic_practise_ws/src/install/status_interfaces/lib/libstatus_interfaces__rosidl_generator_py.so" to ""
[2.113s] -- Installing: /media/dubhe/store/learning/ros2_learning_experience/chapter3/topic_practise_ws/src/install/status_interfaces/share/status_interfaces/msg/SystemStatus.idl
[2.113s] -- Installing: /media/dubhe/store/learning/ros2_learning_experience/chapter3/topic_practise_ws/src/install/status_interfaces/share/status_interfaces/msg/SystemStatus.msg
[2.113s] -- Installing: /media/dubhe/store/learning/ros2_learning_experience/chapter3/topic_practise_ws/src/install/status_interfaces/share/ament_index/resource_index/package_run_dependencies/status_interfaces
[2.113s] -- Installing: /media/dubhe/store/learning/ros2_learning_experience/chapter3/topic_practise_ws/src/install/status_interfaces/share/ament_index/resource_index/parent_prefix_path/status_interfaces
[2.113s] -- Installing: /media/dubhe/store/learning/ros2_learning_experience/chapter3/topic_practise_ws/src/install/status_interfaces/share/status_interfaces/environment/ament_prefix_path.sh
[2.113s] -- Installing: /media/dubhe/store/learning/ros2_learning_experience/chapter3/topic_practise_ws/src/install/status_interfaces/share/status_interfaces/environment/ament_prefix_path.dsv
[2.113s] -- Installing: /media/dubhe/store/learning/ros2_learning_experience/chapter3/topic_practise_ws/src/install/status_interfaces/share/status_interfaces/environment/path.sh
[2.113s] -- Installing: /media/dubhe/store/learning/ros2_learning_experience/chapter3/topic_practise_ws/src/install/status_interfaces/share/status_interfaces/environment/path.dsv
[2.114s] -- Installing: /media/dubhe/store/learning/ros2_learning_experience/chapter3/topic_practise_ws/src/install/status_interfaces/share/status_interfaces/local_setup.bash
[2.114s] -- Installing: /media/dubhe/store/learning/ros2_learning_experience/chapter3/topic_practise_ws/src/install/status_interfaces/share/status_interfaces/local_setup.sh
[2.114s] -- Installing: /media/dubhe/store/learning/ros2_learning_experience/chapter3/topic_practise_ws/src/install/status_interfaces/share/status_interfaces/local_setup.zsh
[2.114s] -- Installing: /media/dubhe/store/learning/ros2_learning_experience/chapter3/topic_practise_ws/src/install/status_interfaces/share/status_interfaces/local_setup.dsv
[2.114s] -- Installing: /media/dubhe/store/learning/ros2_learning_experience/chapter3/topic_practise_ws/src/install/status_interfaces/share/status_interfaces/package.dsv
[2.114s] -- Installing: /media/dubhe/store/learning/ros2_learning_experience/chapter3/topic_practise_ws/src/install/status_interfaces/share/ament_index/resource_index/packages/status_interfaces
[2.114s] -- Installing: /media/dubhe/store/learning/ros2_learning_experience/chapter3/topic_practise_ws/src/install/status_interfaces/share/status_interfaces/cmake/export_status_interfaces__rosidl_generator_cExport.cmake
[2.114s] -- Installing: /media/dubhe/store/learning/ros2_learning_experience/chapter3/topic_practise_ws/src/install/status_interfaces/share/status_interfaces/cmake/export_status_interfaces__rosidl_generator_cExport-noconfig.cmake
[2.114s] -- Installing: /media/dubhe/store/learning/ros2_learning_experience/chapter3/topic_practise_ws/src/install/status_interfaces/share/status_interfaces/cmake/export_status_interfaces__rosidl_typesupport_fastrtps_cExport.cmake
[2.114s] -- Installing: /media/dubhe/store/learning/ros2_learning_experience/chapter3/topic_practise_ws/src/install/status_interfaces/share/status_interfaces/cmake/export_status_interfaces__rosidl_typesupport_fastrtps_cExport-noconfig.cmake
[2.114s] -- Installing: /media/dubhe/store/learning/ros2_learning_experience/chapter3/topic_practise_ws/src/install/status_interfaces/share/status_interfaces/cmake/status_interfaces__rosidl_typesupport_introspection_cExport.cmake
[2.114s] -- Installing: /media/dubhe/store/learning/ros2_learning_experience/chapter3/topic_practise_ws/src/install/status_interfaces/share/status_interfaces/cmake/status_interfaces__rosidl_typesupport_introspection_cExport-noconfig.cmake
[2.114s] -- Installing: /media/dubhe/store/learning/ros2_learning_experience/chapter3/topic_practise_ws/src/install/status_interfaces/share/status_interfaces/cmake/status_interfaces__rosidl_typesupport_cExport.cmake
[2.115s] -- Installing: /media/dubhe/store/learning/ros2_learning_experience/chapter3/topic_practise_ws/src/install/status_interfaces/share/status_interfaces/cmake/status_interfaces__rosidl_typesupport_cExport-noconfig.cmake
[2.115s] -- Installing: /media/dubhe/store/learning/ros2_learning_experience/chapter3/topic_practise_ws/src/install/status_interfaces/share/status_interfaces/cmake/export_status_interfaces__rosidl_generator_cppExport.cmake
[2.115s] -- Installing: /media/dubhe/store/learning/ros2_learning_experience/chapter3/topic_practise_ws/src/install/status_interfaces/share/status_interfaces/cmake/export_status_interfaces__rosidl_typesupport_fastrtps_cppExport.cmake
[2.115s] -- Installing: /media/dubhe/store/learning/ros2_learning_experience/chapter3/topic_practise_ws/src/install/status_interfaces/share/status_interfaces/cmake/export_status_interfaces__rosidl_typesupport_fastrtps_cppExport-noconfig.cmake
[2.115s] -- Installing: /media/dubhe/store/learning/ros2_learning_experience/chapter3/topic_practise_ws/src/install/status_interfaces/share/status_interfaces/cmake/status_interfaces__rosidl_typesupport_introspection_cppExport.cmake
[2.115s] -- Installing: /media/dubhe/store/learning/ros2_learning_experience/chapter3/topic_practise_ws/src/install/status_interfaces/share/status_interfaces/cmake/status_interfaces__rosidl_typesupport_introspection_cppExport-noconfig.cmake
[2.115s] -- Installing: /media/dubhe/store/learning/ros2_learning_experience/chapter3/topic_practise_ws/src/install/status_interfaces/share/status_interfaces/cmake/status_interfaces__rosidl_typesupport_cppExport.cmake
[2.115s] -- Installing: /media/dubhe/store/learning/ros2_learning_experience/chapter3/topic_practise_ws/src/install/status_interfaces/share/status_interfaces/cmake/status_interfaces__rosidl_typesupport_cppExport-noconfig.cmake
[2.115s] -- Installing: /media/dubhe/store/learning/ros2_learning_experience/chapter3/topic_practise_ws/src/install/status_interfaces/share/status_interfaces/cmake/export_status_interfaces__rosidl_generator_pyExport.cmake
[2.115s] -- Installing: /media/dubhe/store/learning/ros2_learning_experience/chapter3/topic_practise_ws/src/install/status_interfaces/share/status_interfaces/cmake/export_status_interfaces__rosidl_generator_pyExport-noconfig.cmake
[2.115s] -- Installing: /media/dubhe/store/learning/ros2_learning_experience/chapter3/topic_practise_ws/src/install/status_interfaces/share/status_interfaces/cmake/rosidl_cmake-extras.cmake
[2.115s] -- Installing: /media/dubhe/store/learning/ros2_learning_experience/chapter3/topic_practise_ws/src/install/status_interfaces/share/status_interfaces/cmake/ament_cmake_export_dependencies-extras.cmake
[2.115s] -- Installing: /media/dubhe/store/learning/ros2_learning_experience/chapter3/topic_practise_ws/src/install/status_interfaces/share/status_interfaces/cmake/ament_cmake_export_include_directories-extras.cmake
[2.116s] -- Installing: /media/dubhe/store/learning/ros2_learning_experience/chapter3/topic_practise_ws/src/install/status_interfaces/share/status_interfaces/cmake/ament_cmake_export_libraries-extras.cmake
[2.116s] -- Installing: /media/dubhe/store/learning/ros2_learning_experience/chapter3/topic_practise_ws/src/install/status_interfaces/share/status_interfaces/cmake/ament_cmake_export_targets-extras.cmake
[2.116s] -- Installing: /media/dubhe/store/learning/ros2_learning_experience/chapter3/topic_practise_ws/src/install/status_interfaces/share/status_interfaces/cmake/rosidl_cmake_export_typesupport_targets-extras.cmake
[2.116s] -- Installing: /media/dubhe/store/learning/ros2_learning_experience/chapter3/topic_practise_ws/src/install/status_interfaces/share/status_interfaces/cmake/rosidl_cmake_export_typesupport_libraries-extras.cmake
[2.116s] -- Installing: /media/dubhe/store/learning/ros2_learning_experience/chapter3/topic_practise_ws/src/install/status_interfaces/share/status_interfaces/cmake/status_interfacesConfig.cmake
[2.116s] -- Installing: /media/dubhe/store/learning/ros2_learning_experience/chapter3/topic_practise_ws/src/install/status_interfaces/share/status_interfaces/cmake/status_interfacesConfig-version.cmake
[2.116s] -- Installing: /media/dubhe/store/learning/ros2_learning_experience/chapter3/topic_practise_ws/src/install/status_interfaces/share/status_interfaces/package.xml
[2.118s] Invoked command in '/media/dubhe/store/learning/ros2_learning_experience/chapter3/topic_practise_ws/src/build/status_interfaces' returned '0': CMAKE_PREFIX_PATH=/opt/ros/humble /usr/bin/cmake --install /media/dubhe/store/learning/ros2_learning_experience/chapter3/topic_practise_ws/src/build/status_interfaces
