[0.073s] DEBUG:colcon:Command line arguments: ['/usr/bin/colcon', 'build']
[0.073s] DEBUG:colcon:Parsed command line arguments: Namespace(log_base=None, log_level=None, verb_name='build', build_base='build', install_base='install', merge_install=False, symlink_install=False, test_result_base=None, continue_on_error=False, executor='parallel', parallel_workers=16, event_handlers=None, ignore_user_meta=False, metas=['./colcon.meta'], base_paths=['.'], packages_ignore=None, packages_ignore_regex=None, paths=None, packages_up_to=None, packages_up_to_regex=None, packages_above=None, packages_above_and_dependencies=None, packages_above_depth=None, packages_select_by_dep=None, packages_skip_by_dep=None, packages_skip_up_to=None, packages_select_build_failed=False, packages_skip_build_finished=False, packages_select_test_failures=False, packages_skip_test_passed=False, packages_select=None, packages_skip=None, packages_select_regex=None, packages_skip_regex=None, packages_start=None, packages_end=None, allow_overriding=[], cmake_args=None, cmake_target=None, cmake_target_skip_unavailable=False, cmake_clean_cache=False, cmake_clean_first=False, cmake_force_configure=False, ament_cmake_args=None, catkin_cmake_args=None, catkin_skip_building_tests=False, verb_parser=<colcon_defaults.argument_parser.defaults.DefaultArgumentsDecorator object at 0x7ea039a69510>, verb_extension=<colcon_core.verb.build.BuildVerb object at 0x7ea039be1ba0>, main=<bound method BuildVerb.main of <colcon_core.verb.build.BuildVerb object at 0x7ea039be1ba0>>)
[0.226s] Level 1:colcon.colcon_core.package_discovery:discover_packages(colcon_meta) check parameters
[0.226s] Level 1:colcon.colcon_core.package_discovery:discover_packages(recursive) check parameters
[0.226s] Level 1:colcon.colcon_core.package_discovery:discover_packages(ignore) check parameters
[0.226s] Level 1:colcon.colcon_core.package_discovery:discover_packages(path) check parameters
[0.226s] Level 1:colcon.colcon_core.package_discovery:discover_packages(colcon_meta) discover
[0.226s] Level 1:colcon.colcon_core.package_discovery:discover_packages(recursive) discover
[0.226s] INFO:colcon.colcon_core.package_discovery:Crawling recursively for packages in '/media/dubhe/store/learning/ros2_learning_experience/chapter6/chapt6_ws'
[0.226s] Level 1:colcon.colcon_core.package_identification:_identify(.) by extensions ['ignore', 'ignore_ament_install']
[0.226s] Level 1:colcon.colcon_core.package_identification:_identify(.) by extension 'ignore'
[0.226s] Level 1:colcon.colcon_core.package_identification:_identify(.) by extension 'ignore_ament_install'
[0.226s] Level 1:colcon.colcon_core.package_identification:_identify(.) by extensions ['colcon_pkg']
[0.226s] Level 1:colcon.colcon_core.package_identification:_identify(.) by extension 'colcon_pkg'
[0.226s] Level 1:colcon.colcon_core.package_identification:_identify(.) by extensions ['colcon_meta']
[0.226s] Level 1:colcon.colcon_core.package_identification:_identify(.) by extension 'colcon_meta'
[0.226s] Level 1:colcon.colcon_core.package_identification:_identify(.) by extensions ['ros']
[0.226s] Level 1:colcon.colcon_core.package_identification:_identify(.) by extension 'ros'
[0.236s] Level 1:colcon.colcon_core.package_identification:_identify(.) by extensions ['cmake', 'python']
[0.236s] Level 1:colcon.colcon_core.package_identification:_identify(.) by extension 'cmake'
[0.236s] Level 1:colcon.colcon_core.package_identification:_identify(.) by extension 'python'
[0.236s] Level 1:colcon.colcon_core.package_identification:_identify(.) by extensions ['python_setup_py']
[0.236s] Level 1:colcon.colcon_core.package_identification:_identify(.) by extension 'python_setup_py'
[0.236s] Level 1:colcon.colcon_core.package_identification:_identify(build) by extensions ['ignore', 'ignore_ament_install']
[0.236s] Level 1:colcon.colcon_core.package_identification:_identify(build) by extension 'ignore'
[0.236s] Level 1:colcon.colcon_core.package_identification:_identify(build) ignored
[0.236s] Level 1:colcon.colcon_core.package_identification:_identify(install) by extensions ['ignore', 'ignore_ament_install']
[0.236s] Level 1:colcon.colcon_core.package_identification:_identify(install) by extension 'ignore'
[0.236s] Level 1:colcon.colcon_core.package_identification:_identify(install) ignored
[0.236s] Level 1:colcon.colcon_core.package_identification:_identify(log) by extensions ['ignore', 'ignore_ament_install']
[0.236s] Level 1:colcon.colcon_core.package_identification:_identify(log) by extension 'ignore'
[0.236s] Level 1:colcon.colcon_core.package_identification:_identify(log) ignored
[0.236s] Level 1:colcon.colcon_core.package_identification:_identify(src) by extensions ['ignore', 'ignore_ament_install']
[0.236s] Level 1:colcon.colcon_core.package_identification:_identify(src) by extension 'ignore'
[0.236s] Level 1:colcon.colcon_core.package_identification:_identify(src) by extension 'ignore_ament_install'
[0.236s] Level 1:colcon.colcon_core.package_identification:_identify(src) by extensions ['colcon_pkg']
[0.236s] Level 1:colcon.colcon_core.package_identification:_identify(src) by extension 'colcon_pkg'
[0.236s] Level 1:colcon.colcon_core.package_identification:_identify(src) by extensions ['colcon_meta']
[0.236s] Level 1:colcon.colcon_core.package_identification:_identify(src) by extension 'colcon_meta'
[0.236s] Level 1:colcon.colcon_core.package_identification:_identify(src) by extensions ['ros']
[0.236s] Level 1:colcon.colcon_core.package_identification:_identify(src) by extension 'ros'
[0.236s] Level 1:colcon.colcon_core.package_identification:_identify(src) by extensions ['cmake', 'python']
[0.236s] Level 1:colcon.colcon_core.package_identification:_identify(src) by extension 'cmake'
[0.236s] Level 1:colcon.colcon_core.package_identification:_identify(src) by extension 'python'
[0.236s] Level 1:colcon.colcon_core.package_identification:_identify(src) by extensions ['python_setup_py']
[0.236s] Level 1:colcon.colcon_core.package_identification:_identify(src) by extension 'python_setup_py'
[0.237s] Level 1:colcon.colcon_core.package_identification:_identify(src/fishbot_description) by extensions ['ignore', 'ignore_ament_install']
[0.237s] Level 1:colcon.colcon_core.package_identification:_identify(src/fishbot_description) by extension 'ignore'
[0.237s] Level 1:colcon.colcon_core.package_identification:_identify(src/fishbot_description) by extension 'ignore_ament_install'
[0.237s] Level 1:colcon.colcon_core.package_identification:_identify(src/fishbot_description) by extensions ['colcon_pkg']
[0.237s] Level 1:colcon.colcon_core.package_identification:_identify(src/fishbot_description) by extension 'colcon_pkg'
[0.237s] Level 1:colcon.colcon_core.package_identification:_identify(src/fishbot_description) by extensions ['colcon_meta']
[0.237s] Level 1:colcon.colcon_core.package_identification:_identify(src/fishbot_description) by extension 'colcon_meta'
[0.237s] Level 1:colcon.colcon_core.package_identification:_identify(src/fishbot_description) by extensions ['ros']
[0.237s] Level 1:colcon.colcon_core.package_identification:_identify(src/fishbot_description) by extension 'ros'
[0.238s] DEBUG:colcon.colcon_core.package_identification:Package 'src/fishbot_description' with type 'ros.ament_cmake' and name 'fishbot_description'
[0.238s] Level 1:colcon.colcon_core.package_identification:_identify(src/urdf_tutorial) by extensions ['ignore', 'ignore_ament_install']
[0.239s] Level 1:colcon.colcon_core.package_identification:_identify(src/urdf_tutorial) by extension 'ignore'
[0.239s] Level 1:colcon.colcon_core.package_identification:_identify(src/urdf_tutorial) by extension 'ignore_ament_install'
[0.239s] Level 1:colcon.colcon_core.package_identification:_identify(src/urdf_tutorial) by extensions ['colcon_pkg']
[0.239s] Level 1:colcon.colcon_core.package_identification:_identify(src/urdf_tutorial) by extension 'colcon_pkg'
[0.239s] Level 1:colcon.colcon_core.package_identification:_identify(src/urdf_tutorial) by extensions ['colcon_meta']
[0.239s] Level 1:colcon.colcon_core.package_identification:_identify(src/urdf_tutorial) by extension 'colcon_meta'
[0.239s] Level 1:colcon.colcon_core.package_identification:_identify(src/urdf_tutorial) by extensions ['ros']
[0.239s] Level 1:colcon.colcon_core.package_identification:_identify(src/urdf_tutorial) by extension 'ros'
[0.239s] DEBUG:colcon.colcon_core.package_identification:Package 'src/urdf_tutorial' with type 'ros.ament_cmake' and name 'urdf_tutorial'
[0.239s] Level 1:colcon.colcon_core.package_discovery:discover_packages(recursive) using defaults
[0.239s] Level 1:colcon.colcon_core.package_discovery:discover_packages(ignore) discover
[0.239s] Level 1:colcon.colcon_core.package_discovery:discover_packages(ignore) using defaults
[0.239s] Level 1:colcon.colcon_core.package_discovery:discover_packages(path) discover
[0.239s] Level 1:colcon.colcon_core.package_discovery:discover_packages(path) using defaults
[0.251s] Level 1:colcon.colcon_core.package_discovery:discover_packages(prefix_path) check parameters
[0.251s] Level 1:colcon.colcon_core.package_discovery:discover_packages(prefix_path) discover
[0.252s] DEBUG:colcon.colcon_installed_package_information.package_discovery:Found 1 installed packages in /media/dubhe/store/learning/ros2_learning_experience/chapter6/chapt6_ws/install
[0.253s] DEBUG:colcon.colcon_installed_package_information.package_discovery:Found 325 installed packages in /opt/ros/humble
[0.254s] Level 1:colcon.colcon_core.package_discovery:discover_packages(prefix_path) using defaults
[0.278s] Level 5:colcon.colcon_core.verb:set package 'fishbot_description' build argument 'cmake_args' from command line to 'None'
[0.278s] Level 5:colcon.colcon_core.verb:set package 'fishbot_description' build argument 'cmake_target' from command line to 'None'
[0.278s] Level 5:colcon.colcon_core.verb:set package 'fishbot_description' build argument 'cmake_target_skip_unavailable' from command line to 'False'
[0.279s] Level 5:colcon.colcon_core.verb:set package 'fishbot_description' build argument 'cmake_clean_cache' from command line to 'False'
[0.279s] Level 5:colcon.colcon_core.verb:set package 'fishbot_description' build argument 'cmake_clean_first' from command line to 'False'
[0.279s] Level 5:colcon.colcon_core.verb:set package 'fishbot_description' build argument 'cmake_force_configure' from command line to 'False'
[0.279s] Level 5:colcon.colcon_core.verb:set package 'fishbot_description' build argument 'ament_cmake_args' from command line to 'None'
[0.279s] Level 5:colcon.colcon_core.verb:set package 'fishbot_description' build argument 'catkin_cmake_args' from command line to 'None'
[0.279s] Level 5:colcon.colcon_core.verb:set package 'fishbot_description' build argument 'catkin_skip_building_tests' from command line to 'False'
[0.279s] DEBUG:colcon.colcon_core.verb:Building package 'fishbot_description' with the following arguments: {'ament_cmake_args': None, 'build_base': '/media/dubhe/store/learning/ros2_learning_experience/chapter6/chapt6_ws/build/fishbot_description', 'catkin_cmake_args': None, 'catkin_skip_building_tests': False, 'cmake_args': None, 'cmake_clean_cache': False, 'cmake_clean_first': False, 'cmake_force_configure': False, 'cmake_target': None, 'cmake_target_skip_unavailable': False, 'install_base': '/media/dubhe/store/learning/ros2_learning_experience/chapter6/chapt6_ws/install/fishbot_description', 'merge_install': False, 'path': '/media/dubhe/store/learning/ros2_learning_experience/chapter6/chapt6_ws/src/fishbot_description', 'symlink_install': False, 'test_result_base': None}
[0.279s] Level 5:colcon.colcon_core.verb:set package 'urdf_tutorial' build argument 'cmake_args' from command line to 'None'
[0.279s] Level 5:colcon.colcon_core.verb:set package 'urdf_tutorial' build argument 'cmake_target' from command line to 'None'
[0.279s] Level 5:colcon.colcon_core.verb:set package 'urdf_tutorial' build argument 'cmake_target_skip_unavailable' from command line to 'False'
[0.279s] Level 5:colcon.colcon_core.verb:set package 'urdf_tutorial' build argument 'cmake_clean_cache' from command line to 'False'
[0.279s] Level 5:colcon.colcon_core.verb:set package 'urdf_tutorial' build argument 'cmake_clean_first' from command line to 'False'
[0.279s] Level 5:colcon.colcon_core.verb:set package 'urdf_tutorial' build argument 'cmake_force_configure' from command line to 'False'
[0.279s] Level 5:colcon.colcon_core.verb:set package 'urdf_tutorial' build argument 'ament_cmake_args' from command line to 'None'
[0.279s] Level 5:colcon.colcon_core.verb:set package 'urdf_tutorial' build argument 'catkin_cmake_args' from command line to 'None'
[0.279s] Level 5:colcon.colcon_core.verb:set package 'urdf_tutorial' build argument 'catkin_skip_building_tests' from command line to 'False'
[0.279s] DEBUG:colcon.colcon_core.verb:Building package 'urdf_tutorial' with the following arguments: {'ament_cmake_args': None, 'build_base': '/media/dubhe/store/learning/ros2_learning_experience/chapter6/chapt6_ws/build/urdf_tutorial', 'catkin_cmake_args': None, 'catkin_skip_building_tests': False, 'cmake_args': None, 'cmake_clean_cache': False, 'cmake_clean_first': False, 'cmake_force_configure': False, 'cmake_target': None, 'cmake_target_skip_unavailable': False, 'install_base': '/media/dubhe/store/learning/ros2_learning_experience/chapter6/chapt6_ws/install/urdf_tutorial', 'merge_install': False, 'path': '/media/dubhe/store/learning/ros2_learning_experience/chapter6/chapt6_ws/src/urdf_tutorial', 'symlink_install': False, 'test_result_base': None}
[0.279s] INFO:colcon.colcon_core.executor:Executing jobs using 'parallel' executor
[0.280s] DEBUG:colcon.colcon_parallel_executor.executor.parallel:run_until_complete
[0.280s] INFO:colcon.colcon_ros.task.ament_cmake.build:Building ROS package in '/media/dubhe/store/learning/ros2_learning_experience/chapter6/chapt6_ws/src/fishbot_description' with build type 'ament_cmake'
[0.280s] INFO:colcon.colcon_cmake.task.cmake.build:Building CMake package in '/media/dubhe/store/learning/ros2_learning_experience/chapter6/chapt6_ws/src/fishbot_description'
[0.281s] INFO:colcon.colcon_core.plugin_system:Skipping extension 'colcon_core.shell.bat': Not used on non-Windows systems
[0.281s] INFO:colcon.colcon_core.shell:Skip shell extension 'powershell' for command environment: Not usable outside of PowerShell
[0.281s] DEBUG:colcon.colcon_core.shell:Skip shell extension 'dsv' for command environment
[0.284s] INFO:colcon.colcon_ros.task.ament_cmake.build:Building ROS package in '/media/dubhe/store/learning/ros2_learning_experience/chapter6/chapt6_ws/src/urdf_tutorial' with build type 'ament_cmake'
[0.284s] INFO:colcon.colcon_cmake.task.cmake.build:Building CMake package in '/media/dubhe/store/learning/ros2_learning_experience/chapter6/chapt6_ws/src/urdf_tutorial'
[0.284s] INFO:colcon.colcon_core.shell:Skip shell extension 'powershell' for command environment: Not usable outside of PowerShell
[0.284s] DEBUG:colcon.colcon_core.shell:Skip shell extension 'dsv' for command environment
[0.289s] DEBUG:colcon.colcon_core.event_handler.log_command:Invoking command in '/media/dubhe/store/learning/ros2_learning_experience/chapter6/chapt6_ws/build/fishbot_description': CMAKE_PREFIX_PATH=${CMAKE_PREFIX_PATH}:/opt/ros/humble /usr/bin/cmake --build /media/dubhe/store/learning/ros2_learning_experience/chapter6/chapt6_ws/build/fishbot_description -- -j16 -l16
[0.290s] DEBUG:colcon.colcon_core.event_handler.log_command:Invoking command in '/media/dubhe/store/learning/ros2_learning_experience/chapter6/chapt6_ws/build/urdf_tutorial': CMAKE_PREFIX_PATH=${CMAKE_PREFIX_PATH}:/opt/ros/humble /usr/bin/cmake /media/dubhe/store/learning/ros2_learning_experience/chapter6/chapt6_ws/src/urdf_tutorial -DCMAKE_INSTALL_PREFIX=/media/dubhe/store/learning/ros2_learning_experience/chapter6/chapt6_ws/install/urdf_tutorial
[0.313s] DEBUG:colcon.colcon_core.event_handler.log_command:Invoked command in '/media/dubhe/store/learning/ros2_learning_experience/chapter6/chapt6_ws/build/fishbot_description' returned '0': CMAKE_PREFIX_PATH=${CMAKE_PREFIX_PATH}:/opt/ros/humble /usr/bin/cmake --build /media/dubhe/store/learning/ros2_learning_experience/chapter6/chapt6_ws/build/fishbot_description -- -j16 -l16
[0.319s] DEBUG:colcon.colcon_core.event_handler.log_command:Invoking command in '/media/dubhe/store/learning/ros2_learning_experience/chapter6/chapt6_ws/build/fishbot_description': CMAKE_PREFIX_PATH=${CMAKE_PREFIX_PATH}:/opt/ros/humble /usr/bin/cmake --install /media/dubhe/store/learning/ros2_learning_experience/chapter6/chapt6_ws/build/fishbot_description
[0.324s] Level 1:colcon.colcon_core.environment:create_environment_scripts_only(fishbot_description)
[0.325s] DEBUG:colcon.colcon_core.event_handler.log_command:Invoked command in '/media/dubhe/store/learning/ros2_learning_experience/chapter6/chapt6_ws/build/fishbot_description' returned '0': CMAKE_PREFIX_PATH=${CMAKE_PREFIX_PATH}:/opt/ros/humble /usr/bin/cmake --install /media/dubhe/store/learning/ros2_learning_experience/chapter6/chapt6_ws/build/fishbot_description
[0.326s] Level 1:colcon.colcon_core.environment:checking '/media/dubhe/store/learning/ros2_learning_experience/chapter6/chapt6_ws/install/fishbot_description' for CMake module files
[0.326s] Level 1:colcon.colcon_core.environment:checking '/media/dubhe/store/learning/ros2_learning_experience/chapter6/chapt6_ws/install/fishbot_description' for CMake config files
[0.326s] Level 1:colcon.colcon_core.shell:create_environment_hook('fishbot_description', 'cmake_prefix_path')
[0.326s] INFO:colcon.colcon_core.shell:Creating environment hook '/media/dubhe/store/learning/ros2_learning_experience/chapter6/chapt6_ws/install/fishbot_description/share/fishbot_description/hook/cmake_prefix_path.ps1'
[0.327s] INFO:colcon.colcon_core.shell:Creating environment descriptor '/media/dubhe/store/learning/ros2_learning_experience/chapter6/chapt6_ws/install/fishbot_description/share/fishbot_description/hook/cmake_prefix_path.dsv'
[0.327s] INFO:colcon.colcon_core.shell:Creating environment hook '/media/dubhe/store/learning/ros2_learning_experience/chapter6/chapt6_ws/install/fishbot_description/share/fishbot_description/hook/cmake_prefix_path.sh'
[0.328s] Level 1:colcon.colcon_core.environment:checking '/media/dubhe/store/learning/ros2_learning_experience/chapter6/chapt6_ws/install/fishbot_description/bin'
[0.328s] Level 1:colcon.colcon_core.environment:checking '/media/dubhe/store/learning/ros2_learning_experience/chapter6/chapt6_ws/install/fishbot_description/lib/pkgconfig/fishbot_description.pc'
[0.328s] Level 1:colcon.colcon_core.environment:checking '/media/dubhe/store/learning/ros2_learning_experience/chapter6/chapt6_ws/install/fishbot_description/lib/python3.10/site-packages'
[0.328s] Level 1:colcon.colcon_core.environment:checking '/media/dubhe/store/learning/ros2_learning_experience/chapter6/chapt6_ws/install/fishbot_description/bin'
[0.328s] INFO:colcon.colcon_core.shell:Creating package script '/media/dubhe/store/learning/ros2_learning_experience/chapter6/chapt6_ws/install/fishbot_description/share/fishbot_description/package.ps1'
[0.329s] INFO:colcon.colcon_core.shell:Creating package descriptor '/media/dubhe/store/learning/ros2_learning_experience/chapter6/chapt6_ws/install/fishbot_description/share/fishbot_description/package.dsv'
[0.335s] INFO:colcon.colcon_core.shell:Creating package script '/media/dubhe/store/learning/ros2_learning_experience/chapter6/chapt6_ws/install/fishbot_description/share/fishbot_description/package.sh'
[0.336s] INFO:colcon.colcon_core.shell:Creating package script '/media/dubhe/store/learning/ros2_learning_experience/chapter6/chapt6_ws/install/fishbot_description/share/fishbot_description/package.bash'
[0.336s] INFO:colcon.colcon_core.shell:Creating package script '/media/dubhe/store/learning/ros2_learning_experience/chapter6/chapt6_ws/install/fishbot_description/share/fishbot_description/package.zsh'
[0.336s] Level 1:colcon.colcon_core.environment:create_file_with_runtime_dependencies(/media/dubhe/store/learning/ros2_learning_experience/chapter6/chapt6_ws/install/fishbot_description/share/colcon-core/packages/fishbot_description)
[0.337s] Level 1:colcon.colcon_core.environment:create_environment_scripts_only(fishbot_description)
[0.337s] Level 1:colcon.colcon_core.environment:checking '/media/dubhe/store/learning/ros2_learning_experience/chapter6/chapt6_ws/install/fishbot_description' for CMake module files
[0.337s] Level 1:colcon.colcon_core.environment:checking '/media/dubhe/store/learning/ros2_learning_experience/chapter6/chapt6_ws/install/fishbot_description' for CMake config files
[0.337s] Level 1:colcon.colcon_core.shell:create_environment_hook('fishbot_description', 'cmake_prefix_path')
[0.338s] INFO:colcon.colcon_core.shell:Creating environment hook '/media/dubhe/store/learning/ros2_learning_experience/chapter6/chapt6_ws/install/fishbot_description/share/fishbot_description/hook/cmake_prefix_path.ps1'
[0.338s] INFO:colcon.colcon_core.shell:Creating environment descriptor '/media/dubhe/store/learning/ros2_learning_experience/chapter6/chapt6_ws/install/fishbot_description/share/fishbot_description/hook/cmake_prefix_path.dsv'
[0.338s] INFO:colcon.colcon_core.shell:Creating environment hook '/media/dubhe/store/learning/ros2_learning_experience/chapter6/chapt6_ws/install/fishbot_description/share/fishbot_description/hook/cmake_prefix_path.sh'
[0.338s] Level 1:colcon.colcon_core.environment:checking '/media/dubhe/store/learning/ros2_learning_experience/chapter6/chapt6_ws/install/fishbot_description/bin'
[0.338s] Level 1:colcon.colcon_core.environment:checking '/media/dubhe/store/learning/ros2_learning_experience/chapter6/chapt6_ws/install/fishbot_description/lib/pkgconfig/fishbot_description.pc'
[0.339s] Level 1:colcon.colcon_core.environment:checking '/media/dubhe/store/learning/ros2_learning_experience/chapter6/chapt6_ws/install/fishbot_description/lib/python3.10/site-packages'
[0.339s] Level 1:colcon.colcon_core.environment:checking '/media/dubhe/store/learning/ros2_learning_experience/chapter6/chapt6_ws/install/fishbot_description/bin'
[0.339s] INFO:colcon.colcon_core.shell:Creating package script '/media/dubhe/store/learning/ros2_learning_experience/chapter6/chapt6_ws/install/fishbot_description/share/fishbot_description/package.ps1'
[0.339s] INFO:colcon.colcon_core.shell:Creating package descriptor '/media/dubhe/store/learning/ros2_learning_experience/chapter6/chapt6_ws/install/fishbot_description/share/fishbot_description/package.dsv'
[0.340s] INFO:colcon.colcon_core.shell:Creating package script '/media/dubhe/store/learning/ros2_learning_experience/chapter6/chapt6_ws/install/fishbot_description/share/fishbot_description/package.sh'
[0.340s] INFO:colcon.colcon_core.shell:Creating package script '/media/dubhe/store/learning/ros2_learning_experience/chapter6/chapt6_ws/install/fishbot_description/share/fishbot_description/package.bash'
[0.340s] INFO:colcon.colcon_core.shell:Creating package script '/media/dubhe/store/learning/ros2_learning_experience/chapter6/chapt6_ws/install/fishbot_description/share/fishbot_description/package.zsh'
[0.340s] Level 1:colcon.colcon_core.environment:create_file_with_runtime_dependencies(/media/dubhe/store/learning/ros2_learning_experience/chapter6/chapt6_ws/install/fishbot_description/share/colcon-core/packages/fishbot_description)
[1.016s] DEBUG:colcon.colcon_core.event_handler.log_command:Invoked command in '/media/dubhe/store/learning/ros2_learning_experience/chapter6/chapt6_ws/build/urdf_tutorial' returned '0': CMAKE_PREFIX_PATH=${CMAKE_PREFIX_PATH}:/opt/ros/humble /usr/bin/cmake /media/dubhe/store/learning/ros2_learning_experience/chapter6/chapt6_ws/src/urdf_tutorial -DCMAKE_INSTALL_PREFIX=/media/dubhe/store/learning/ros2_learning_experience/chapter6/chapt6_ws/install/urdf_tutorial
[1.016s] DEBUG:colcon.colcon_core.event_handler.log_command:Invoking command in '/media/dubhe/store/learning/ros2_learning_experience/chapter6/chapt6_ws/build/urdf_tutorial': CMAKE_PREFIX_PATH=${CMAKE_PREFIX_PATH}:/opt/ros/humble /usr/bin/cmake --build /media/dubhe/store/learning/ros2_learning_experience/chapter6/chapt6_ws/build/urdf_tutorial -- -j16 -l16
[1.043s] DEBUG:colcon.colcon_core.event_handler.log_command:Invoked command in '/media/dubhe/store/learning/ros2_learning_experience/chapter6/chapt6_ws/build/urdf_tutorial' returned '0': CMAKE_PREFIX_PATH=${CMAKE_PREFIX_PATH}:/opt/ros/humble /usr/bin/cmake --build /media/dubhe/store/learning/ros2_learning_experience/chapter6/chapt6_ws/build/urdf_tutorial -- -j16 -l16
[1.044s] DEBUG:colcon.colcon_core.event_handler.log_command:Invoking command in '/media/dubhe/store/learning/ros2_learning_experience/chapter6/chapt6_ws/build/urdf_tutorial': CMAKE_PREFIX_PATH=${CMAKE_PREFIX_PATH}:/opt/ros/humble /usr/bin/cmake --install /media/dubhe/store/learning/ros2_learning_experience/chapter6/chapt6_ws/build/urdf_tutorial
[1.053s] Level 1:colcon.colcon_core.environment:create_environment_scripts_only(urdf_tutorial)
[1.053s] Level 1:colcon.colcon_core.environment:checking '/media/dubhe/store/learning/ros2_learning_experience/chapter6/chapt6_ws/install/urdf_tutorial' for CMake module files
[1.053s] DEBUG:colcon.colcon_core.event_handler.log_command:Invoked command in '/media/dubhe/store/learning/ros2_learning_experience/chapter6/chapt6_ws/build/urdf_tutorial' returned '0': CMAKE_PREFIX_PATH=${CMAKE_PREFIX_PATH}:/opt/ros/humble /usr/bin/cmake --install /media/dubhe/store/learning/ros2_learning_experience/chapter6/chapt6_ws/build/urdf_tutorial
[1.053s] Level 1:colcon.colcon_core.environment:checking '/media/dubhe/store/learning/ros2_learning_experience/chapter6/chapt6_ws/install/urdf_tutorial' for CMake config files
[1.054s] Level 1:colcon.colcon_core.shell:create_environment_hook('urdf_tutorial', 'cmake_prefix_path')
[1.054s] INFO:colcon.colcon_core.shell:Creating environment hook '/media/dubhe/store/learning/ros2_learning_experience/chapter6/chapt6_ws/install/urdf_tutorial/share/urdf_tutorial/hook/cmake_prefix_path.ps1'
[1.054s] INFO:colcon.colcon_core.shell:Creating environment descriptor '/media/dubhe/store/learning/ros2_learning_experience/chapter6/chapt6_ws/install/urdf_tutorial/share/urdf_tutorial/hook/cmake_prefix_path.dsv'
[1.054s] INFO:colcon.colcon_core.shell:Creating environment hook '/media/dubhe/store/learning/ros2_learning_experience/chapter6/chapt6_ws/install/urdf_tutorial/share/urdf_tutorial/hook/cmake_prefix_path.sh'
[1.055s] Level 1:colcon.colcon_core.environment:checking '/media/dubhe/store/learning/ros2_learning_experience/chapter6/chapt6_ws/install/urdf_tutorial/bin'
[1.055s] Level 1:colcon.colcon_core.environment:checking '/media/dubhe/store/learning/ros2_learning_experience/chapter6/chapt6_ws/install/urdf_tutorial/lib/pkgconfig/urdf_tutorial.pc'
[1.055s] Level 1:colcon.colcon_core.environment:checking '/media/dubhe/store/learning/ros2_learning_experience/chapter6/chapt6_ws/install/urdf_tutorial/lib/python3.10/site-packages'
[1.055s] Level 1:colcon.colcon_core.environment:checking '/media/dubhe/store/learning/ros2_learning_experience/chapter6/chapt6_ws/install/urdf_tutorial/bin'
[1.055s] INFO:colcon.colcon_core.shell:Creating package script '/media/dubhe/store/learning/ros2_learning_experience/chapter6/chapt6_ws/install/urdf_tutorial/share/urdf_tutorial/package.ps1'
[1.056s] INFO:colcon.colcon_core.shell:Creating package descriptor '/media/dubhe/store/learning/ros2_learning_experience/chapter6/chapt6_ws/install/urdf_tutorial/share/urdf_tutorial/package.dsv'
[1.056s] INFO:colcon.colcon_core.shell:Creating package script '/media/dubhe/store/learning/ros2_learning_experience/chapter6/chapt6_ws/install/urdf_tutorial/share/urdf_tutorial/package.sh'
[1.056s] INFO:colcon.colcon_core.shell:Creating package script '/media/dubhe/store/learning/ros2_learning_experience/chapter6/chapt6_ws/install/urdf_tutorial/share/urdf_tutorial/package.bash'
[1.056s] INFO:colcon.colcon_core.shell:Creating package script '/media/dubhe/store/learning/ros2_learning_experience/chapter6/chapt6_ws/install/urdf_tutorial/share/urdf_tutorial/package.zsh'
[1.056s] Level 1:colcon.colcon_core.environment:create_file_with_runtime_dependencies(/media/dubhe/store/learning/ros2_learning_experience/chapter6/chapt6_ws/install/urdf_tutorial/share/colcon-core/packages/urdf_tutorial)
[1.057s] Level 1:colcon.colcon_core.environment:create_environment_scripts_only(urdf_tutorial)
[1.057s] Level 1:colcon.colcon_core.environment:checking '/media/dubhe/store/learning/ros2_learning_experience/chapter6/chapt6_ws/install/urdf_tutorial' for CMake module files
[1.057s] Level 1:colcon.colcon_core.environment:checking '/media/dubhe/store/learning/ros2_learning_experience/chapter6/chapt6_ws/install/urdf_tutorial' for CMake config files
[1.057s] Level 1:colcon.colcon_core.shell:create_environment_hook('urdf_tutorial', 'cmake_prefix_path')
[1.058s] INFO:colcon.colcon_core.shell:Creating environment hook '/media/dubhe/store/learning/ros2_learning_experience/chapter6/chapt6_ws/install/urdf_tutorial/share/urdf_tutorial/hook/cmake_prefix_path.ps1'
[1.058s] INFO:colcon.colcon_core.shell:Creating environment descriptor '/media/dubhe/store/learning/ros2_learning_experience/chapter6/chapt6_ws/install/urdf_tutorial/share/urdf_tutorial/hook/cmake_prefix_path.dsv'
[1.058s] INFO:colcon.colcon_core.shell:Creating environment hook '/media/dubhe/store/learning/ros2_learning_experience/chapter6/chapt6_ws/install/urdf_tutorial/share/urdf_tutorial/hook/cmake_prefix_path.sh'
[1.058s] Level 1:colcon.colcon_core.environment:checking '/media/dubhe/store/learning/ros2_learning_experience/chapter6/chapt6_ws/install/urdf_tutorial/bin'
[1.058s] Level 1:colcon.colcon_core.environment:checking '/media/dubhe/store/learning/ros2_learning_experience/chapter6/chapt6_ws/install/urdf_tutorial/lib/pkgconfig/urdf_tutorial.pc'
[1.059s] Level 1:colcon.colcon_core.environment:checking '/media/dubhe/store/learning/ros2_learning_experience/chapter6/chapt6_ws/install/urdf_tutorial/lib/python3.10/site-packages'
[1.059s] Level 1:colcon.colcon_core.environment:checking '/media/dubhe/store/learning/ros2_learning_experience/chapter6/chapt6_ws/install/urdf_tutorial/bin'
[1.059s] INFO:colcon.colcon_core.shell:Creating package script '/media/dubhe/store/learning/ros2_learning_experience/chapter6/chapt6_ws/install/urdf_tutorial/share/urdf_tutorial/package.ps1'
[1.059s] INFO:colcon.colcon_core.shell:Creating package descriptor '/media/dubhe/store/learning/ros2_learning_experience/chapter6/chapt6_ws/install/urdf_tutorial/share/urdf_tutorial/package.dsv'
[1.059s] INFO:colcon.colcon_core.shell:Creating package script '/media/dubhe/store/learning/ros2_learning_experience/chapter6/chapt6_ws/install/urdf_tutorial/share/urdf_tutorial/package.sh'
[1.060s] INFO:colcon.colcon_core.shell:Creating package script '/media/dubhe/store/learning/ros2_learning_experience/chapter6/chapt6_ws/install/urdf_tutorial/share/urdf_tutorial/package.bash'
[1.060s] INFO:colcon.colcon_core.shell:Creating package script '/media/dubhe/store/learning/ros2_learning_experience/chapter6/chapt6_ws/install/urdf_tutorial/share/urdf_tutorial/package.zsh'
[1.060s] Level 1:colcon.colcon_core.environment:create_file_with_runtime_dependencies(/media/dubhe/store/learning/ros2_learning_experience/chapter6/chapt6_ws/install/urdf_tutorial/share/colcon-core/packages/urdf_tutorial)
[1.060s] DEBUG:colcon.colcon_parallel_executor.executor.parallel:closing loop
[1.060s] DEBUG:colcon.colcon_parallel_executor.executor.parallel:loop closed
[1.061s] DEBUG:colcon.colcon_parallel_executor.executor.parallel:run_until_complete finished with '0'
[1.061s] DEBUG:colcon.colcon_core.event_reactor:joining thread
[1.064s] INFO:colcon.colcon_core.plugin_system:Skipping extension 'colcon_notification.desktop_notification.terminal_notifier': Not used on non-Darwin systems
[1.064s] INFO:colcon.colcon_core.plugin_system:Skipping extension 'colcon_notification.desktop_notification.win32': Not used on non-Windows systems
[1.064s] INFO:colcon.colcon_notification.desktop_notification:Sending desktop notification using 'notify2'
[1.073s] DEBUG:colcon.colcon_core.event_reactor:joined thread
[1.073s] INFO:colcon.colcon_core.shell:Creating prefix script '/media/dubhe/store/learning/ros2_learning_experience/chapter6/chapt6_ws/install/local_setup.ps1'
[1.074s] INFO:colcon.colcon_core.shell:Creating prefix util module '/media/dubhe/store/learning/ros2_learning_experience/chapter6/chapt6_ws/install/_local_setup_util_ps1.py'
[1.075s] INFO:colcon.colcon_core.shell:Creating prefix chain script '/media/dubhe/store/learning/ros2_learning_experience/chapter6/chapt6_ws/install/setup.ps1'
[1.075s] INFO:colcon.colcon_core.shell:Creating prefix script '/media/dubhe/store/learning/ros2_learning_experience/chapter6/chapt6_ws/install/local_setup.sh'
[1.076s] INFO:colcon.colcon_core.shell:Creating prefix util module '/media/dubhe/store/learning/ros2_learning_experience/chapter6/chapt6_ws/install/_local_setup_util_sh.py'
[1.076s] INFO:colcon.colcon_core.shell:Creating prefix chain script '/media/dubhe/store/learning/ros2_learning_experience/chapter6/chapt6_ws/install/setup.sh'
[1.077s] INFO:colcon.colcon_core.shell:Creating prefix script '/media/dubhe/store/learning/ros2_learning_experience/chapter6/chapt6_ws/install/local_setup.bash'
[1.077s] INFO:colcon.colcon_core.shell:Creating prefix chain script '/media/dubhe/store/learning/ros2_learning_experience/chapter6/chapt6_ws/install/setup.bash'
[1.078s] INFO:colcon.colcon_core.shell:Creating prefix script '/media/dubhe/store/learning/ros2_learning_experience/chapter6/chapt6_ws/install/local_setup.zsh'
[1.078s] INFO:colcon.colcon_core.shell:Creating prefix chain script '/media/dubhe/store/learning/ros2_learning_experience/chapter6/chapt6_ws/install/setup.zsh'
