-- Found ament_cmake: 1.3.12 (/opt/ros/humble/share/ament_cmake/cmake)
-- Found rosidl_default_generators: 1.2.0 (/opt/ros/humble/share/rosidl_default_generators/cmake)
-- Using all available rosidl_typesupport_c: rosidl_typesupport_fastrtps_c;rosidl_typesupport_introspection_c
-- Found rosidl_adapter: 3.1.7 (/opt/ros/humble/share/rosidl_adapter/cmake)
-- Using all available rosidl_typesupport_cpp: rosidl_typesupport_fastrtps_cpp;rosidl_typesupport_introspection_cpp
-- Found sensor_msgs: 4.9.0 (/opt/ros/humble/share/sensor_msgs/cmake)
-- Found ament_lint_auto: 0.12.14 (/opt/ros/humble/share/ament_lint_auto/cmake)
-- Added test 'lint_cmake' to check CMake code style
-- Added test 'xmllint' to check XML markup files
-- Configuring done
-- Generating done
-- Build files have been written to: /media/dubhe/store/learning/ros2_learning_experience/chapter4/chapt4_ws/build/chapt4_interfaces
-- Install configuration: ""
-- Up-to-date: /media/dubhe/store/learning/ros2_learning_experience/chapter4/chapt4_ws/install/chapt4_interfaces/share/ament_index/resource_index/package_run_dependencies/chapt4_interfaces
-- Installing: /media/dubhe/store/learning/ros2_learning_experience/chapter4/chapt4_ws/install/chapt4_interfaces/share/ament_index/resource_index/parent_prefix_path/chapt4_interfaces
-- Up-to-date: /media/dubhe/store/learning/ros2_learning_experience/chapter4/chapt4_ws/install/chapt4_interfaces/share/chapt4_interfaces/environment/ament_prefix_path.sh
-- Installing: /media/dubhe/store/learning/ros2_learning_experience/chapter4/chapt4_ws/install/chapt4_interfaces/share/chapt4_interfaces/environment/ament_prefix_path.dsv
-- Up-to-date: /media/dubhe/store/learning/ros2_learning_experience/chapter4/chapt4_ws/install/chapt4_interfaces/share/chapt4_interfaces/environment/path.sh
-- Installing: /media/dubhe/store/learning/ros2_learning_experience/chapter4/chapt4_ws/install/chapt4_interfaces/share/chapt4_interfaces/environment/path.dsv
-- Up-to-date: /media/dubhe/store/learning/ros2_learning_experience/chapter4/chapt4_ws/install/chapt4_interfaces/share/chapt4_interfaces/local_setup.bash
-- Up-to-date: /media/dubhe/store/learning/ros2_learning_experience/chapter4/chapt4_ws/install/chapt4_interfaces/share/chapt4_interfaces/local_setup.sh
-- Up-to-date: /media/dubhe/store/learning/ros2_learning_experience/chapter4/chapt4_ws/install/chapt4_interfaces/share/chapt4_interfaces/local_setup.zsh
-- Installing: /media/dubhe/store/learning/ros2_learning_experience/chapter4/chapt4_ws/install/chapt4_interfaces/share/chapt4_interfaces/local_setup.dsv
-- Installing: /media/dubhe/store/learning/ros2_learning_experience/chapter4/chapt4_ws/install/chapt4_interfaces/share/chapt4_interfaces/package.dsv
-- Up-to-date: /media/dubhe/store/learning/ros2_learning_experience/chapter4/chapt4_ws/install/chapt4_interfaces/share/ament_index/resource_index/packages/chapt4_interfaces
-- Up-to-date: /media/dubhe/store/learning/ros2_learning_experience/chapter4/chapt4_ws/install/chapt4_interfaces/share/chapt4_interfaces/cmake/chapt4_interfacesConfig.cmake
-- Up-to-date: /media/dubhe/store/learning/ros2_learning_experience/chapter4/chapt4_ws/install/chapt4_interfaces/share/chapt4_interfaces/cmake/chapt4_interfacesConfig-version.cmake
-- Installing: /media/dubhe/store/learning/ros2_learning_experience/chapter4/chapt4_ws/install/chapt4_interfaces/share/chapt4_interfaces/package.xml
