[0.374s] Invoking command in '/media/dubhe/store/learning/ros2_learning_experience/chapter4/chapt4_ws/src/demo_python_service': AMENT_PREFIX_PATH=/media/dubhe/store/learning/ros2_learning_experience/chapter4/chapt4_ws/src/install/chapt4_interfaces:${AMENT_PREFIX_PATH} CMAKE_PREFIX_PATH=/media/dubhe/store/learning/ros2_learning_experience/chapter4/chapt4_ws/src/install/chapt4_interfaces:${CMAKE_PREFIX_PATH} LD_LIBRARY_PATH=/media/dubhe/store/learning/ros2_learning_experience/chapter4/chapt4_ws/src/install/chapt4_interfaces/lib:${LD_LIBRARY_PATH} PYTHONPATH=/media/dubhe/store/learning/ros2_learning_experience/chapter4/chapt4_ws/src/build/demo_python_service/prefix_override:/usr/lib/python3/dist-packages/colcon_core/task/python/colcon_distutils_commands:/media/dubhe/store/learning/ros2_learning_experience/chapter4/chapt4_ws/src/install/demo_python_service/lib/python3.10/site-packages:/media/dubhe/store/learning/ros2_learning_experience/chapter4/chapt4_ws/src/install/chapt4_interfaces/local/lib/python3.10/dist-packages:${PYTHONPATH} /usr/bin/python3 -W ignore:setup.py install is deprecated -W ignore:easy_install command is deprecated setup.py egg_info --egg-base ../build/demo_python_service build --build-base /media/dubhe/store/learning/ros2_learning_experience/chapter4/chapt4_ws/src/build/demo_python_service/build install --record /media/dubhe/store/learning/ros2_learning_experience/chapter4/chapt4_ws/src/build/demo_python_service/install.log --single-version-externally-managed install_data
[0.516s] running egg_info
[0.516s] creating ../build/demo_python_service/demo_python_service.egg-info
[0.516s] writing ../build/demo_python_service/demo_python_service.egg-info/PKG-INFO
[0.516s] writing dependency_links to ../build/demo_python_service/demo_python_service.egg-info/dependency_links.txt
[0.516s] writing entry points to ../build/demo_python_service/demo_python_service.egg-info/entry_points.txt
[0.516s] writing requirements to ../build/demo_python_service/demo_python_service.egg-info/requires.txt
[0.516s] writing top-level names to ../build/demo_python_service/demo_python_service.egg-info/top_level.txt
[0.516s] writing manifest file '../build/demo_python_service/demo_python_service.egg-info/SOURCES.txt'
[0.517s] reading manifest file '../build/demo_python_service/demo_python_service.egg-info/SOURCES.txt'
[0.517s] adding license file 'LICENSE'
[0.518s] writing manifest file '../build/demo_python_service/demo_python_service.egg-info/SOURCES.txt'
[0.518s] running build
[0.518s] running build_py
[0.518s] creating /media/dubhe/store/learning/ros2_learning_experience/chapter4/chapt4_ws/src/build/demo_python_service/build
[0.518s] creating /media/dubhe/store/learning/ros2_learning_experience/chapter4/chapt4_ws/src/build/demo_python_service/build/lib
[0.518s] creating /media/dubhe/store/learning/ros2_learning_experience/chapter4/chapt4_ws/src/build/demo_python_service/build/lib/demo_python_service
[0.518s] copying demo_python_service/__init__.py -> /media/dubhe/store/learning/ros2_learning_experience/chapter4/chapt4_ws/src/build/demo_python_service/build/lib/demo_python_service
[0.518s] copying demo_python_service/learn_face_detect.py -> /media/dubhe/store/learning/ros2_learning_experience/chapter4/chapt4_ws/src/build/demo_python_service/build/lib/demo_python_service
[0.518s] running install
[0.518s] running install_lib
[0.519s] creating /media/dubhe/store/learning/ros2_learning_experience/chapter4/chapt4_ws/src/install/demo_python_service/lib/python3.10/site-packages/demo_python_service
[0.519s] copying /media/dubhe/store/learning/ros2_learning_experience/chapter4/chapt4_ws/src/build/demo_python_service/build/lib/demo_python_service/__init__.py -> /media/dubhe/store/learning/ros2_learning_experience/chapter4/chapt4_ws/src/install/demo_python_service/lib/python3.10/site-packages/demo_python_service
[0.519s] copying /media/dubhe/store/learning/ros2_learning_experience/chapter4/chapt4_ws/src/build/demo_python_service/build/lib/demo_python_service/learn_face_detect.py -> /media/dubhe/store/learning/ros2_learning_experience/chapter4/chapt4_ws/src/install/demo_python_service/lib/python3.10/site-packages/demo_python_service
[0.519s] byte-compiling /media/dubhe/store/learning/ros2_learning_experience/chapter4/chapt4_ws/src/install/demo_python_service/lib/python3.10/site-packages/demo_python_service/__init__.py to __init__.cpython-310.pyc
[0.519s] byte-compiling /media/dubhe/store/learning/ros2_learning_experience/chapter4/chapt4_ws/src/install/demo_python_service/lib/python3.10/site-packages/demo_python_service/learn_face_detect.py to learn_face_detect.cpython-310.pyc
[0.519s] running install_data
[0.519s] creating /media/dubhe/store/learning/ros2_learning_experience/chapter4/chapt4_ws/src/install/demo_python_service/share/ament_index
[0.520s] creating /media/dubhe/store/learning/ros2_learning_experience/chapter4/chapt4_ws/src/install/demo_python_service/share/ament_index/resource_index
[0.520s] creating /media/dubhe/store/learning/ros2_learning_experience/chapter4/chapt4_ws/src/install/demo_python_service/share/ament_index/resource_index/packages
[0.520s] copying resource/demo_python_service -> /media/dubhe/store/learning/ros2_learning_experience/chapter4/chapt4_ws/src/install/demo_python_service/share/ament_index/resource_index/packages
[0.520s] copying package.xml -> /media/dubhe/store/learning/ros2_learning_experience/chapter4/chapt4_ws/src/install/demo_python_service/share/demo_python_service
[0.520s] creating /media/dubhe/store/learning/ros2_learning_experience/chapter4/chapt4_ws/src/install/demo_python_service/share/demo_python_service/resource
[0.520s] copying resource/default.jpg -> /media/dubhe/store/learning/ros2_learning_experience/chapter4/chapt4_ws/src/install/demo_python_service/share/demo_python_service/resource
[0.520s] running install_egg_info
[0.521s] Copying ../build/demo_python_service/demo_python_service.egg-info to /media/dubhe/store/learning/ros2_learning_experience/chapter4/chapt4_ws/src/install/demo_python_service/lib/python3.10/site-packages/demo_python_service-0.0.0-py3.10.egg-info
[0.521s] running install_scripts
[0.534s] Installing learn_face_detect script to /media/dubhe/store/learning/ros2_learning_experience/chapter4/chapt4_ws/src/install/demo_python_service/lib/demo_python_service
[0.534s] writing list of installed files to '/media/dubhe/store/learning/ros2_learning_experience/chapter4/chapt4_ws/src/build/demo_python_service/install.log'
[0.548s] Invoked command in '/media/dubhe/store/learning/ros2_learning_experience/chapter4/chapt4_ws/src/demo_python_service' returned '0': AMENT_PREFIX_PATH=/media/dubhe/store/learning/ros2_learning_experience/chapter4/chapt4_ws/src/install/chapt4_interfaces:${AMENT_PREFIX_PATH} CMAKE_PREFIX_PATH=/media/dubhe/store/learning/ros2_learning_experience/chapter4/chapt4_ws/src/install/chapt4_interfaces:${CMAKE_PREFIX_PATH} LD_LIBRARY_PATH=/media/dubhe/store/learning/ros2_learning_experience/chapter4/chapt4_ws/src/install/chapt4_interfaces/lib:${LD_LIBRARY_PATH} PYTHONPATH=/media/dubhe/store/learning/ros2_learning_experience/chapter4/chapt4_ws/src/build/demo_python_service/prefix_override:/usr/lib/python3/dist-packages/colcon_core/task/python/colcon_distutils_commands:/media/dubhe/store/learning/ros2_learning_experience/chapter4/chapt4_ws/src/install/demo_python_service/lib/python3.10/site-packages:/media/dubhe/store/learning/ros2_learning_experience/chapter4/chapt4_ws/src/install/chapt4_interfaces/local/lib/python3.10/dist-packages:${PYTHONPATH} /usr/bin/python3 -W ignore:setup.py install is deprecated -W ignore:easy_install command is deprecated setup.py egg_info --egg-base ../build/demo_python_service build --build-base /media/dubhe/store/learning/ros2_learning_experience/chapter4/chapt4_ws/src/build/demo_python_service/build install --record /media/dubhe/store/learning/ros2_learning_experience/chapter4/chapt4_ws/src/build/demo_python_service/install.log --single-version-externally-managed install_data
