[0.008s] Invoking command in '/media/dubhe/store/learning/ros2_learning_experience/chapter6/chapt6_ws/build/fishbot_description': CMAKE_PREFIX_PATH=/opt/ros/humble /usr/bin/cmake /media/dubhe/store/learning/ros2_learning_experience/chapter6/chapt6_ws/src/fishbot_description -DCMAKE_INSTALL_PREFIX=/media/dubhe/store/learning/ros2_learning_experience/chapter6/chapt6_ws/install/fishbot_description
[0.068s] -- The C compiler identification is GNU 11.4.0
[0.118s] -- The CXX compiler identification is GNU 11.4.0
[0.125s] -- Detecting C compiler ABI info
[0.169s] -- Detecting C compiler ABI info - done
[0.174s] -- Check for working C compiler: /usr/bin/cc - skipped
[0.174s] -- Detecting C compile features
[0.175s] -- Detecting C compile features - done
[0.177s] -- Detecting CXX compiler ABI info
[0.228s] -- Detecting CXX compiler ABI info - done
[0.233s] -- Check for working CXX compiler: /usr/bin/c++ - skipped
[0.233s] -- Detecting CXX compile features
[0.233s] -- Detecting CXX compile features - done
[0.238s] -- Found ament_cmake: 1.3.12 (/opt/ros/humble/share/ament_cmake/cmake)
[0.654s] -- Found Python3: /usr/bin/python3 (found version "3.10.12") found components: Interpreter 
[0.731s] -- Found ament_lint_auto: 0.12.14 (/opt/ros/humble/share/ament_lint_auto/cmake)
[0.784s] -- Added test 'flake8' to check Python code syntax and style conventions
[0.785s] -- Added test 'lint_cmake' to check CMake code style
[0.785s] -- Added test 'pep257' to check Python code against some of the docstring style conventions in PEP 257
[0.786s] -- Added test 'xmllint' to check XML markup files
[0.788s] -- Configuring done
[0.789s] -- Generating done
[0.790s] -- Build files have been written to: /media/dubhe/store/learning/ros2_learning_experience/chapter6/chapt6_ws/build/fishbot_description
[0.794s] Invoked command in '/media/dubhe/store/learning/ros2_learning_experience/chapter6/chapt6_ws/build/fishbot_description' returned '0': CMAKE_PREFIX_PATH=/opt/ros/humble /usr/bin/cmake /media/dubhe/store/learning/ros2_learning_experience/chapter6/chapt6_ws/src/fishbot_description -DCMAKE_INSTALL_PREFIX=/media/dubhe/store/learning/ros2_learning_experience/chapter6/chapt6_ws/install/fishbot_description
[0.795s] Invoking command in '/media/dubhe/store/learning/ros2_learning_experience/chapter6/chapt6_ws/build/fishbot_description': CMAKE_PREFIX_PATH=/opt/ros/humble /usr/bin/cmake --build /media/dubhe/store/learning/ros2_learning_experience/chapter6/chapt6_ws/build/fishbot_description -- -j16 -l16
[0.820s] Invoked command in '/media/dubhe/store/learning/ros2_learning_experience/chapter6/chapt6_ws/build/fishbot_description' returned '0': CMAKE_PREFIX_PATH=/opt/ros/humble /usr/bin/cmake --build /media/dubhe/store/learning/ros2_learning_experience/chapter6/chapt6_ws/build/fishbot_description -- -j16 -l16
[0.827s] Invoking command in '/media/dubhe/store/learning/ros2_learning_experience/chapter6/chapt6_ws/build/fishbot_description': CMAKE_PREFIX_PATH=/opt/ros/humble /usr/bin/cmake --install /media/dubhe/store/learning/ros2_learning_experience/chapter6/chapt6_ws/build/fishbot_description
[0.831s] -- Install configuration: ""
[0.831s] -- Installing: /media/dubhe/store/learning/ros2_learning_experience/chapter6/chapt6_ws/install/fishbot_description/share/fishbot_description/launch
[0.831s] -- Installing: /media/dubhe/store/learning/ros2_learning_experience/chapter6/chapt6_ws/install/fishbot_description/share/fishbot_description/launch/display_robot.launch.py
[0.831s] -- Installing: /media/dubhe/store/learning/ros2_learning_experience/chapter6/chapt6_ws/install/fishbot_description/share/fishbot_description/urdf
[0.831s] -- Installing: /media/dubhe/store/learning/ros2_learning_experience/chapter6/chapt6_ws/install/fishbot_description/share/fishbot_description/urdf/first_robot.urdf
[0.831s] -- Installing: /media/dubhe/store/learning/ros2_learning_experience/chapter6/chapt6_ws/install/fishbot_description/share/fishbot_description/urdf/first_robot.pdf
[0.831s] -- Installing: /media/dubhe/store/learning/ros2_learning_experience/chapter6/chapt6_ws/install/fishbot_description/share/fishbot_description/urdf/first_robot.gv
[0.831s] -- Installing: /media/dubhe/store/learning/ros2_learning_experience/chapter6/chapt6_ws/install/fishbot_description/share/ament_index/resource_index/package_run_dependencies/fishbot_description
[0.831s] -- Installing: /media/dubhe/store/learning/ros2_learning_experience/chapter6/chapt6_ws/install/fishbot_description/share/ament_index/resource_index/parent_prefix_path/fishbot_description
[0.832s] -- Installing: /media/dubhe/store/learning/ros2_learning_experience/chapter6/chapt6_ws/install/fishbot_description/share/fishbot_description/environment/ament_prefix_path.sh
[0.832s] -- Installing: /media/dubhe/store/learning/ros2_learning_experience/chapter6/chapt6_ws/install/fishbot_description/share/fishbot_description/environment/ament_prefix_path.dsv
[0.832s] -- Installing: /media/dubhe/store/learning/ros2_learning_experience/chapter6/chapt6_ws/install/fishbot_description/share/fishbot_description/environment/path.sh
[0.832s] -- Installing: /media/dubhe/store/learning/ros2_learning_experience/chapter6/chapt6_ws/install/fishbot_description/share/fishbot_description/environment/path.dsv
[0.832s] -- Installing: /media/dubhe/store/learning/ros2_learning_experience/chapter6/chapt6_ws/install/fishbot_description/share/fishbot_description/local_setup.bash
[0.832s] -- Installing: /media/dubhe/store/learning/ros2_learning_experience/chapter6/chapt6_ws/install/fishbot_description/share/fishbot_description/local_setup.sh
[0.832s] -- Installing: /media/dubhe/store/learning/ros2_learning_experience/chapter6/chapt6_ws/install/fishbot_description/share/fishbot_description/local_setup.zsh
[0.832s] -- Installing: /media/dubhe/store/learning/ros2_learning_experience/chapter6/chapt6_ws/install/fishbot_description/share/fishbot_description/local_setup.dsv
[0.832s] -- Installing: /media/dubhe/store/learning/ros2_learning_experience/chapter6/chapt6_ws/install/fishbot_description/share/fishbot_description/package.dsv
[0.832s] -- Installing: /media/dubhe/store/learning/ros2_learning_experience/chapter6/chapt6_ws/install/fishbot_description/share/ament_index/resource_index/packages/fishbot_description
[0.832s] -- Installing: /media/dubhe/store/learning/ros2_learning_experience/chapter6/chapt6_ws/install/fishbot_description/share/fishbot_description/cmake/fishbot_descriptionConfig.cmake
[0.832s] -- Installing: /media/dubhe/store/learning/ros2_learning_experience/chapter6/chapt6_ws/install/fishbot_description/share/fishbot_description/cmake/fishbot_descriptionConfig-version.cmake
[0.832s] -- Installing: /media/dubhe/store/learning/ros2_learning_experience/chapter6/chapt6_ws/install/fishbot_description/share/fishbot_description/package.xml
[0.833s] Invoked command in '/media/dubhe/store/learning/ros2_learning_experience/chapter6/chapt6_ws/build/fishbot_description' returned '0': CMAKE_PREFIX_PATH=/opt/ros/humble /usr/bin/cmake --install /media/dubhe/store/learning/ros2_learning_experience/chapter6/chapt6_ws/build/fishbot_description
