running egg_info
writing ../../build/demo_python_tf/demo_python_tf.egg-info/PKG-INFO
writing dependency_links to ../../build/demo_python_tf/demo_python_tf.egg-info/dependency_links.txt
writing entry points to ../../build/demo_python_tf/demo_python_tf.egg-info/entry_points.txt
writing requirements to ../../build/demo_python_tf/demo_python_tf.egg-info/requires.txt
writing top-level names to ../../build/demo_python_tf/demo_python_tf.egg-info/top_level.txt
reading manifest file '../../build/demo_python_tf/demo_python_tf.egg-info/SOURCES.txt'
adding license file 'LICENSE'
writing manifest file '../../build/demo_python_tf/demo_python_tf.egg-info/SOURCES.txt'
running build
running build_py
creating /media/dubhe/store/learning/ros2_learning_experience/chapter5/chapt5_ws/build/demo_python_tf/build
creating /media/dubhe/store/learning/ros2_learning_experience/chapter5/chapt5_ws/build/demo_python_tf/build/lib
creating /media/dubhe/store/learning/ros2_learning_experience/chapter5/chapt5_ws/build/demo_python_tf/build/lib/demo_python_tf
copying demo_python_tf/__init__.py -> /media/dubhe/store/learning/ros2_learning_experience/chapter5/chapt5_ws/build/demo_python_tf/build/lib/demo_python_tf
copying demo_python_tf/static_tf_broadcaster.py -> /media/dubhe/store/learning/ros2_learning_experience/chapter5/chapt5_ws/build/demo_python_tf/build/lib/demo_python_tf
running install
running install_lib
creating /media/dubhe/store/learning/ros2_learning_experience/chapter5/chapt5_ws/install/demo_python_tf/lib/python3.10/site-packages/demo_python_tf
copying /media/dubhe/store/learning/ros2_learning_experience/chapter5/chapt5_ws/build/demo_python_tf/build/lib/demo_python_tf/__init__.py -> /media/dubhe/store/learning/ros2_learning_experience/chapter5/chapt5_ws/install/demo_python_tf/lib/python3.10/site-packages/demo_python_tf
copying /media/dubhe/store/learning/ros2_learning_experience/chapter5/chapt5_ws/build/demo_python_tf/build/lib/demo_python_tf/static_tf_broadcaster.py -> /media/dubhe/store/learning/ros2_learning_experience/chapter5/chapt5_ws/install/demo_python_tf/lib/python3.10/site-packages/demo_python_tf
byte-compiling /media/dubhe/store/learning/ros2_learning_experience/chapter5/chapt5_ws/install/demo_python_tf/lib/python3.10/site-packages/demo_python_tf/__init__.py to __init__.cpython-310.pyc
byte-compiling /media/dubhe/store/learning/ros2_learning_experience/chapter5/chapt5_ws/install/demo_python_tf/lib/python3.10/site-packages/demo_python_tf/static_tf_broadcaster.py to static_tf_broadcaster.cpython-310.pyc
running install_data
creating /media/dubhe/store/learning/ros2_learning_experience/chapter5/chapt5_ws/install/demo_python_tf/share/ament_index
creating /media/dubhe/store/learning/ros2_learning_experience/chapter5/chapt5_ws/install/demo_python_tf/share/ament_index/resource_index
creating /media/dubhe/store/learning/ros2_learning_experience/chapter5/chapt5_ws/install/demo_python_tf/share/ament_index/resource_index/packages
copying resource/demo_python_tf -> /media/dubhe/store/learning/ros2_learning_experience/chapter5/chapt5_ws/install/demo_python_tf/share/ament_index/resource_index/packages
copying package.xml -> /media/dubhe/store/learning/ros2_learning_experience/chapter5/chapt5_ws/install/demo_python_tf/share/demo_python_tf
running install_egg_info
Copying ../../build/demo_python_tf/demo_python_tf.egg-info to /media/dubhe/store/learning/ros2_learning_experience/chapter5/chapt5_ws/install/demo_python_tf/lib/python3.10/site-packages/demo_python_tf-0.0.0-py3.10.egg-info
running install_scripts
Installing static_tf_broadcaster script to /media/dubhe/store/learning/ros2_learning_experience/chapter5/chapt5_ws/install/demo_python_tf/lib/demo_python_tf
writing list of installed files to '/media/dubhe/store/learning/ros2_learning_experience/chapter5/chapt5_ws/build/demo_python_tf/install.log'
