[0.673s] Invoking command in '/media/dubhe/store/learning/ros2_learning_experience/chapter5/chapt5_ws/src/demo_python_tf': PYTHONPATH=/media/dubhe/store/learning/ros2_learning_experience/chapter5/chapt5_ws/build/demo_python_tf/prefix_override:/usr/lib/python3/dist-packages/colcon_core/task/python/colcon_distutils_commands:/media/dubhe/store/learning/ros2_learning_experience/chapter5/chapt5_ws/install/demo_python_tf/lib/python3.10/site-packages:${PYTHONPATH} /usr/bin/python3 -W ignore:setup.py install is deprecated -W ignore:easy_install command is deprecated setup.py egg_info --egg-base ../../build/demo_python_tf build --build-base /media/dubhe/store/learning/ros2_learning_experience/chapter5/chapt5_ws/build/demo_python_tf/build install --record /media/dubhe/store/learning/ros2_learning_experience/chapter5/chapt5_ws/build/demo_python_tf/install.log --single-version-externally-managed install_data
[0.905s] running egg_info
[0.913s] writing ../../build/demo_python_tf/demo_python_tf.egg-info/PKG-INFO
[0.913s] writing dependency_links to ../../build/demo_python_tf/demo_python_tf.egg-info/dependency_links.txt
[0.913s] writing entry points to ../../build/demo_python_tf/demo_python_tf.egg-info/entry_points.txt
[0.913s] writing requirements to ../../build/demo_python_tf/demo_python_tf.egg-info/requires.txt
[0.913s] writing top-level names to ../../build/demo_python_tf/demo_python_tf.egg-info/top_level.txt
[0.930s] reading manifest file '../../build/demo_python_tf/demo_python_tf.egg-info/SOURCES.txt'
[0.930s] adding license file 'LICENSE'
[0.930s] writing manifest file '../../build/demo_python_tf/demo_python_tf.egg-info/SOURCES.txt'
[0.930s] running build
[0.930s] running build_py
[0.931s] creating /media/dubhe/store/learning/ros2_learning_experience/chapter5/chapt5_ws/build/demo_python_tf/build
[0.931s] creating /media/dubhe/store/learning/ros2_learning_experience/chapter5/chapt5_ws/build/demo_python_tf/build/lib
[0.931s] creating /media/dubhe/store/learning/ros2_learning_experience/chapter5/chapt5_ws/build/demo_python_tf/build/lib/demo_python_tf
[0.931s] copying demo_python_tf/__init__.py -> /media/dubhe/store/learning/ros2_learning_experience/chapter5/chapt5_ws/build/demo_python_tf/build/lib/demo_python_tf
[0.931s] copying demo_python_tf/static_tf_broadcaster.py -> /media/dubhe/store/learning/ros2_learning_experience/chapter5/chapt5_ws/build/demo_python_tf/build/lib/demo_python_tf
[0.931s] running install
[0.934s] running install_lib
[0.942s] creating /media/dubhe/store/learning/ros2_learning_experience/chapter5/chapt5_ws/install/demo_python_tf/lib/python3.10/site-packages/demo_python_tf
[0.942s] copying /media/dubhe/store/learning/ros2_learning_experience/chapter5/chapt5_ws/build/demo_python_tf/build/lib/demo_python_tf/__init__.py -> /media/dubhe/store/learning/ros2_learning_experience/chapter5/chapt5_ws/install/demo_python_tf/lib/python3.10/site-packages/demo_python_tf
[0.942s] copying /media/dubhe/store/learning/ros2_learning_experience/chapter5/chapt5_ws/build/demo_python_tf/build/lib/demo_python_tf/static_tf_broadcaster.py -> /media/dubhe/store/learning/ros2_learning_experience/chapter5/chapt5_ws/install/demo_python_tf/lib/python3.10/site-packages/demo_python_tf
[0.942s] byte-compiling /media/dubhe/store/learning/ros2_learning_experience/chapter5/chapt5_ws/install/demo_python_tf/lib/python3.10/site-packages/demo_python_tf/__init__.py to __init__.cpython-310.pyc
[0.943s] byte-compiling /media/dubhe/store/learning/ros2_learning_experience/chapter5/chapt5_ws/install/demo_python_tf/lib/python3.10/site-packages/demo_python_tf/static_tf_broadcaster.py to static_tf_broadcaster.cpython-310.pyc
[0.943s] running install_data
[0.943s] creating /media/dubhe/store/learning/ros2_learning_experience/chapter5/chapt5_ws/install/demo_python_tf/share/ament_index
[0.943s] creating /media/dubhe/store/learning/ros2_learning_experience/chapter5/chapt5_ws/install/demo_python_tf/share/ament_index/resource_index
[0.943s] creating /media/dubhe/store/learning/ros2_learning_experience/chapter5/chapt5_ws/install/demo_python_tf/share/ament_index/resource_index/packages
[0.943s] copying resource/demo_python_tf -> /media/dubhe/store/learning/ros2_learning_experience/chapter5/chapt5_ws/install/demo_python_tf/share/ament_index/resource_index/packages
[0.943s] copying package.xml -> /media/dubhe/store/learning/ros2_learning_experience/chapter5/chapt5_ws/install/demo_python_tf/share/demo_python_tf
[0.943s] running install_egg_info
[0.951s] Copying ../../build/demo_python_tf/demo_python_tf.egg-info to /media/dubhe/store/learning/ros2_learning_experience/chapter5/chapt5_ws/install/demo_python_tf/lib/python3.10/site-packages/demo_python_tf-0.0.0-py3.10.egg-info
[0.952s] running install_scripts
[0.998s] Installing static_tf_broadcaster script to /media/dubhe/store/learning/ros2_learning_experience/chapter5/chapt5_ws/install/demo_python_tf/lib/demo_python_tf
[0.998s] writing list of installed files to '/media/dubhe/store/learning/ros2_learning_experience/chapter5/chapt5_ws/build/demo_python_tf/install.log'
[1.021s] Invoked command in '/media/dubhe/store/learning/ros2_learning_experience/chapter5/chapt5_ws/src/demo_python_tf' returned '0': PYTHONPATH=/media/dubhe/store/learning/ros2_learning_experience/chapter5/chapt5_ws/build/demo_python_tf/prefix_override:/usr/lib/python3/dist-packages/colcon_core/task/python/colcon_distutils_commands:/media/dubhe/store/learning/ros2_learning_experience/chapter5/chapt5_ws/install/demo_python_tf/lib/python3.10/site-packages:${PYTHONPATH} /usr/bin/python3 -W ignore:setup.py install is deprecated -W ignore:easy_install command is deprecated setup.py egg_info --egg-base ../../build/demo_python_tf build --build-base /media/dubhe/store/learning/ros2_learning_experience/chapter5/chapt5_ws/build/demo_python_tf/build install --record /media/dubhe/store/learning/ros2_learning_experience/chapter5/chapt5_ws/build/demo_python_tf/install.log --single-version-externally-managed install_data
