running egg_info
creating ../build/demo_python_topic/demo_python_topic.egg-info
writing ../build/demo_python_topic/demo_python_topic.egg-info/PKG-INFO
writing dependency_links to ../build/demo_python_topic/demo_python_topic.egg-info/dependency_links.txt
writing entry points to ../build/demo_python_topic/demo_python_topic.egg-info/entry_points.txt
writing requirements to ../build/demo_python_topic/demo_python_topic.egg-info/requires.txt
writing top-level names to ../build/demo_python_topic/demo_python_topic.egg-info/top_level.txt
writing manifest file '../build/demo_python_topic/demo_python_topic.egg-info/SOURCES.txt'
reading manifest file '../build/demo_python_topic/demo_python_topic.egg-info/SOURCES.txt'
adding license file 'LICENSE'
writing manifest file '../build/demo_python_topic/demo_python_topic.egg-info/SOURCES.txt'
running build
running build_py
creating /media/dubhe/store/learning/ros2_learning_experience/chapter3/topic_ws/src/build/demo_python_topic/build
creating /media/dubhe/store/learning/ros2_learning_experience/chapter3/topic_ws/src/build/demo_python_topic/build/lib
creating /media/dubhe/store/learning/ros2_learning_experience/chapter3/topic_ws/src/build/demo_python_topic/build/lib/demo_python_topic
copying demo_python_topic/novel_pub_node.py -> /media/dubhe/store/learning/ros2_learning_experience/chapter3/topic_ws/src/build/demo_python_topic/build/lib/demo_python_topic
copying demo_python_topic/__init__.py -> /media/dubhe/store/learning/ros2_learning_experience/chapter3/topic_ws/src/build/demo_python_topic/build/lib/demo_python_topic
running install
running install_lib
creating /media/dubhe/store/learning/ros2_learning_experience/chapter3/topic_ws/src/install/demo_python_topic/lib/python3.10/site-packages/demo_python_topic
copying /media/dubhe/store/learning/ros2_learning_experience/chapter3/topic_ws/src/build/demo_python_topic/build/lib/demo_python_topic/novel_pub_node.py -> /media/dubhe/store/learning/ros2_learning_experience/chapter3/topic_ws/src/install/demo_python_topic/lib/python3.10/site-packages/demo_python_topic
copying /media/dubhe/store/learning/ros2_learning_experience/chapter3/topic_ws/src/build/demo_python_topic/build/lib/demo_python_topic/__init__.py -> /media/dubhe/store/learning/ros2_learning_experience/chapter3/topic_ws/src/install/demo_python_topic/lib/python3.10/site-packages/demo_python_topic
byte-compiling /media/dubhe/store/learning/ros2_learning_experience/chapter3/topic_ws/src/install/demo_python_topic/lib/python3.10/site-packages/demo_python_topic/novel_pub_node.py to novel_pub_node.cpython-310.pyc
byte-compiling /media/dubhe/store/learning/ros2_learning_experience/chapter3/topic_ws/src/install/demo_python_topic/lib/python3.10/site-packages/demo_python_topic/__init__.py to __init__.cpython-310.pyc
running install_data
creating /media/dubhe/store/learning/ros2_learning_experience/chapter3/topic_ws/src/install/demo_python_topic/share/ament_index
creating /media/dubhe/store/learning/ros2_learning_experience/chapter3/topic_ws/src/install/demo_python_topic/share/ament_index/resource_index
creating /media/dubhe/store/learning/ros2_learning_experience/chapter3/topic_ws/src/install/demo_python_topic/share/ament_index/resource_index/packages
copying resource/demo_python_topic -> /media/dubhe/store/learning/ros2_learning_experience/chapter3/topic_ws/src/install/demo_python_topic/share/ament_index/resource_index/packages
copying package.xml -> /media/dubhe/store/learning/ros2_learning_experience/chapter3/topic_ws/src/install/demo_python_topic/share/demo_python_topic
running install_egg_info
Copying ../build/demo_python_topic/demo_python_topic.egg-info to /media/dubhe/store/learning/ros2_learning_experience/chapter3/topic_ws/src/install/demo_python_topic/lib/python3.10/site-packages/demo_python_topic-0.0.0-py3.10.egg-info
running install_scripts
writing list of installed files to '/media/dubhe/store/learning/ros2_learning_experience/chapter3/topic_ws/src/build/demo_python_topic/install.log'
