[0.369s] Invoking command in '/media/dubhe/store/learning/ros2_learning_experience/chapter3/topic_ws/src/demo_python_topic': PYTHONPATH=/media/dubhe/store/learning/ros2_learning_experience/chapter3/topic_ws/src/build/demo_python_topic/prefix_override:/usr/lib/python3/dist-packages/colcon_core/task/python/colcon_distutils_commands:/media/dubhe/store/learning/ros2_learning_experience/chapter3/topic_ws/src/install/demo_python_topic/lib/python3.10/site-packages:${PYTHONPATH} /usr/bin/python3 -W ignore:setup.py install is deprecated -W ignore:easy_install command is deprecated setup.py egg_info --egg-base ../build/demo_python_topic build --build-base /media/dubhe/store/learning/ros2_learning_experience/chapter3/topic_ws/src/build/demo_python_topic/build install --record /media/dubhe/store/learning/ros2_learning_experience/chapter3/topic_ws/src/build/demo_python_topic/install.log --single-version-externally-managed install_data
[0.503s] running egg_info
[0.503s] creating ../build/demo_python_topic/demo_python_topic.egg-info
[0.503s] writing ../build/demo_python_topic/demo_python_topic.egg-info/PKG-INFO
[0.504s] writing dependency_links to ../build/demo_python_topic/demo_python_topic.egg-info/dependency_links.txt
[0.504s] writing entry points to ../build/demo_python_topic/demo_python_topic.egg-info/entry_points.txt
[0.504s] writing requirements to ../build/demo_python_topic/demo_python_topic.egg-info/requires.txt
[0.504s] writing top-level names to ../build/demo_python_topic/demo_python_topic.egg-info/top_level.txt
[0.504s] writing manifest file '../build/demo_python_topic/demo_python_topic.egg-info/SOURCES.txt'
[0.505s] reading manifest file '../build/demo_python_topic/demo_python_topic.egg-info/SOURCES.txt'
[0.505s] adding license file 'LICENSE'
[0.505s] writing manifest file '../build/demo_python_topic/demo_python_topic.egg-info/SOURCES.txt'
[0.505s] running build
[0.505s] running build_py
[0.505s] creating /media/dubhe/store/learning/ros2_learning_experience/chapter3/topic_ws/src/build/demo_python_topic/build
[0.505s] creating /media/dubhe/store/learning/ros2_learning_experience/chapter3/topic_ws/src/build/demo_python_topic/build/lib
[0.505s] creating /media/dubhe/store/learning/ros2_learning_experience/chapter3/topic_ws/src/build/demo_python_topic/build/lib/demo_python_topic
[0.505s] copying demo_python_topic/novel_pub_node.py -> /media/dubhe/store/learning/ros2_learning_experience/chapter3/topic_ws/src/build/demo_python_topic/build/lib/demo_python_topic
[0.505s] copying demo_python_topic/__init__.py -> /media/dubhe/store/learning/ros2_learning_experience/chapter3/topic_ws/src/build/demo_python_topic/build/lib/demo_python_topic
[0.505s] running install
[0.505s] running install_lib
[0.506s] creating /media/dubhe/store/learning/ros2_learning_experience/chapter3/topic_ws/src/install/demo_python_topic/lib/python3.10/site-packages/demo_python_topic
[0.506s] copying /media/dubhe/store/learning/ros2_learning_experience/chapter3/topic_ws/src/build/demo_python_topic/build/lib/demo_python_topic/novel_pub_node.py -> /media/dubhe/store/learning/ros2_learning_experience/chapter3/topic_ws/src/install/demo_python_topic/lib/python3.10/site-packages/demo_python_topic
[0.506s] copying /media/dubhe/store/learning/ros2_learning_experience/chapter3/topic_ws/src/build/demo_python_topic/build/lib/demo_python_topic/__init__.py -> /media/dubhe/store/learning/ros2_learning_experience/chapter3/topic_ws/src/install/demo_python_topic/lib/python3.10/site-packages/demo_python_topic
[0.506s] byte-compiling /media/dubhe/store/learning/ros2_learning_experience/chapter3/topic_ws/src/install/demo_python_topic/lib/python3.10/site-packages/demo_python_topic/novel_pub_node.py to novel_pub_node.cpython-310.pyc
[0.507s] byte-compiling /media/dubhe/store/learning/ros2_learning_experience/chapter3/topic_ws/src/install/demo_python_topic/lib/python3.10/site-packages/demo_python_topic/__init__.py to __init__.cpython-310.pyc
[0.507s] running install_data
[0.507s] creating /media/dubhe/store/learning/ros2_learning_experience/chapter3/topic_ws/src/install/demo_python_topic/share/ament_index
[0.507s] creating /media/dubhe/store/learning/ros2_learning_experience/chapter3/topic_ws/src/install/demo_python_topic/share/ament_index/resource_index
[0.507s] creating /media/dubhe/store/learning/ros2_learning_experience/chapter3/topic_ws/src/install/demo_python_topic/share/ament_index/resource_index/packages
[0.507s] copying resource/demo_python_topic -> /media/dubhe/store/learning/ros2_learning_experience/chapter3/topic_ws/src/install/demo_python_topic/share/ament_index/resource_index/packages
[0.507s] copying package.xml -> /media/dubhe/store/learning/ros2_learning_experience/chapter3/topic_ws/src/install/demo_python_topic/share/demo_python_topic
[0.507s] running install_egg_info
[0.508s] Copying ../build/demo_python_topic/demo_python_topic.egg-info to /media/dubhe/store/learning/ros2_learning_experience/chapter3/topic_ws/src/install/demo_python_topic/lib/python3.10/site-packages/demo_python_topic-0.0.0-py3.10.egg-info
[0.508s] running install_scripts
[0.522s] writing list of installed files to '/media/dubhe/store/learning/ros2_learning_experience/chapter3/topic_ws/src/build/demo_python_topic/install.log'
[0.536s] Invoked command in '/media/dubhe/store/learning/ros2_learning_experience/chapter3/topic_ws/src/demo_python_topic' returned '0': PYTHONPATH=/media/dubhe/store/learning/ros2_learning_experience/chapter3/topic_ws/src/build/demo_python_topic/prefix_override:/usr/lib/python3/dist-packages/colcon_core/task/python/colcon_distutils_commands:/media/dubhe/store/learning/ros2_learning_experience/chapter3/topic_ws/src/install/demo_python_topic/lib/python3.10/site-packages:${PYTHONPATH} /usr/bin/python3 -W ignore:setup.py install is deprecated -W ignore:easy_install command is deprecated setup.py egg_info --egg-base ../build/demo_python_topic build --build-base /media/dubhe/store/learning/ros2_learning_experience/chapter3/topic_ws/src/build/demo_python_topic/build install --record /media/dubhe/store/learning/ros2_learning_experience/chapter3/topic_ws/src/build/demo_python_topic/install.log --single-version-externally-managed install_data
