[0.376s] Invoking command in '/media/dubhe/store/learning/ros2_learning_experience/chapter3/topic_practise_ws/src/status_publisher': PYTHONPATH=/media/dubhe/store/learning/ros2_learning_experience/chapter3/topic_practise_ws/src/build/status_publisher/prefix_override:/usr/lib/python3/dist-packages/colcon_core/task/python/colcon_distutils_commands:/media/dubhe/store/learning/ros2_learning_experience/chapter3/topic_practise_ws/src/install/status_publisher/lib/python3.10/site-packages:${PYTHONPATH} /usr/bin/python3 -W ignore:setup.py install is deprecated -W ignore:easy_install command is deprecated setup.py egg_info --egg-base ../build/status_publisher build --build-base /media/dubhe/store/learning/ros2_learning_experience/chapter3/topic_practise_ws/src/build/status_publisher/build install --record /media/dubhe/store/learning/ros2_learning_experience/chapter3/topic_practise_ws/src/build/status_publisher/install.log --single-version-externally-managed install_data
[0.513s] running egg_info
[0.513s] creating ../build/status_publisher/status_publisher.egg-info
[0.514s] writing ../build/status_publisher/status_publisher.egg-info/PKG-INFO
[0.514s] writing dependency_links to ../build/status_publisher/status_publisher.egg-info/dependency_links.txt
[0.514s] writing entry points to ../build/status_publisher/status_publisher.egg-info/entry_points.txt
[0.514s] writing requirements to ../build/status_publisher/status_publisher.egg-info/requires.txt
[0.514s] writing top-level names to ../build/status_publisher/status_publisher.egg-info/top_level.txt
[0.514s] writing manifest file '../build/status_publisher/status_publisher.egg-info/SOURCES.txt'
[0.515s] reading manifest file '../build/status_publisher/status_publisher.egg-info/SOURCES.txt'
[0.515s] adding license file 'LICENSE'
[0.515s] writing manifest file '../build/status_publisher/status_publisher.egg-info/SOURCES.txt'
[0.516s] running build
[0.516s] running build_py
[0.516s] creating /media/dubhe/store/learning/ros2_learning_experience/chapter3/topic_practise_ws/src/build/status_publisher/build
[0.516s] creating /media/dubhe/store/learning/ros2_learning_experience/chapter3/topic_practise_ws/src/build/status_publisher/build/lib
[0.516s] creating /media/dubhe/store/learning/ros2_learning_experience/chapter3/topic_practise_ws/src/build/status_publisher/build/lib/status_publisher
[0.516s] copying status_publisher/sys_status_pub.py -> /media/dubhe/store/learning/ros2_learning_experience/chapter3/topic_practise_ws/src/build/status_publisher/build/lib/status_publisher
[0.516s] copying status_publisher/__init__.py -> /media/dubhe/store/learning/ros2_learning_experience/chapter3/topic_practise_ws/src/build/status_publisher/build/lib/status_publisher
[0.516s] running install
[0.516s] running install_lib
[0.517s] creating /media/dubhe/store/learning/ros2_learning_experience/chapter3/topic_practise_ws/src/install/status_publisher/lib/python3.10/site-packages/status_publisher
[0.517s] copying /media/dubhe/store/learning/ros2_learning_experience/chapter3/topic_practise_ws/src/build/status_publisher/build/lib/status_publisher/sys_status_pub.py -> /media/dubhe/store/learning/ros2_learning_experience/chapter3/topic_practise_ws/src/install/status_publisher/lib/python3.10/site-packages/status_publisher
[0.517s] copying /media/dubhe/store/learning/ros2_learning_experience/chapter3/topic_practise_ws/src/build/status_publisher/build/lib/status_publisher/__init__.py -> /media/dubhe/store/learning/ros2_learning_experience/chapter3/topic_practise_ws/src/install/status_publisher/lib/python3.10/site-packages/status_publisher
[0.517s] byte-compiling /media/dubhe/store/learning/ros2_learning_experience/chapter3/topic_practise_ws/src/install/status_publisher/lib/python3.10/site-packages/status_publisher/sys_status_pub.py to sys_status_pub.cpython-310.pyc
[0.517s] byte-compiling /media/dubhe/store/learning/ros2_learning_experience/chapter3/topic_practise_ws/src/install/status_publisher/lib/python3.10/site-packages/status_publisher/__init__.py to __init__.cpython-310.pyc
[0.517s] running install_data
[0.518s] creating /media/dubhe/store/learning/ros2_learning_experience/chapter3/topic_practise_ws/src/install/status_publisher/share/ament_index
[0.518s] creating /media/dubhe/store/learning/ros2_learning_experience/chapter3/topic_practise_ws/src/install/status_publisher/share/ament_index/resource_index
[0.518s] creating /media/dubhe/store/learning/ros2_learning_experience/chapter3/topic_practise_ws/src/install/status_publisher/share/ament_index/resource_index/packages
[0.518s] copying resource/status_publisher -> /media/dubhe/store/learning/ros2_learning_experience/chapter3/topic_practise_ws/src/install/status_publisher/share/ament_index/resource_index/packages
[0.518s] copying package.xml -> /media/dubhe/store/learning/ros2_learning_experience/chapter3/topic_practise_ws/src/install/status_publisher/share/status_publisher
[0.518s] running install_egg_info
[0.519s] Copying ../build/status_publisher/status_publisher.egg-info to /media/dubhe/store/learning/ros2_learning_experience/chapter3/topic_practise_ws/src/install/status_publisher/lib/python3.10/site-packages/status_publisher-0.0.0-py3.10.egg-info
[0.519s] running install_scripts
[0.533s] Installing sys_status_pub script to /media/dubhe/store/learning/ros2_learning_experience/chapter3/topic_practise_ws/src/install/status_publisher/lib/status_publisher
[0.533s] writing list of installed files to '/media/dubhe/store/learning/ros2_learning_experience/chapter3/topic_practise_ws/src/build/status_publisher/install.log'
[0.547s] Invoked command in '/media/dubhe/store/learning/ros2_learning_experience/chapter3/topic_practise_ws/src/status_publisher' returned '0': PYTHONPATH=/media/dubhe/store/learning/ros2_learning_experience/chapter3/topic_practise_ws/src/build/status_publisher/prefix_override:/usr/lib/python3/dist-packages/colcon_core/task/python/colcon_distutils_commands:/media/dubhe/store/learning/ros2_learning_experience/chapter3/topic_practise_ws/src/install/status_publisher/lib/python3.10/site-packages:${PYTHONPATH} /usr/bin/python3 -W ignore:setup.py install is deprecated -W ignore:easy_install command is deprecated setup.py egg_info --egg-base ../build/status_publisher build --build-base /media/dubhe/store/learning/ros2_learning_experience/chapter3/topic_practise_ws/src/build/status_publisher/build install --record /media/dubhe/store/learning/ros2_learning_experience/chapter3/topic_practise_ws/src/build/status_publisher/install.log --single-version-externally-managed install_data
