[0.343s] Invoking command in '/media/dubhe/store/learning/ros2_learning_experience/chapter4/chapt4_ws/src/demo_python_service': AMENT_PREFIX_PATH=/media/dubhe/store/learning/ros2_learning_experience/chapter4/chapt4_ws/install/chapt4_interfaces:${AMENT_PREFIX_PATH} CMAKE_PREFIX_PATH=/media/dubhe/store/learning/ros2_learning_experience/chapter4/chapt4_ws/install/chapt4_interfaces LD_LIBRARY_PATH=/media/dubhe/store/learning/ros2_learning_experience/chapter4/chapt4_ws/install/chapt4_interfaces/lib:${LD_LIBRARY_PATH} PYTHONPATH=/media/dubhe/store/learning/ros2_learning_experience/chapter4/chapt4_ws/build/demo_python_service/prefix_override:/usr/lib/python3/dist-packages/colcon_core/task/python/colcon_distutils_commands:/media/dubhe/store/learning/ros2_learning_experience/chapter4/chapt4_ws/install/demo_python_service/lib/python3.10/site-packages:/media/dubhe/store/learning/ros2_learning_experience/chapter4/chapt4_ws/install/chapt4_interfaces/local/lib/python3.10/dist-packages:${PYTHONPATH} /usr/bin/python3 -W ignore:setup.py install is deprecated -W ignore:easy_install command is deprecated setup.py egg_info --egg-base ../../build/demo_python_service build --build-base /media/dubhe/store/learning/ros2_learning_experience/chapter4/chapt4_ws/build/demo_python_service/build install --record /media/dubhe/store/learning/ros2_learning_experience/chapter4/chapt4_ws/build/demo_python_service/install.log --single-version-externally-managed install_data
[0.478s] running egg_info
[0.478s] writing ../../build/demo_python_service/demo_python_service.egg-info/PKG-INFO
[0.478s] writing dependency_links to ../../build/demo_python_service/demo_python_service.egg-info/dependency_links.txt
[0.478s] writing entry points to ../../build/demo_python_service/demo_python_service.egg-info/entry_points.txt
[0.478s] writing requirements to ../../build/demo_python_service/demo_python_service.egg-info/requires.txt
[0.478s] writing top-level names to ../../build/demo_python_service/demo_python_service.egg-info/top_level.txt
[0.479s] reading manifest file '../../build/demo_python_service/demo_python_service.egg-info/SOURCES.txt'
[0.479s] adding license file 'LICENSE'
[0.480s] writing manifest file '../../build/demo_python_service/demo_python_service.egg-info/SOURCES.txt'
[0.480s] running build
[0.480s] running build_py
[0.480s] copying demo_python_service/face_detect_client_node.py -> /media/dubhe/store/learning/ros2_learning_experience/chapter4/chapt4_ws/build/demo_python_service/build/lib/demo_python_service
[0.480s] running install
[0.480s] running install_lib
[0.481s] copying /media/dubhe/store/learning/ros2_learning_experience/chapter4/chapt4_ws/build/demo_python_service/build/lib/demo_python_service/face_detect_client_node.py -> /media/dubhe/store/learning/ros2_learning_experience/chapter4/chapt4_ws/install/demo_python_service/lib/python3.10/site-packages/demo_python_service
[0.481s] byte-compiling /media/dubhe/store/learning/ros2_learning_experience/chapter4/chapt4_ws/install/demo_python_service/lib/python3.10/site-packages/demo_python_service/face_detect_client_node.py to face_detect_client_node.cpython-310.pyc
[0.482s] running install_data
[0.482s] running install_egg_info
[0.483s] removing '/media/dubhe/store/learning/ros2_learning_experience/chapter4/chapt4_ws/install/demo_python_service/lib/python3.10/site-packages/demo_python_service-0.0.0-py3.10.egg-info' (and everything under it)
[0.483s] Copying ../../build/demo_python_service/demo_python_service.egg-info to /media/dubhe/store/learning/ros2_learning_experience/chapter4/chapt4_ws/install/demo_python_service/lib/python3.10/site-packages/demo_python_service-0.0.0-py3.10.egg-info
[0.483s] running install_scripts
[0.496s] Installing face_detect_client_node script to /media/dubhe/store/learning/ros2_learning_experience/chapter4/chapt4_ws/install/demo_python_service/lib/demo_python_service
[0.496s] Installing face_detect_node script to /media/dubhe/store/learning/ros2_learning_experience/chapter4/chapt4_ws/install/demo_python_service/lib/demo_python_service
[0.496s] Installing learn_face_detect script to /media/dubhe/store/learning/ros2_learning_experience/chapter4/chapt4_ws/install/demo_python_service/lib/demo_python_service
[0.496s] writing list of installed files to '/media/dubhe/store/learning/ros2_learning_experience/chapter4/chapt4_ws/build/demo_python_service/install.log'
[0.509s] Invoked command in '/media/dubhe/store/learning/ros2_learning_experience/chapter4/chapt4_ws/src/demo_python_service' returned '0': AMENT_PREFIX_PATH=/media/dubhe/store/learning/ros2_learning_experience/chapter4/chapt4_ws/install/chapt4_interfaces:${AMENT_PREFIX_PATH} CMAKE_PREFIX_PATH=/media/dubhe/store/learning/ros2_learning_experience/chapter4/chapt4_ws/install/chapt4_interfaces LD_LIBRARY_PATH=/media/dubhe/store/learning/ros2_learning_experience/chapter4/chapt4_ws/install/chapt4_interfaces/lib:${LD_LIBRARY_PATH} PYTHONPATH=/media/dubhe/store/learning/ros2_learning_experience/chapter4/chapt4_ws/build/demo_python_service/prefix_override:/usr/lib/python3/dist-packages/colcon_core/task/python/colcon_distutils_commands:/media/dubhe/store/learning/ros2_learning_experience/chapter4/chapt4_ws/install/demo_python_service/lib/python3.10/site-packages:/media/dubhe/store/learning/ros2_learning_experience/chapter4/chapt4_ws/install/chapt4_interfaces/local/lib/python3.10/dist-packages:${PYTHONPATH} /usr/bin/python3 -W ignore:setup.py install is deprecated -W ignore:easy_install command is deprecated setup.py egg_info --egg-base ../../build/demo_python_service build --build-base /media/dubhe/store/learning/ros2_learning_experience/chapter4/chapt4_ws/build/demo_python_service/build install --record /media/dubhe/store/learning/ros2_learning_experience/chapter4/chapt4_ws/build/demo_python_service/install.log --single-version-externally-managed install_data
