[0.007s] Invoking command in '/media/dubhe/store/learning/ros2_learning_experience/chapter3/topic_ws/src/build/demo_cpp_topic': CMAKE_PREFIX_PATH=${CMAKE_PREFIX_PATH}:/media/dubhe/store/learning/ros2_learning_experience/chapter3/topic_ws/src/install/demo_python_topic:/opt/ros/humble /usr/bin/cmake --build /media/dubhe/store/learning/ros2_learning_experience/chapter3/topic_ws/src/build/demo_cpp_topic -- -j16 -l16
[0.022s] -- Found ament_cmake: 1.3.12 (/opt/ros/humble/share/ament_cmake/cmake)
[0.099s] -- Found rclcpp: 16.0.15 (/opt/ros/humble/share/rclcpp/cmake)
[0.116s] -- Found rosidl_generator_c: 3.1.7 (/opt/ros/humble/share/rosidl_generator_c/cmake)
[0.118s] -- Found rosidl_adapter: 3.1.7 (/opt/ros/humble/share/rosidl_adapter/cmake)
[0.121s] -- Found rosidl_generator_cpp: 3.1.7 (/opt/ros/humble/share/rosidl_generator_cpp/cmake)
[0.128s] -- Using all available rosidl_typesupport_c: rosidl_typesupport_fastrtps_c;rosidl_typesupport_introspection_c
[0.136s] -- Using all available rosidl_typesupport_cpp: rosidl_typesupport_fastrtps_cpp;rosidl_typesupport_introspection_cpp
[0.156s] -- Found rmw_implementation_cmake: 6.1.2 (/opt/ros/humble/share/rmw_implementation_cmake/cmake)
[0.157s] -- Found rmw_fastrtps_cpp: 6.2.9 (/opt/ros/humble/share/rmw_fastrtps_cpp/cmake)
[0.218s] -- Using RMW implementation 'rmw_fastrtps_cpp' as default
[0.247s] -- Found geometry_msgs: 4.9.0 (/opt/ros/humble/share/geometry_msgs/cmake)
[0.254s] -- Found turtlesim: 1.4.3 (/opt/ros/humble/share/turtlesim/cmake)
[0.277s] -- Found ament_lint_auto: 0.12.14 (/opt/ros/humble/share/ament_lint_auto/cmake)
[0.322s] -- Added test 'cppcheck' to perform static code analysis on C / C++ code
[0.322s] -- Configured cppcheck include dirs: 
[0.322s] -- Configured cppcheck exclude dirs and/or files: 
[0.323s] -- Added test 'lint_cmake' to check CMake code style
[0.323s] -- Added test 'uncrustify' to check C / C++ code style
[0.323s] -- Configured uncrustify additional arguments: 
[0.323s] -- Added test 'xmllint' to check XML markup files
[0.324s] -- Configuring done
[0.332s] -- Generating done
[0.335s] -- Build files have been written to: /media/dubhe/store/learning/ros2_learning_experience/chapter3/topic_ws/src/build/demo_cpp_topic
[0.361s] [ 25%] [32mBuilding CXX object CMakeFiles/turtle_control.dir/src/turtle_control.cpp.o[0m
[0.362s] [35m[1mConsolidate compiler generated dependencies of target turtle_circle[0m
[0.374s] [ 75%] Built target turtle_circle
[6.152s] [100%] [32m[1mLinking CXX executable turtle_control[0m
[6.445s] [100%] Built target turtle_control
[6.453s] Invoked command in '/media/dubhe/store/learning/ros2_learning_experience/chapter3/topic_ws/src/build/demo_cpp_topic' returned '0': CMAKE_PREFIX_PATH=${CMAKE_PREFIX_PATH}:/media/dubhe/store/learning/ros2_learning_experience/chapter3/topic_ws/src/install/demo_python_topic:/opt/ros/humble /usr/bin/cmake --build /media/dubhe/store/learning/ros2_learning_experience/chapter3/topic_ws/src/build/demo_cpp_topic -- -j16 -l16
[6.461s] Invoking command in '/media/dubhe/store/learning/ros2_learning_experience/chapter3/topic_ws/src/build/demo_cpp_topic': CMAKE_PREFIX_PATH=${CMAKE_PREFIX_PATH}:/media/dubhe/store/learning/ros2_learning_experience/chapter3/topic_ws/src/install/demo_python_topic:/opt/ros/humble /usr/bin/cmake --install /media/dubhe/store/learning/ros2_learning_experience/chapter3/topic_ws/src/build/demo_cpp_topic
[6.466s] -- Install configuration: ""
[6.466s] -- Up-to-date: /media/dubhe/store/learning/ros2_learning_experience/chapter3/topic_ws/src/install/demo_cpp_topic/lib/demo_cpp_topic/turtle_circle
[6.466s] -- Installing: /media/dubhe/store/learning/ros2_learning_experience/chapter3/topic_ws/src/install/demo_cpp_topic/lib/demo_cpp_topic/turtle_control
[6.468s] -- Set runtime path of "/media/dubhe/store/learning/ros2_learning_experience/chapter3/topic_ws/src/install/demo_cpp_topic/lib/demo_cpp_topic/turtle_control" to ""
[6.468s] -- Up-to-date: /media/dubhe/store/learning/ros2_learning_experience/chapter3/topic_ws/src/install/demo_cpp_topic/share/ament_index/resource_index/package_run_dependencies/demo_cpp_topic
[6.468s] -- Installing: /media/dubhe/store/learning/ros2_learning_experience/chapter3/topic_ws/src/install/demo_cpp_topic/share/ament_index/resource_index/parent_prefix_path/demo_cpp_topic
[6.469s] -- Up-to-date: /media/dubhe/store/learning/ros2_learning_experience/chapter3/topic_ws/src/install/demo_cpp_topic/share/demo_cpp_topic/environment/ament_prefix_path.sh
[6.469s] -- Installing: /media/dubhe/store/learning/ros2_learning_experience/chapter3/topic_ws/src/install/demo_cpp_topic/share/demo_cpp_topic/environment/ament_prefix_path.dsv
[6.469s] -- Up-to-date: /media/dubhe/store/learning/ros2_learning_experience/chapter3/topic_ws/src/install/demo_cpp_topic/share/demo_cpp_topic/environment/path.sh
[6.469s] -- Installing: /media/dubhe/store/learning/ros2_learning_experience/chapter3/topic_ws/src/install/demo_cpp_topic/share/demo_cpp_topic/environment/path.dsv
[6.469s] -- Up-to-date: /media/dubhe/store/learning/ros2_learning_experience/chapter3/topic_ws/src/install/demo_cpp_topic/share/demo_cpp_topic/local_setup.bash
[6.469s] -- Up-to-date: /media/dubhe/store/learning/ros2_learning_experience/chapter3/topic_ws/src/install/demo_cpp_topic/share/demo_cpp_topic/local_setup.sh
[6.469s] -- Up-to-date: /media/dubhe/store/learning/ros2_learning_experience/chapter3/topic_ws/src/install/demo_cpp_topic/share/demo_cpp_topic/local_setup.zsh
[6.469s] -- Installing: /media/dubhe/store/learning/ros2_learning_experience/chapter3/topic_ws/src/install/demo_cpp_topic/share/demo_cpp_topic/local_setup.dsv
[6.469s] -- Installing: /media/dubhe/store/learning/ros2_learning_experience/chapter3/topic_ws/src/install/demo_cpp_topic/share/demo_cpp_topic/package.dsv
[6.469s] -- Up-to-date: /media/dubhe/store/learning/ros2_learning_experience/chapter3/topic_ws/src/install/demo_cpp_topic/share/ament_index/resource_index/packages/demo_cpp_topic
[6.469s] -- Up-to-date: /media/dubhe/store/learning/ros2_learning_experience/chapter3/topic_ws/src/install/demo_cpp_topic/share/demo_cpp_topic/cmake/demo_cpp_topicConfig.cmake
[6.469s] -- Up-to-date: /media/dubhe/store/learning/ros2_learning_experience/chapter3/topic_ws/src/install/demo_cpp_topic/share/demo_cpp_topic/cmake/demo_cpp_topicConfig-version.cmake
[6.469s] -- Up-to-date: /media/dubhe/store/learning/ros2_learning_experience/chapter3/topic_ws/src/install/demo_cpp_topic/share/demo_cpp_topic/package.xml
[6.471s] Invoked command in '/media/dubhe/store/learning/ros2_learning_experience/chapter3/topic_ws/src/build/demo_cpp_topic' returned '0': CMAKE_PREFIX_PATH=${CMAKE_PREFIX_PATH}:/media/dubhe/store/learning/ros2_learning_experience/chapter3/topic_ws/src/install/demo_python_topic:/opt/ros/humble /usr/bin/cmake --install /media/dubhe/store/learning/ros2_learning_experience/chapter3/topic_ws/src/build/demo_cpp_topic
