[0.009s] Invoking command in '/media/dubhe/store/learning/ros2_learning_experience/chapter6/chapt6_ws/build/arm3dof_description': CMAKE_PREFIX_PATH=/opt/ros/humble /usr/bin/cmake /media/dubhe/store/learning/ros2_learning_experience/chapter6/chapt6_ws/src/arm3dof_description -DCMAKE_INSTALL_PREFIX=/media/dubhe/store/learning/ros2_learning_experience/chapter6/chapt6_ws/install/arm3dof_description
[0.045s] -- The C compiler identification is GNU 11.4.0
[0.081s] -- The CXX compiler identification is GNU 11.4.0
[0.086s] -- Detecting C compiler ABI info
[0.134s] -- Detecting C compiler ABI info - done
[0.139s] -- Check for working C compiler: /usr/bin/cc - skipped
[0.140s] -- Detecting C compile features
[0.140s] -- Detecting C compile features - done
[0.142s] -- Detecting CXX compiler ABI info
[0.195s] -- Detecting CXX compiler ABI info - done
[0.201s] -- Check for working CXX compiler: /usr/bin/c++ - skipped
[0.201s] -- Detecting CXX compile features
[0.201s] -- Detecting CXX compile features - done
[0.203s] -- Found ament_cmake: 1.3.12 (/opt/ros/humble/share/ament_cmake/cmake)
[0.625s] -- Found Python3: /usr/bin/python3 (found version "3.10.12") found components: Interpreter 
[0.686s] -- Found urdf: 2.6.1 (/opt/ros/humble/share/urdf/cmake)
[0.737s] [31mCMake Error at CMakeLists.txt:11 (find_package):
[0.737s]   By not providing "Findjoint_state_publisher_gui.cmake" in CMAKE_MODULE_PATH
[0.737s]   this project has asked CMake to find a package configuration file provided
[0.737s]   by "joint_state_publisher_gui", but CMake did not find one.
[0.737s] 
[0.737s]   Could not find a package configuration file provided by
[0.737s]   "joint_state_publisher_gui" with any of the following names:
[0.737s] 
[0.737s]     joint_state_publisher_guiConfig.cmake
[0.737s]     joint_state_publisher_gui-config.cmake
[0.737s] 
[0.737s]   Add the installation prefix of "joint_state_publisher_gui" to
[0.737s]   CMAKE_PREFIX_PATH or set "joint_state_publisher_gui_DIR" to a directory
[0.737s]   containing one of the above files.  If "joint_state_publisher_gui" provides
[0.737s]   a separate development package or SDK, be sure it has been installed.
[0.737s] 
[0.737s] [0m
[0.737s] -- Configuring incomplete, errors occurred!
[0.738s] See also "/media/dubhe/store/learning/ros2_learning_experience/chapter6/chapt6_ws/build/arm3dof_description/CMakeFiles/CMakeOutput.log".
[0.741s] Invoked command in '/media/dubhe/store/learning/ros2_learning_experience/chapter6/chapt6_ws/build/arm3dof_description' returned '1': CMAKE_PREFIX_PATH=/opt/ros/humble /usr/bin/cmake /media/dubhe/store/learning/ros2_learning_experience/chapter6/chapt6_ws/src/arm3dof_description -DCMAKE_INSTALL_PREFIX=/media/dubhe/store/learning/ros2_learning_experience/chapter6/chapt6_ws/install/arm3dof_description
