[0.006s] Invoking command in '/media/dubhe/store/learning/ros2_learning_experience/chapter2/build/demo_cpp_pkg': CMAKE_PREFIX_PATH=/opt/ros/humble /usr/bin/cmake --build /media/dubhe/store/learning/ros2_learning_experience/chapter2/build/demo_cpp_pkg -- -j16 -l16
[0.038s] [100%] Built target cpp_node
[0.044s] Invoked command in '/media/dubhe/store/learning/ros2_learning_experience/chapter2/build/demo_cpp_pkg' returned '0': CMAKE_PREFIX_PATH=/opt/ros/humble /usr/bin/cmake --build /media/dubhe/store/learning/ros2_learning_experience/chapter2/build/demo_cpp_pkg -- -j16 -l16
[0.050s] Invoking command in '/media/dubhe/store/learning/ros2_learning_experience/chapter2/build/demo_cpp_pkg': CMAKE_PREFIX_PATH=/opt/ros/humble /usr/bin/cmake --install /media/dubhe/store/learning/ros2_learning_experience/chapter2/build/demo_cpp_pkg
[0.053s] -- Install configuration: ""
[0.053s] -- Up-to-date: /media/dubhe/store/learning/ros2_learning_experience/chapter2/install/demo_cpp_pkg/lib/demo_cpp_pkg/cpp_node
[0.053s] -- Up-to-date: /media/dubhe/store/learning/ros2_learning_experience/chapter2/install/demo_cpp_pkg/share/ament_index/resource_index/package_run_dependencies/demo_cpp_pkg
[0.054s] -- Up-to-date: /media/dubhe/store/learning/ros2_learning_experience/chapter2/install/demo_cpp_pkg/share/ament_index/resource_index/parent_prefix_path/demo_cpp_pkg
[0.054s] -- Up-to-date: /media/dubhe/store/learning/ros2_learning_experience/chapter2/install/demo_cpp_pkg/share/demo_cpp_pkg/environment/ament_prefix_path.sh
[0.054s] -- Up-to-date: /media/dubhe/store/learning/ros2_learning_experience/chapter2/install/demo_cpp_pkg/share/demo_cpp_pkg/environment/ament_prefix_path.dsv
[0.054s] -- Up-to-date: /media/dubhe/store/learning/ros2_learning_experience/chapter2/install/demo_cpp_pkg/share/demo_cpp_pkg/environment/path.sh
[0.054s] -- Up-to-date: /media/dubhe/store/learning/ros2_learning_experience/chapter2/install/demo_cpp_pkg/share/demo_cpp_pkg/environment/path.dsv
[0.054s] -- Up-to-date: /media/dubhe/store/learning/ros2_learning_experience/chapter2/install/demo_cpp_pkg/share/demo_cpp_pkg/local_setup.bash
[0.054s] -- Up-to-date: /media/dubhe/store/learning/ros2_learning_experience/chapter2/install/demo_cpp_pkg/share/demo_cpp_pkg/local_setup.sh
[0.054s] -- Up-to-date: /media/dubhe/store/learning/ros2_learning_experience/chapter2/install/demo_cpp_pkg/share/demo_cpp_pkg/local_setup.zsh
[0.054s] -- Up-to-date: /media/dubhe/store/learning/ros2_learning_experience/chapter2/install/demo_cpp_pkg/share/demo_cpp_pkg/local_setup.dsv
[0.054s] -- Installing: /media/dubhe/store/learning/ros2_learning_experience/chapter2/install/demo_cpp_pkg/share/demo_cpp_pkg/package.dsv
[0.054s] -- Up-to-date: /media/dubhe/store/learning/ros2_learning_experience/chapter2/install/demo_cpp_pkg/share/ament_index/resource_index/packages/demo_cpp_pkg
[0.054s] -- Up-to-date: /media/dubhe/store/learning/ros2_learning_experience/chapter2/install/demo_cpp_pkg/share/demo_cpp_pkg/cmake/demo_cpp_pkgConfig.cmake
[0.055s] -- Up-to-date: /media/dubhe/store/learning/ros2_learning_experience/chapter2/install/demo_cpp_pkg/share/demo_cpp_pkg/cmake/demo_cpp_pkgConfig-version.cmake
[0.055s] -- Up-to-date: /media/dubhe/store/learning/ros2_learning_experience/chapter2/install/demo_cpp_pkg/share/demo_cpp_pkg/package.xml
[0.055s] Invoked command in '/media/dubhe/store/learning/ros2_learning_experience/chapter2/build/demo_cpp_pkg' returned '0': CMAKE_PREFIX_PATH=/opt/ros/humble /usr/bin/cmake --install /media/dubhe/store/learning/ros2_learning_experience/chapter2/build/demo_cpp_pkg
