[0.008s] Invoking command in '/media/dubhe/store/learning/ros2_learning_experience/chapter6/chapt6_ws/build/fishbot_description': CMAKE_PREFIX_PATH=/opt/ros/humble /usr/bin/cmake --build /media/dubhe/store/learning/ros2_learning_experience/chapter6/chapt6_ws/build/fishbot_description -- -j16 -l16
[0.032s] Invoked command in '/media/dubhe/store/learning/ros2_learning_experience/chapter6/chapt6_ws/build/fishbot_description' returned '0': CMAKE_PREFIX_PATH=/opt/ros/humble /usr/bin/cmake --build /media/dubhe/store/learning/ros2_learning_experience/chapter6/chapt6_ws/build/fishbot_description -- -j16 -l16
[0.038s] Invoking command in '/media/dubhe/store/learning/ros2_learning_experience/chapter6/chapt6_ws/build/fishbot_description': CMAKE_PREFIX_PATH=/opt/ros/humble /usr/bin/cmake --install /media/dubhe/store/learning/ros2_learning_experience/chapter6/chapt6_ws/build/fishbot_description
[0.042s] -- Install configuration: ""
[0.042s] -- Up-to-date: /media/dubhe/store/learning/ros2_learning_experience/chapter6/chapt6_ws/install/fishbot_description/share/fishbot_description/launch
[0.042s] -- Up-to-date: /media/dubhe/store/learning/ros2_learning_experience/chapter6/chapt6_ws/install/fishbot_description/share/fishbot_description/launch/display_robot.launch.py
[0.042s] -- Up-to-date: /media/dubhe/store/learning/ros2_learning_experience/chapter6/chapt6_ws/install/fishbot_description/share/fishbot_description/urdf
[0.042s] -- Up-to-date: /media/dubhe/store/learning/ros2_learning_experience/chapter6/chapt6_ws/install/fishbot_description/share/fishbot_description/urdf/rviz.rviz
[0.042s] -- Up-to-date: /media/dubhe/store/learning/ros2_learning_experience/chapter6/chapt6_ws/install/fishbot_description/share/fishbot_description/urdf/first_robot.urdf
[0.042s] -- Up-to-date: /media/dubhe/store/learning/ros2_learning_experience/chapter6/chapt6_ws/install/fishbot_description/share/fishbot_description/urdf/first_robot.pdf
[0.042s] -- Up-to-date: /media/dubhe/store/learning/ros2_learning_experience/chapter6/chapt6_ws/install/fishbot_description/share/fishbot_description/urdf/first_robot.gv
[0.042s] -- Up-to-date: /media/dubhe/store/learning/ros2_learning_experience/chapter6/chapt6_ws/install/fishbot_description/share/ament_index/resource_index/package_run_dependencies/fishbot_description
[0.042s] -- Up-to-date: /media/dubhe/store/learning/ros2_learning_experience/chapter6/chapt6_ws/install/fishbot_description/share/ament_index/resource_index/parent_prefix_path/fishbot_description
[0.043s] -- Up-to-date: /media/dubhe/store/learning/ros2_learning_experience/chapter6/chapt6_ws/install/fishbot_description/share/fishbot_description/environment/ament_prefix_path.sh
[0.043s] -- Up-to-date: /media/dubhe/store/learning/ros2_learning_experience/chapter6/chapt6_ws/install/fishbot_description/share/fishbot_description/environment/ament_prefix_path.dsv
[0.043s] -- Up-to-date: /media/dubhe/store/learning/ros2_learning_experience/chapter6/chapt6_ws/install/fishbot_description/share/fishbot_description/environment/path.sh
[0.043s] -- Up-to-date: /media/dubhe/store/learning/ros2_learning_experience/chapter6/chapt6_ws/install/fishbot_description/share/fishbot_description/environment/path.dsv
[0.043s] -- Up-to-date: /media/dubhe/store/learning/ros2_learning_experience/chapter6/chapt6_ws/install/fishbot_description/share/fishbot_description/local_setup.bash
[0.043s] -- Up-to-date: /media/dubhe/store/learning/ros2_learning_experience/chapter6/chapt6_ws/install/fishbot_description/share/fishbot_description/local_setup.sh
[0.043s] -- Up-to-date: /media/dubhe/store/learning/ros2_learning_experience/chapter6/chapt6_ws/install/fishbot_description/share/fishbot_description/local_setup.zsh
[0.043s] -- Up-to-date: /media/dubhe/store/learning/ros2_learning_experience/chapter6/chapt6_ws/install/fishbot_description/share/fishbot_description/local_setup.dsv
[0.043s] -- Installing: /media/dubhe/store/learning/ros2_learning_experience/chapter6/chapt6_ws/install/fishbot_description/share/fishbot_description/package.dsv
[0.043s] -- Up-to-date: /media/dubhe/store/learning/ros2_learning_experience/chapter6/chapt6_ws/install/fishbot_description/share/ament_index/resource_index/packages/fishbot_description
[0.043s] -- Up-to-date: /media/dubhe/store/learning/ros2_learning_experience/chapter6/chapt6_ws/install/fishbot_description/share/fishbot_description/cmake/fishbot_descriptionConfig.cmake
[0.043s] -- Up-to-date: /media/dubhe/store/learning/ros2_learning_experience/chapter6/chapt6_ws/install/fishbot_description/share/fishbot_description/cmake/fishbot_descriptionConfig-version.cmake
[0.043s] -- Up-to-date: /media/dubhe/store/learning/ros2_learning_experience/chapter6/chapt6_ws/install/fishbot_description/share/fishbot_description/package.xml
[0.044s] Invoked command in '/media/dubhe/store/learning/ros2_learning_experience/chapter6/chapt6_ws/build/fishbot_description' returned '0': CMAKE_PREFIX_PATH=/opt/ros/humble /usr/bin/cmake --install /media/dubhe/store/learning/ros2_learning_experience/chapter6/chapt6_ws/build/fishbot_description
