[35m[1mConsolidate compiler generated dependencies of target sys_status_display[0m
[ 50%] Built target hello_qt
[ 75%] [32mBuilding CXX object CMakeFiles/sys_status_display.dir/src/sys_status_display.cpp.o[0m
[100%] [32m[1mLinking CXX executable sys_status_display[0m
[100%] Built target sys_status_display
-- Install configuration: ""
-- Installing: /media/dubhe/store/learning/ros2_learning_experience/chapter3/topic_practise_ws/src/install/status_display/lib/status_display/hello_qt
-- Installing: /media/dubhe/store/learning/ros2_learning_experience/chapter3/topic_practise_ws/src/install/status_display/lib/status_display/sys_status_display
-- Set runtime path of "/media/dubhe/store/learning/ros2_learning_experience/chapter3/topic_practise_ws/src/install/status_display/lib/status_display/sys_status_display" to ""
-- Installing: /media/dubhe/store/learning/ros2_learning_experience/chapter3/topic_practise_ws/src/install/status_display/share/ament_index/resource_index/package_run_dependencies/status_display
-- Installing: /media/dubhe/store/learning/ros2_learning_experience/chapter3/topic_practise_ws/src/install/status_display/share/ament_index/resource_index/parent_prefix_path/status_display
-- Installing: /media/dubhe/store/learning/ros2_learning_experience/chapter3/topic_practise_ws/src/install/status_display/share/status_display/environment/ament_prefix_path.sh
-- Installing: /media/dubhe/store/learning/ros2_learning_experience/chapter3/topic_practise_ws/src/install/status_display/share/status_display/environment/ament_prefix_path.dsv
-- Installing: /media/dubhe/store/learning/ros2_learning_experience/chapter3/topic_practise_ws/src/install/status_display/share/status_display/environment/path.sh
-- Installing: /media/dubhe/store/learning/ros2_learning_experience/chapter3/topic_practise_ws/src/install/status_display/share/status_display/environment/path.dsv
-- Installing: /media/dubhe/store/learning/ros2_learning_experience/chapter3/topic_practise_ws/src/install/status_display/share/status_display/local_setup.bash
-- Installing: /media/dubhe/store/learning/ros2_learning_experience/chapter3/topic_practise_ws/src/install/status_display/share/status_display/local_setup.sh
-- Installing: /media/dubhe/store/learning/ros2_learning_experience/chapter3/topic_practise_ws/src/install/status_display/share/status_display/local_setup.zsh
-- Installing: /media/dubhe/store/learning/ros2_learning_experience/chapter3/topic_practise_ws/src/install/status_display/share/status_display/local_setup.dsv
-- Installing: /media/dubhe/store/learning/ros2_learning_experience/chapter3/topic_practise_ws/src/install/status_display/share/status_display/package.dsv
-- Installing: /media/dubhe/store/learning/ros2_learning_experience/chapter3/topic_practise_ws/src/install/status_display/share/ament_index/resource_index/packages/status_display
-- Installing: /media/dubhe/store/learning/ros2_learning_experience/chapter3/topic_practise_ws/src/install/status_display/share/status_display/cmake/status_displayConfig.cmake
-- Installing: /media/dubhe/store/learning/ros2_learning_experience/chapter3/topic_practise_ws/src/install/status_display/share/status_display/cmake/status_displayConfig-version.cmake
-- Installing: /media/dubhe/store/learning/ros2_learning_experience/chapter3/topic_practise_ws/src/install/status_display/share/status_display/package.xml
