[0.008s] Invoking command in '/media/dubhe/store/learning/ros2_learning_experience/chapter3/topic_practise_ws/src/build/status_display': AMENT_PREFIX_PATH=/media/dubhe/store/learning/ros2_learning_experience/chapter3/topic_practise_ws/src/install/status_interfaces:${AMENT_PREFIX_PATH} CMAKE_PREFIX_PATH=/media/dubhe/store/learning/ros2_learning_experience/chapter3/topic_practise_ws/src/install/status_interfaces:/opt/ros/humble LD_LIBRARY_PATH=/media/dubhe/store/learning/ros2_learning_experience/chapter3/topic_practise_ws/src/install/status_interfaces/lib:${LD_LIBRARY_PATH} PYTHONPATH=/media/dubhe/store/learning/ros2_learning_experience/chapter3/topic_practise_ws/src/install/status_interfaces/local/lib/python3.10/dist-packages:${PYTHONPATH} /usr/bin/cmake --build /media/dubhe/store/learning/ros2_learning_experience/chapter3/topic_practise_ws/src/build/status_display -- -j16 -l16
[0.036s] [35m[1mConsolidate compiler generated dependencies of target sys_status_display[0m
[0.043s] [ 50%] Built target hello_qt
[0.047s] [ 75%] [32mBuilding CXX object CMakeFiles/sys_status_display.dir/src/sys_status_display.cpp.o[0m
[6.203s] [100%] [32m[1mLinking CXX executable sys_status_display[0m
[6.881s] [100%] Built target sys_status_display
[6.889s] Invoked command in '/media/dubhe/store/learning/ros2_learning_experience/chapter3/topic_practise_ws/src/build/status_display' returned '0': AMENT_PREFIX_PATH=/media/dubhe/store/learning/ros2_learning_experience/chapter3/topic_practise_ws/src/install/status_interfaces:${AMENT_PREFIX_PATH} CMAKE_PREFIX_PATH=/media/dubhe/store/learning/ros2_learning_experience/chapter3/topic_practise_ws/src/install/status_interfaces:/opt/ros/humble LD_LIBRARY_PATH=/media/dubhe/store/learning/ros2_learning_experience/chapter3/topic_practise_ws/src/install/status_interfaces/lib:${LD_LIBRARY_PATH} PYTHONPATH=/media/dubhe/store/learning/ros2_learning_experience/chapter3/topic_practise_ws/src/install/status_interfaces/local/lib/python3.10/dist-packages:${PYTHONPATH} /usr/bin/cmake --build /media/dubhe/store/learning/ros2_learning_experience/chapter3/topic_practise_ws/src/build/status_display -- -j16 -l16
[6.896s] Invoking command in '/media/dubhe/store/learning/ros2_learning_experience/chapter3/topic_practise_ws/src/build/status_display': AMENT_PREFIX_PATH=/media/dubhe/store/learning/ros2_learning_experience/chapter3/topic_practise_ws/src/install/status_interfaces:${AMENT_PREFIX_PATH} CMAKE_PREFIX_PATH=/media/dubhe/store/learning/ros2_learning_experience/chapter3/topic_practise_ws/src/install/status_interfaces:/opt/ros/humble LD_LIBRARY_PATH=/media/dubhe/store/learning/ros2_learning_experience/chapter3/topic_practise_ws/src/install/status_interfaces/lib:${LD_LIBRARY_PATH} PYTHONPATH=/media/dubhe/store/learning/ros2_learning_experience/chapter3/topic_practise_ws/src/install/status_interfaces/local/lib/python3.10/dist-packages:${PYTHONPATH} /usr/bin/cmake --install /media/dubhe/store/learning/ros2_learning_experience/chapter3/topic_practise_ws/src/build/status_display
[6.900s] -- Install configuration: ""
[6.900s] -- Installing: /media/dubhe/store/learning/ros2_learning_experience/chapter3/topic_practise_ws/src/install/status_display/lib/status_display/hello_qt
[6.900s] -- Installing: /media/dubhe/store/learning/ros2_learning_experience/chapter3/topic_practise_ws/src/install/status_display/lib/status_display/sys_status_display
[6.902s] -- Set runtime path of "/media/dubhe/store/learning/ros2_learning_experience/chapter3/topic_practise_ws/src/install/status_display/lib/status_display/sys_status_display" to ""
[6.902s] -- Installing: /media/dubhe/store/learning/ros2_learning_experience/chapter3/topic_practise_ws/src/install/status_display/share/ament_index/resource_index/package_run_dependencies/status_display
[6.902s] -- Installing: /media/dubhe/store/learning/ros2_learning_experience/chapter3/topic_practise_ws/src/install/status_display/share/ament_index/resource_index/parent_prefix_path/status_display
[6.903s] -- Installing: /media/dubhe/store/learning/ros2_learning_experience/chapter3/topic_practise_ws/src/install/status_display/share/status_display/environment/ament_prefix_path.sh
[6.903s] -- Installing: /media/dubhe/store/learning/ros2_learning_experience/chapter3/topic_practise_ws/src/install/status_display/share/status_display/environment/ament_prefix_path.dsv
[6.903s] -- Installing: /media/dubhe/store/learning/ros2_learning_experience/chapter3/topic_practise_ws/src/install/status_display/share/status_display/environment/path.sh
[6.903s] -- Installing: /media/dubhe/store/learning/ros2_learning_experience/chapter3/topic_practise_ws/src/install/status_display/share/status_display/environment/path.dsv
[6.903s] -- Installing: /media/dubhe/store/learning/ros2_learning_experience/chapter3/topic_practise_ws/src/install/status_display/share/status_display/local_setup.bash
[6.903s] -- Installing: /media/dubhe/store/learning/ros2_learning_experience/chapter3/topic_practise_ws/src/install/status_display/share/status_display/local_setup.sh
[6.903s] -- Installing: /media/dubhe/store/learning/ros2_learning_experience/chapter3/topic_practise_ws/src/install/status_display/share/status_display/local_setup.zsh
[6.903s] -- Installing: /media/dubhe/store/learning/ros2_learning_experience/chapter3/topic_practise_ws/src/install/status_display/share/status_display/local_setup.dsv
[6.903s] -- Installing: /media/dubhe/store/learning/ros2_learning_experience/chapter3/topic_practise_ws/src/install/status_display/share/status_display/package.dsv
[6.903s] -- Installing: /media/dubhe/store/learning/ros2_learning_experience/chapter3/topic_practise_ws/src/install/status_display/share/ament_index/resource_index/packages/status_display
[6.903s] -- Installing: /media/dubhe/store/learning/ros2_learning_experience/chapter3/topic_practise_ws/src/install/status_display/share/status_display/cmake/status_displayConfig.cmake
[6.903s] -- Installing: /media/dubhe/store/learning/ros2_learning_experience/chapter3/topic_practise_ws/src/install/status_display/share/status_display/cmake/status_displayConfig-version.cmake
[6.903s] -- Installing: /media/dubhe/store/learning/ros2_learning_experience/chapter3/topic_practise_ws/src/install/status_display/share/status_display/package.xml
[6.905s] Invoked command in '/media/dubhe/store/learning/ros2_learning_experience/chapter3/topic_practise_ws/src/build/status_display' returned '0': AMENT_PREFIX_PATH=/media/dubhe/store/learning/ros2_learning_experience/chapter3/topic_practise_ws/src/install/status_interfaces:${AMENT_PREFIX_PATH} CMAKE_PREFIX_PATH=/media/dubhe/store/learning/ros2_learning_experience/chapter3/topic_practise_ws/src/install/status_interfaces:/opt/ros/humble LD_LIBRARY_PATH=/media/dubhe/store/learning/ros2_learning_experience/chapter3/topic_practise_ws/src/install/status_interfaces/lib:${LD_LIBRARY_PATH} PYTHONPATH=/media/dubhe/store/learning/ros2_learning_experience/chapter3/topic_practise_ws/src/install/status_interfaces/local/lib/python3.10/dist-packages:${PYTHONPATH} /usr/bin/cmake --install /media/dubhe/store/learning/ros2_learning_experience/chapter3/topic_practise_ws/src/build/status_display
