[0.060s] DEBUG:colcon:Command line arguments: ['/usr/bin/colcon', 'build', '--packages-select', 'status_display']
[0.060s] DEBUG:colcon:Parsed command line arguments: Namespace(log_base=None, log_level=None, verb_name='build', build_base='build', install_base='install', merge_install=False, symlink_install=False, test_result_base=None, continue_on_error=False, executor='parallel', parallel_workers=16, event_handlers=None, ignore_user_meta=False, metas=['./colcon.meta'], base_paths=['.'], packages_ignore=None, packages_ignore_regex=None, paths=None, packages_up_to=None, packages_up_to_regex=None, packages_above=None, packages_above_and_dependencies=None, packages_above_depth=None, packages_select_by_dep=None, packages_skip_by_dep=None, packages_skip_up_to=None, packages_select_build_failed=False, packages_skip_build_finished=False, packages_select_test_failures=False, packages_skip_test_passed=False, packages_select=['status_display'], packages_skip=None, packages_select_regex=None, packages_skip_regex=None, packages_start=None, packages_end=None, allow_overriding=[], cmake_args=None, cmake_target=None, cmake_target_skip_unavailable=False, cmake_clean_cache=False, cmake_clean_first=False, cmake_force_configure=False, ament_cmake_args=None, catkin_cmake_args=None, catkin_skip_building_tests=False, verb_parser=<colcon_defaults.argument_parser.defaults.DefaultArgumentsDecorator object at 0x785a0d4e71c0>, verb_extension=<colcon_core.verb.build.BuildVerb object at 0x785a0d6dc160>, main=<bound method BuildVerb.main of <colcon_core.verb.build.BuildVerb object at 0x785a0d6dc160>>)
[0.150s] Level 1:colcon.colcon_core.package_discovery:discover_packages(colcon_meta) check parameters
[0.150s] Level 1:colcon.colcon_core.package_discovery:discover_packages(recursive) check parameters
[0.150s] Level 1:colcon.colcon_core.package_discovery:discover_packages(ignore) check parameters
[0.150s] Level 1:colcon.colcon_core.package_discovery:discover_packages(path) check parameters
[0.150s] Level 1:colcon.colcon_core.package_discovery:discover_packages(colcon_meta) discover
[0.150s] Level 1:colcon.colcon_core.package_discovery:discover_packages(recursive) discover
[0.151s] INFO:colcon.colcon_core.package_discovery:Crawling recursively for packages in '/media/dubhe/store/learning/ros2_learning_experience/chapter3/topic_practise_ws/src'
[0.151s] Level 1:colcon.colcon_core.package_identification:_identify(.) by extensions ['ignore', 'ignore_ament_install']
[0.151s] Level 1:colcon.colcon_core.package_identification:_identify(.) by extension 'ignore'
[0.151s] Level 1:colcon.colcon_core.package_identification:_identify(.) by extension 'ignore_ament_install'
[0.151s] Level 1:colcon.colcon_core.package_identification:_identify(.) by extensions ['colcon_pkg']
[0.151s] Level 1:colcon.colcon_core.package_identification:_identify(.) by extension 'colcon_pkg'
[0.151s] Level 1:colcon.colcon_core.package_identification:_identify(.) by extensions ['colcon_meta']
[0.151s] Level 1:colcon.colcon_core.package_identification:_identify(.) by extension 'colcon_meta'
[0.151s] Level 1:colcon.colcon_core.package_identification:_identify(.) by extensions ['ros']
[0.151s] Level 1:colcon.colcon_core.package_identification:_identify(.) by extension 'ros'
[0.158s] Level 1:colcon.colcon_core.package_identification:_identify(.) by extensions ['cmake', 'python']
[0.158s] Level 1:colcon.colcon_core.package_identification:_identify(.) by extension 'cmake'
[0.158s] Level 1:colcon.colcon_core.package_identification:_identify(.) by extension 'python'
[0.158s] Level 1:colcon.colcon_core.package_identification:_identify(.) by extensions ['python_setup_py']
[0.158s] Level 1:colcon.colcon_core.package_identification:_identify(.) by extension 'python_setup_py'
[0.158s] Level 1:colcon.colcon_core.package_identification:_identify(build) by extensions ['ignore', 'ignore_ament_install']
[0.158s] Level 1:colcon.colcon_core.package_identification:_identify(build) by extension 'ignore'
[0.158s] Level 1:colcon.colcon_core.package_identification:_identify(build) ignored
[0.158s] Level 1:colcon.colcon_core.package_identification:_identify(install) by extensions ['ignore', 'ignore_ament_install']
[0.158s] Level 1:colcon.colcon_core.package_identification:_identify(install) by extension 'ignore'
[0.158s] Level 1:colcon.colcon_core.package_identification:_identify(install) ignored
[0.158s] Level 1:colcon.colcon_core.package_identification:_identify(log) by extensions ['ignore', 'ignore_ament_install']
[0.158s] Level 1:colcon.colcon_core.package_identification:_identify(log) by extension 'ignore'
[0.158s] Level 1:colcon.colcon_core.package_identification:_identify(log) ignored
[0.158s] Level 1:colcon.colcon_core.package_identification:_identify(status_display) by extensions ['ignore', 'ignore_ament_install']
[0.158s] Level 1:colcon.colcon_core.package_identification:_identify(status_display) by extension 'ignore'
[0.158s] Level 1:colcon.colcon_core.package_identification:_identify(status_display) by extension 'ignore_ament_install'
[0.158s] Level 1:colcon.colcon_core.package_identification:_identify(status_display) by extensions ['colcon_pkg']
[0.158s] Level 1:colcon.colcon_core.package_identification:_identify(status_display) by extension 'colcon_pkg'
[0.158s] Level 1:colcon.colcon_core.package_identification:_identify(status_display) by extensions ['colcon_meta']
[0.158s] Level 1:colcon.colcon_core.package_identification:_identify(status_display) by extension 'colcon_meta'
[0.158s] Level 1:colcon.colcon_core.package_identification:_identify(status_display) by extensions ['ros']
[0.158s] Level 1:colcon.colcon_core.package_identification:_identify(status_display) by extension 'ros'
[0.160s] DEBUG:colcon.colcon_core.package_identification:Package 'status_display' with type 'ros.ament_cmake' and name 'status_display'
[0.160s] Level 1:colcon.colcon_core.package_identification:_identify(status_interfaces) by extensions ['ignore', 'ignore_ament_install']
[0.160s] Level 1:colcon.colcon_core.package_identification:_identify(status_interfaces) by extension 'ignore'
[0.160s] Level 1:colcon.colcon_core.package_identification:_identify(status_interfaces) by extension 'ignore_ament_install'
[0.160s] Level 1:colcon.colcon_core.package_identification:_identify(status_interfaces) by extensions ['colcon_pkg']
[0.160s] Level 1:colcon.colcon_core.package_identification:_identify(status_interfaces) by extension 'colcon_pkg'
[0.160s] Level 1:colcon.colcon_core.package_identification:_identify(status_interfaces) by extensions ['colcon_meta']
[0.160s] Level 1:colcon.colcon_core.package_identification:_identify(status_interfaces) by extension 'colcon_meta'
[0.160s] Level 1:colcon.colcon_core.package_identification:_identify(status_interfaces) by extensions ['ros']
[0.160s] Level 1:colcon.colcon_core.package_identification:_identify(status_interfaces) by extension 'ros'
[0.161s] DEBUG:colcon.colcon_core.package_identification:Package 'status_interfaces' with type 'ros.ament_cmake' and name 'status_interfaces'
[0.161s] Level 1:colcon.colcon_core.package_identification:_identify(status_publisher) by extensions ['ignore', 'ignore_ament_install']
[0.161s] Level 1:colcon.colcon_core.package_identification:_identify(status_publisher) by extension 'ignore'
[0.161s] Level 1:colcon.colcon_core.package_identification:_identify(status_publisher) by extension 'ignore_ament_install'
[0.161s] Level 1:colcon.colcon_core.package_identification:_identify(status_publisher) by extensions ['colcon_pkg']
[0.161s] Level 1:colcon.colcon_core.package_identification:_identify(status_publisher) by extension 'colcon_pkg'
[0.161s] Level 1:colcon.colcon_core.package_identification:_identify(status_publisher) by extensions ['colcon_meta']
[0.161s] Level 1:colcon.colcon_core.package_identification:_identify(status_publisher) by extension 'colcon_meta'
[0.161s] Level 1:colcon.colcon_core.package_identification:_identify(status_publisher) by extensions ['ros']
[0.161s] Level 1:colcon.colcon_core.package_identification:_identify(status_publisher) by extension 'ros'
[0.161s] DEBUG:colcon.colcon_core.package_identification:Package 'status_publisher' with type 'ros.ament_python' and name 'status_publisher'
[0.161s] Level 1:colcon.colcon_core.package_discovery:discover_packages(recursive) using defaults
[0.161s] Level 1:colcon.colcon_core.package_discovery:discover_packages(ignore) discover
[0.161s] Level 1:colcon.colcon_core.package_discovery:discover_packages(ignore) using defaults
[0.161s] Level 1:colcon.colcon_core.package_discovery:discover_packages(path) discover
[0.161s] Level 1:colcon.colcon_core.package_discovery:discover_packages(path) using defaults
[0.173s] INFO:colcon.colcon_core.package_selection:Skipping not selected package 'status_interfaces' in 'status_interfaces'
[0.173s] INFO:colcon.colcon_core.package_selection:Skipping not selected package 'status_publisher' in 'status_publisher'
[0.173s] Level 1:colcon.colcon_core.package_discovery:discover_packages(prefix_path) check parameters
[0.173s] Level 1:colcon.colcon_core.package_discovery:discover_packages(prefix_path) discover
[0.175s] DEBUG:colcon.colcon_installed_package_information.package_discovery:Found 271 installed packages in /opt/ros/humble
[0.181s] Level 1:colcon.colcon_core.package_discovery:discover_packages(prefix_path) using defaults
[0.202s] Level 5:colcon.colcon_core.verb:set package 'status_display' build argument 'cmake_args' from command line to 'None'
[0.202s] Level 5:colcon.colcon_core.verb:set package 'status_display' build argument 'cmake_target' from command line to 'None'
[0.202s] Level 5:colcon.colcon_core.verb:set package 'status_display' build argument 'cmake_target_skip_unavailable' from command line to 'False'
[0.202s] Level 5:colcon.colcon_core.verb:set package 'status_display' build argument 'cmake_clean_cache' from command line to 'False'
[0.202s] Level 5:colcon.colcon_core.verb:set package 'status_display' build argument 'cmake_clean_first' from command line to 'False'
[0.202s] Level 5:colcon.colcon_core.verb:set package 'status_display' build argument 'cmake_force_configure' from command line to 'False'
[0.202s] Level 5:colcon.colcon_core.verb:set package 'status_display' build argument 'ament_cmake_args' from command line to 'None'
[0.202s] Level 5:colcon.colcon_core.verb:set package 'status_display' build argument 'catkin_cmake_args' from command line to 'None'
[0.202s] Level 5:colcon.colcon_core.verb:set package 'status_display' build argument 'catkin_skip_building_tests' from command line to 'False'
[0.202s] DEBUG:colcon.colcon_core.verb:Building package 'status_display' with the following arguments: {'ament_cmake_args': None, 'build_base': '/media/dubhe/store/learning/ros2_learning_experience/chapter3/topic_practise_ws/src/build/status_display', 'catkin_cmake_args': None, 'catkin_skip_building_tests': False, 'cmake_args': None, 'cmake_clean_cache': False, 'cmake_clean_first': False, 'cmake_force_configure': False, 'cmake_target': None, 'cmake_target_skip_unavailable': False, 'install_base': '/media/dubhe/store/learning/ros2_learning_experience/chapter3/topic_practise_ws/src/install/status_display', 'merge_install': False, 'path': '/media/dubhe/store/learning/ros2_learning_experience/chapter3/topic_practise_ws/src/status_display', 'symlink_install': False, 'test_result_base': None}
[0.202s] INFO:colcon.colcon_core.executor:Executing jobs using 'parallel' executor
[0.202s] DEBUG:colcon.colcon_parallel_executor.executor.parallel:run_until_complete
[0.203s] INFO:colcon.colcon_ros.task.ament_cmake.build:Building ROS package in '/media/dubhe/store/learning/ros2_learning_experience/chapter3/topic_practise_ws/src/status_display' with build type 'ament_cmake'
[0.203s] INFO:colcon.colcon_cmake.task.cmake.build:Building CMake package in '/media/dubhe/store/learning/ros2_learning_experience/chapter3/topic_practise_ws/src/status_display'
[0.204s] INFO:colcon.colcon_core.plugin_system:Skipping extension 'colcon_core.shell.bat': Not used on non-Windows systems
[0.204s] INFO:colcon.colcon_core.shell:Skip shell extension 'powershell' for command environment: Not usable outside of PowerShell
[0.204s] DEBUG:colcon.colcon_core.shell:Skip shell extension 'dsv' for command environment
[0.210s] DEBUG:colcon.colcon_core.event_handler.log_command:Invoking command in '/media/dubhe/store/learning/ros2_learning_experience/chapter3/topic_practise_ws/src/build/status_display': AMENT_PREFIX_PATH=/media/dubhe/store/learning/ros2_learning_experience/chapter3/topic_practise_ws/src/install/status_interfaces:${AMENT_PREFIX_PATH} CMAKE_PREFIX_PATH=/media/dubhe/store/learning/ros2_learning_experience/chapter3/topic_practise_ws/src/install/status_interfaces:/opt/ros/humble LD_LIBRARY_PATH=/media/dubhe/store/learning/ros2_learning_experience/chapter3/topic_practise_ws/src/install/status_interfaces/lib:${LD_LIBRARY_PATH} PYTHONPATH=/media/dubhe/store/learning/ros2_learning_experience/chapter3/topic_practise_ws/src/install/status_interfaces/local/lib/python3.10/dist-packages:${PYTHONPATH} /usr/bin/cmake /media/dubhe/store/learning/ros2_learning_experience/chapter3/topic_practise_ws/src/status_display -DCMAKE_INSTALL_PREFIX=/media/dubhe/store/learning/ros2_learning_experience/chapter3/topic_practise_ws/src/install/status_display
[0.922s] DEBUG:colcon.colcon_core.event_handler.log_command:Invoked command in '/media/dubhe/store/learning/ros2_learning_experience/chapter3/topic_practise_ws/src/build/status_display' returned '1': AMENT_PREFIX_PATH=/media/dubhe/store/learning/ros2_learning_experience/chapter3/topic_practise_ws/src/install/status_interfaces:${AMENT_PREFIX_PATH} CMAKE_PREFIX_PATH=/media/dubhe/store/learning/ros2_learning_experience/chapter3/topic_practise_ws/src/install/status_interfaces:/opt/ros/humble LD_LIBRARY_PATH=/media/dubhe/store/learning/ros2_learning_experience/chapter3/topic_practise_ws/src/install/status_interfaces/lib:${LD_LIBRARY_PATH} PYTHONPATH=/media/dubhe/store/learning/ros2_learning_experience/chapter3/topic_practise_ws/src/install/status_interfaces/local/lib/python3.10/dist-packages:${PYTHONPATH} /usr/bin/cmake /media/dubhe/store/learning/ros2_learning_experience/chapter3/topic_practise_ws/src/status_display -DCMAKE_INSTALL_PREFIX=/media/dubhe/store/learning/ros2_learning_experience/chapter3/topic_practise_ws/src/install/status_display
[0.930s] Level 1:colcon.colcon_core.environment:create_environment_scripts_only(status_display)
[0.932s] Level 1:colcon.colcon_core.environment:checking '/media/dubhe/store/learning/ros2_learning_experience/chapter3/topic_practise_ws/src/install/status_display' for CMake module files
[0.932s] Level 1:colcon.colcon_core.environment:checking '/media/dubhe/store/learning/ros2_learning_experience/chapter3/topic_practise_ws/src/install/status_display' for CMake config files
[0.932s] Level 1:colcon.colcon_core.environment:checking '/media/dubhe/store/learning/ros2_learning_experience/chapter3/topic_practise_ws/src/install/status_display/bin'
[0.932s] Level 1:colcon.colcon_core.environment:checking '/media/dubhe/store/learning/ros2_learning_experience/chapter3/topic_practise_ws/src/install/status_display/lib/pkgconfig/status_display.pc'
[0.933s] Level 1:colcon.colcon_core.environment:checking '/media/dubhe/store/learning/ros2_learning_experience/chapter3/topic_practise_ws/src/install/status_display/lib/python3.10/site-packages'
[0.933s] Level 1:colcon.colcon_core.environment:checking '/media/dubhe/store/learning/ros2_learning_experience/chapter3/topic_practise_ws/src/install/status_display/bin'
[0.933s] INFO:colcon.colcon_core.shell:Creating package script '/media/dubhe/store/learning/ros2_learning_experience/chapter3/topic_practise_ws/src/install/status_display/share/status_display/package.ps1'
[0.934s] INFO:colcon.colcon_core.shell:Creating package descriptor '/media/dubhe/store/learning/ros2_learning_experience/chapter3/topic_practise_ws/src/install/status_display/share/status_display/package.dsv'
[0.934s] INFO:colcon.colcon_core.shell:Creating package script '/media/dubhe/store/learning/ros2_learning_experience/chapter3/topic_practise_ws/src/install/status_display/share/status_display/package.sh'
[0.934s] INFO:colcon.colcon_core.shell:Creating package script '/media/dubhe/store/learning/ros2_learning_experience/chapter3/topic_practise_ws/src/install/status_display/share/status_display/package.bash'
[0.935s] INFO:colcon.colcon_core.shell:Creating package script '/media/dubhe/store/learning/ros2_learning_experience/chapter3/topic_practise_ws/src/install/status_display/share/status_display/package.zsh'
[0.935s] Level 1:colcon.colcon_core.environment:create_file_with_runtime_dependencies(/media/dubhe/store/learning/ros2_learning_experience/chapter3/topic_practise_ws/src/install/status_display/share/colcon-core/packages/status_display)
[0.946s] DEBUG:colcon.colcon_parallel_executor.executor.parallel:closing loop
[0.946s] DEBUG:colcon.colcon_parallel_executor.executor.parallel:loop closed
[0.946s] DEBUG:colcon.colcon_parallel_executor.executor.parallel:run_until_complete finished with '1'
[0.946s] DEBUG:colcon.colcon_core.event_reactor:joining thread
[0.949s] INFO:colcon.colcon_core.plugin_system:Skipping extension 'colcon_notification.desktop_notification.terminal_notifier': Not used on non-Darwin systems
[0.950s] INFO:colcon.colcon_core.plugin_system:Skipping extension 'colcon_notification.desktop_notification.win32': Not used on non-Windows systems
[0.950s] INFO:colcon.colcon_notification.desktop_notification:Sending desktop notification using 'notify2'
[0.960s] DEBUG:colcon.colcon_core.event_reactor:joined thread
[0.961s] INFO:colcon.colcon_core.shell:Creating prefix script '/media/dubhe/store/learning/ros2_learning_experience/chapter3/topic_practise_ws/src/install/local_setup.ps1'
[0.961s] INFO:colcon.colcon_core.shell:Creating prefix util module '/media/dubhe/store/learning/ros2_learning_experience/chapter3/topic_practise_ws/src/install/_local_setup_util_ps1.py'
[0.963s] INFO:colcon.colcon_core.shell:Creating prefix chain script '/media/dubhe/store/learning/ros2_learning_experience/chapter3/topic_practise_ws/src/install/setup.ps1'
[0.964s] INFO:colcon.colcon_core.shell:Creating prefix script '/media/dubhe/store/learning/ros2_learning_experience/chapter3/topic_practise_ws/src/install/local_setup.sh'
[0.964s] INFO:colcon.colcon_core.shell:Creating prefix util module '/media/dubhe/store/learning/ros2_learning_experience/chapter3/topic_practise_ws/src/install/_local_setup_util_sh.py'
[0.965s] INFO:colcon.colcon_core.shell:Creating prefix chain script '/media/dubhe/store/learning/ros2_learning_experience/chapter3/topic_practise_ws/src/install/setup.sh'
[0.966s] INFO:colcon.colcon_core.shell:Creating prefix script '/media/dubhe/store/learning/ros2_learning_experience/chapter3/topic_practise_ws/src/install/local_setup.bash'
[0.966s] INFO:colcon.colcon_core.shell:Creating prefix chain script '/media/dubhe/store/learning/ros2_learning_experience/chapter3/topic_practise_ws/src/install/setup.bash'
[0.967s] INFO:colcon.colcon_core.shell:Creating prefix script '/media/dubhe/store/learning/ros2_learning_experience/chapter3/topic_practise_ws/src/install/local_setup.zsh'
[0.968s] INFO:colcon.colcon_core.shell:Creating prefix chain script '/media/dubhe/store/learning/ros2_learning_experience/chapter3/topic_practise_ws/src/install/setup.zsh'
